Using pre-set license
Built from '2020.3/release' branch; Version is '2020.3.2f1 (8fd9074bf66c) revision 9427207'; Using compiler version '192528614'; Build Type 'Release'
OS: 'Windows 10 Pro; OS build 19042.867; Version 2009; 64bit' Language: 'en' Physical Memory: 8047 MB
BatchMode: 1, IsHumanControllingUs: 0, StartBugReporterOnCrash: 0, Is64bit: 1, IsPro: 0

 COMMAND LINE ARGUMENTS:
C:\Program Files\Unity\Hub\Editor\2020.3.2f1\Editor\Unity.exe
-adb2
-batchMode
-noUpm
-name
AssetImportWorker1
-projectPath
E:/Projects/Player2Dmovement
-logFile
Logs/AssetImportWorker1.log
-srvPort
58018
Successfully changed project path to: E:/Projects/Player2Dmovement
E:/Projects/Player2Dmovement
Using Asset Import Pipeline V2.
Refreshing native plugins compatible for Editor in 44.15 ms, found 1 plugins.
Preloading 0 native plugins for Editor in 0.00 ms.
Initialize engine version: 2020.3.2f1 (8fd9074bf66c)
[Subsystems] Discovering subsystems at path C:/Program Files/Unity/Hub/Editor/2020.3.2f1/Editor/Data/Resources/UnitySubsystems
[Subsystems] Discovering subsystems at path E:/Projects/Player2Dmovement/Assets
GfxDevice: creating device client; threaded=0
Direct3D:
    Version:  Direct3D 11.0 [level 11.1]
    Renderer: NVIDIA GeForce GTX 1050 (ID=0x1c8d)
    Vendor:   
    VRAM:     1979 MB
    Driver:   27.21.14.6140
Initialize mono
Mono path[0] = 'C:/Program Files/Unity/Hub/Editor/2020.3.2f1/Editor/Data/Managed'
Mono path[1] = 'C:/Program Files/Unity/Hub/Editor/2020.3.2f1/Editor/Data/MonoBleedingEdge/lib/mono/unityjit'
Mono config path = 'C:/Program Files/Unity/Hub/Editor/2020.3.2f1/Editor/Data/MonoBleedingEdge/etc'
Using monoOptions --debugger-agent=transport=dt_socket,embedding=1,server=y,suspend=n,address=127.0.0.1:56416
Begin MonoManager ReloadAssembly
Registering precompiled unity dll's ...
Register platform support module: C:/Program Files/Unity/Hub/Editor/2020.3.2f1/Editor/Data/PlaybackEngines/WindowsStandaloneSupport/UnityEditor.WindowsStandalone.Extensions.dll
Registered in 0.001536 seconds.
Native extension for WindowsStandalone target not found
Refreshing native plugins compatible for Editor in 32.63 ms, found 1 plugins.
Preloading 0 native plugins for Editor in 0.00 ms.
Invoked RoslynAnalysisRunner static constructor.
RoslynAnalysisRunner will not be running.
RoslynAnalysisRunner has terminated.
Mono: successfully reloaded assembly
- Completed reload, in  1.324 seconds
Platform modules already initialized, skipping
Registering precompiled user dll's ...
Registered in 0.000849 seconds.
Begin MonoManager ReloadAssembly
Native extension for WindowsStandalone target not found
Refreshing native plugins compatible for Editor in 35.72 ms, found 1 plugins.
Preloading 0 native plugins for Editor in 0.00 ms.
Invoked RoslynAnalysisRunner static constructor.
RoslynAnalysisRunner will not be running.
RoslynAnalysisRunner has terminated.
Mono: successfully reloaded assembly
- Completed reload, in  0.884 seconds
Platform modules already initialized, skipping
========================================================================
Worker process is ready to serve import requests
Launched and connected shader compiler UnityShaderCompiler.exe after 0.05 seconds
Refreshing native plugins compatible for Editor in 0.36 ms, found 1 plugins.
Preloading 0 native plugins for Editor in 0.00 ms.
Unloading 1813 Unused Serialized files (Serialized files now loaded: 0)
System memory in use before: 85.1 MB.
System memory in use after: 85.0 MB.

Unloading 24 unused Assets to reduce memory usage. Loaded Objects now: 2256.
Total: 2.431200 ms (FindLiveObjects: 0.238900 ms CreateObjectMapping: 0.105500 ms MarkObjects: 1.945200 ms  DeleteObjects: 0.140900 ms)

========================================================================
Received Import Request.
  path: Assets/ToonExplosion v1.0
  artifactKey: Guid(53a992196c308bb4294a0ef986e36c9c) Importer(815301076,1909f56bfc062723c751e8b465ee728b)
Start importing Assets/ToonExplosion v1.0 using Guid(53a992196c308bb4294a0ef986e36c9c) Importer(815301076,1909f56bfc062723c751e8b465ee728b)  -> (artifact id: '2a86c8686171dd5bb131d22fdaca03eb') in 0.011436 seconds
  Import took 0.014897 seconds .

========================================================================
Received Prepare
Registering precompiled user dll's ...
Registered in 0.001016 seconds.
Begin MonoManager ReloadAssembly
Native extension for WindowsStandalone target not found
Refreshing native plugins compatible for Editor in 0.36 ms, found 1 plugins.
Preloading 0 native plugins for Editor in 0.00 ms.
Invoked RoslynAnalysisRunner static constructor.
RoslynAnalysisRunner will not be running.
RoslynAnalysisRunner has terminated.
Mono: successfully reloaded assembly
- Completed reload, in  0.870 seconds
Platform modules already initialized, skipping
Refreshing native plugins compatible for Editor in 0.43 ms, found 1 plugins.
Preloading 0 native plugins for Editor in 0.00 ms.
Unloading 1808 Unused Serialized files (Serialized files now loaded: 0)
System memory in use before: 85.0 MB.
System memory in use after: 85.0 MB.

Unloading 12 unused Assets to reduce memory usage. Loaded Objects now: 2260.
Total: 2.174000 ms (FindLiveObjects: 0.388200 ms CreateObjectMapping: 0.068400 ms MarkObjects: 1.622000 ms  DeleteObjects: 0.094600 ms)

========================================================================
Received Import Request.
  Time since last request: 62.436837 seconds.
  path: Assets/Prefabs/Explosion.prefab
  artifactKey: Guid(0f36321d1d6ec534b80ca997b158deb2) Importer(815301076,1909f56bfc062723c751e8b465ee728b)
Start importing Assets/Prefabs/Explosion.prefab using Guid(0f36321d1d6ec534b80ca997b158deb2) Importer(815301076,1909f56bfc062723c751e8b465ee728b)  -> (artifact id: '241fad2fda6c9f3432d86bed02286fec') in 0.161143 seconds
  Import took 0.165807 seconds .

========================================================================
Received Import Request.
  Time since last request: 0.000335 seconds.
  path: Assets/ToonExplosion v1.0/Prefabs/Explosion.prefab
  artifactKey: Guid(b185c1a9cf067374586d095111b15bd1) Importer(815301076,1909f56bfc062723c751e8b465ee728b)
Start importing Assets/ToonExplosion v1.0/Prefabs/Explosion.prefab using Guid(b185c1a9cf067374586d095111b15bd1) Importer(815301076,1909f56bfc062723c751e8b465ee728b)  -> (artifact id: '1fee0f08635bdb4de63e3c2729a221da') in 0.035835 seconds
  Import took 0.047651 seconds .

========================================================================
Received Import Request.
  Time since last request: 0.587462 seconds.
  path: Assets/ToonExplosion v1.0/Prefabs
  artifactKey: Guid(77831dc0ee8b73e4ba5fe0a3eab7de16) Importer(815301076,1909f56bfc062723c751e8b465ee728b)
Start importing Assets/ToonExplosion v1.0/Prefabs using Guid(77831dc0ee8b73e4ba5fe0a3eab7de16) Importer(815301076,1909f56bfc062723c751e8b465ee728b)  -> (artifact id: 'aa9c7fb75bd6a0a03dec62e08892d695') in 0.008781 seconds
  Import took 0.013251 seconds .

========================================================================
Received Prepare
Registering precompiled user dll's ...
Registered in 0.001178 seconds.
Begin MonoManager ReloadAssembly
Native extension for WindowsStandalone target not found
Refreshing native plugins compatible for Editor in 0.37 ms, found 1 plugins.
Preloading 0 native plugins for Editor in 0.00 ms.
Invoked RoslynAnalysisRunner static constructor.
RoslynAnalysisRunner will not be running.
RoslynAnalysisRunner has terminated.
Mono: successfully reloaded assembly
- Completed reload, in  0.958 seconds
Platform modules already initialized, skipping
Refreshing native plugins compatible for Editor in 0.42 ms, found 1 plugins.
Preloading 0 native plugins for Editor in 0.00 ms.
Unloading 1808 Unused Serialized files (Serialized files now loaded: 0)
System memory in use before: 88.2 MB.
System memory in use after: 88.2 MB.

Unloading 12 unused Assets to reduce memory usage. Loaded Objects now: 2271.
Total: 2.380800 ms (FindLiveObjects: 0.210900 ms CreateObjectMapping: 0.073100 ms MarkObjects: 1.987200 ms  DeleteObjects: 0.108400 ms)

========================================================================
Received Prepare
Registering precompiled user dll's ...
Registered in 0.000971 seconds.
Begin MonoManager ReloadAssembly
Native extension for WindowsStandalone target not found
Refreshing native plugins compatible for Editor in 0.44 ms, found 1 plugins.
Preloading 0 native plugins for Editor in 0.00 ms.
Invoked RoslynAnalysisRunner static constructor.
RoslynAnalysisRunner will not be running.
RoslynAnalysisRunner has terminated.
Mono: successfully reloaded assembly
- Completed reload, in  1.086 seconds
Platform modules already initialized, skipping
Refreshing native plugins compatible for Editor in 0.38 ms, found 1 plugins.
Preloading 0 native plugins for Editor in 0.00 ms.
Unloading 1808 Unused Serialized files (Serialized files now loaded: 0)
System memory in use before: 88.2 MB.
System memory in use after: 88.2 MB.

Unloading 12 unused Assets to reduce memory usage. Loaded Objects now: 2275.
Total: 2.491500 ms (FindLiveObjects: 0.312900 ms CreateObjectMapping: 0.122100 ms MarkObjects: 1.888900 ms  DeleteObjects: 0.166500 ms)

========================================================================
Received Prepare
Registering precompiled user dll's ...
Registered in 0.001013 seconds.
Begin MonoManager ReloadAssembly
Native extension for WindowsStandalone target not found
Refreshing native plugins compatible for Editor in 0.34 ms, found 1 plugins.
Preloading 0 native plugins for Editor in 0.00 ms.
Invoked RoslynAnalysisRunner static constructor.
RoslynAnalysisRunner will not be running.
RoslynAnalysisRunner has terminated.
Mono: successfully reloaded assembly
- Completed reload, in  0.856 seconds
Platform modules already initialized, skipping
Refreshing native plugins compatible for Editor in 0.36 ms, found 1 plugins.
Preloading 0 native plugins for Editor in 0.00 ms.
Unloading 1808 Unused Serialized files (Serialized files now loaded: 0)
System memory in use before: 88.2 MB.
System memory in use after: 88.2 MB.

Unloading 12 unused Assets to reduce memory usage. Loaded Objects now: 2279.
Total: 2.177000 ms (FindLiveObjects: 0.318500 ms CreateObjectMapping: 0.126800 ms MarkObjects: 1.631400 ms  DeleteObjects: 0.099200 ms)

========================================================================
Received Prepare
Registering precompiled user dll's ...
Registered in 0.000960 seconds.
Begin MonoManager ReloadAssembly
Native extension for WindowsStandalone target not found
Refreshing native plugins compatible for Editor in 0.36 ms, found 1 plugins.
Preloading 0 native plugins for Editor in 0.00 ms.
Invoked RoslynAnalysisRunner static constructor.
RoslynAnalysisRunner will not be running.
RoslynAnalysisRunner has terminated.
Mono: successfully reloaded assembly
- Completed reload, in  0.870 seconds
Platform modules already initialized, skipping
Refreshing native plugins compatible for Editor in 0.37 ms, found 1 plugins.
Preloading 0 native plugins for Editor in 0.00 ms.
Unloading 1808 Unused Serialized files (Serialized files now loaded: 0)
System memory in use before: 88.3 MB.
System memory in use after: 88.2 MB.

Unloading 12 unused Assets to reduce memory usage. Loaded Objects now: 2283.
Total: 2.084200 ms (FindLiveObjects: 0.318600 ms CreateObjectMapping: 0.075000 ms MarkObjects: 1.554800 ms  DeleteObjects: 0.134900 ms)

========================================================================
Received Prepare
Registering precompiled user dll's ...
Registered in 0.001075 seconds.
Begin MonoManager ReloadAssembly
Native extension for WindowsStandalone target not found
Refreshing native plugins compatible for Editor in 0.36 ms, found 1 plugins.
Preloading 0 native plugins for Editor in 0.00 ms.
Invoked RoslynAnalysisRunner static constructor.
RoslynAnalysisRunner will not be running.
RoslynAnalysisRunner has terminated.
Mono: successfully reloaded assembly
- Completed reload, in  0.896 seconds
Platform modules already initialized, skipping
Refreshing native plugins compatible for Editor in 0.34 ms, found 1 plugins.
Preloading 0 native plugins for Editor in 0.00 ms.
Unloading 1808 Unused Serialized files (Serialized files now loaded: 0)
System memory in use before: 88.3 MB.
System memory in use after: 88.2 MB.

Unloading 12 unused Assets to reduce memory usage. Loaded Objects now: 2287.
Total: 2.393800 ms (FindLiveObjects: 0.312600 ms CreateObjectMapping: 0.142600 ms MarkObjects: 1.834700 ms  DeleteObjects: 0.102800 ms)

========================================================================
Received Prepare
Registering precompiled user dll's ...
Registered in 0.001294 seconds.
Begin MonoManager ReloadAssembly
Native extension for WindowsStandalone target not found
Refreshing native plugins compatible for Editor in 0.38 ms, found 1 plugins.
Preloading 0 native plugins for Editor in 0.00 ms.
Invoked RoslynAnalysisRunner static constructor.
RoslynAnalysisRunner will not be running.
RoslynAnalysisRunner has terminated.
Mono: successfully reloaded assembly
- Completed reload, in  0.936 seconds
Platform modules already initialized, skipping
Refreshing native plugins compatible for Editor in 0.39 ms, found 1 plugins.
Preloading 0 native plugins for Editor in 0.00 ms.
Unloading 1808 Unused Serialized files (Serialized files now loaded: 0)
System memory in use before: 88.3 MB.
System memory in use after: 88.2 MB.

Unloading 12 unused Assets to reduce memory usage. Loaded Objects now: 2291.
Total: 2.436100 ms (FindLiveObjects: 0.253200 ms CreateObjectMapping: 0.121500 ms MarkObjects: 1.922500 ms  DeleteObjects: 0.137900 ms)

========================================================================
Received Prepare
Registering precompiled user dll's ...
Registered in 0.000857 seconds.
Begin MonoManager ReloadAssembly
Native extension for WindowsStandalone target not found
Refreshing native plugins compatible for Editor in 0.33 ms, found 1 plugins.
Preloading 0 native plugins for Editor in 0.00 ms.
Invoked RoslynAnalysisRunner static constructor.
RoslynAnalysisRunner will not be running.
RoslynAnalysisRunner has terminated.
Mono: successfully reloaded assembly
- Completed reload, in  0.816 seconds
Platform modules already initialized, skipping
Refreshing native plugins compatible for Editor in 0.36 ms, found 1 plugins.
Preloading 0 native plugins for Editor in 0.00 ms.
Unloading 1808 Unused Serialized files (Serialized files now loaded: 0)
System memory in use before: 88.3 MB.
System memory in use after: 88.3 MB.

Unloading 12 unused Assets to reduce memory usage. Loaded Objects now: 2295.
Total: 1.927900 ms (FindLiveObjects: 0.202700 ms CreateObjectMapping: 0.079100 ms MarkObjects: 1.544700 ms  DeleteObjects: 0.100200 ms)

========================================================================
Received Import Request.
  Time since last request: 374.376096 seconds.
  path: Assets/ToonExplosion v1.0/Animations
  artifactKey: Guid(07c5fcbc7d37e354796d059af5f3c5f3) Importer(815301076,1909f56bfc062723c751e8b465ee728b)
Start importing Assets/ToonExplosion v1.0/Animations using Guid(07c5fcbc7d37e354796d059af5f3c5f3) Importer(815301076,1909f56bfc062723c751e8b465ee728b)  -> (artifact id: 'eb1ee9827531cca6e15c957e84a2d0e0') in 0.016300 seconds
  Import took 0.019479 seconds .

========================================================================
Received Prepare
Registering precompiled user dll's ...
Registered in 0.001401 seconds.
Begin MonoManager ReloadAssembly
Native extension for WindowsStandalone target not found
Refreshing native plugins compatible for Editor in 0.37 ms, found 1 plugins.
Preloading 0 native plugins for Editor in 0.00 ms.
Invoked RoslynAnalysisRunner static constructor.
RoslynAnalysisRunner will not be running.
RoslynAnalysisRunner has terminated.
Mono: successfully reloaded assembly
- Completed reload, in  1.130 seconds
Platform modules already initialized, skipping
Refreshing native plugins compatible for Editor in 0.76 ms, found 1 plugins.
Preloading 0 native plugins for Editor in 0.00 ms.
Unloading 1808 Unused Serialized files (Serialized files now loaded: 0)
System memory in use before: 88.3 MB.
System memory in use after: 88.3 MB.

Unloading 12 unused Assets to reduce memory usage. Loaded Objects now: 2299.
Total: 3.986500 ms (FindLiveObjects: 0.323800 ms CreateObjectMapping: 0.119600 ms MarkObjects: 3.374000 ms  DeleteObjects: 0.167200 ms)

========================================================================
Received Prepare
Registering precompiled user dll's ...
Registered in 0.001380 seconds.
Begin MonoManager ReloadAssembly
Native extension for WindowsStandalone target not found
Refreshing native plugins compatible for Editor in 0.38 ms, found 1 plugins.
Preloading 0 native plugins for Editor in 0.00 ms.
Invoked RoslynAnalysisRunner static constructor.
RoslynAnalysisRunner will not be running.
RoslynAnalysisRunner has terminated.
Mono: successfully reloaded assembly
- Completed reload, in  0.989 seconds
Platform modules already initialized, skipping
Refreshing native plugins compatible for Editor in 0.43 ms, found 1 plugins.
Preloading 0 native plugins for Editor in 0.00 ms.
Unloading 1808 Unused Serialized files (Serialized files now loaded: 0)
System memory in use before: 88.3 MB.
System memory in use after: 88.3 MB.

Unloading 12 unused Assets to reduce memory usage. Loaded Objects now: 2303.
Total: 2.595600 ms (FindLiveObjects: 0.295700 ms CreateObjectMapping: 0.095600 ms MarkObjects: 2.092200 ms  DeleteObjects: 0.109900 ms)

========================================================================
Received Prepare
Registering precompiled user dll's ...
Registered in 0.000999 seconds.
Begin MonoManager ReloadAssembly
Native extension for WindowsStandalone target not found
Refreshing native plugins compatible for Editor in 0.35 ms, found 1 plugins.
Preloading 0 native plugins for Editor in 0.00 ms.
Invoked RoslynAnalysisRunner static constructor.
RoslynAnalysisRunner will not be running.
RoslynAnalysisRunner has terminated.
Mono: successfully reloaded assembly
- Completed reload, in  0.885 seconds
Platform modules already initialized, skipping
Refreshing native plugins compatible for Editor in 0.52 ms, found 1 plugins.
Preloading 0 native plugins for Editor in 0.00 ms.
Unloading 1808 Unused Serialized files (Serialized files now loaded: 0)
System memory in use before: 88.3 MB.
System memory in use after: 88.3 MB.

Unloading 12 unused Assets to reduce memory usage. Loaded Objects now: 2307.
Total: 2.573900 ms (FindLiveObjects: 0.397800 ms CreateObjectMapping: 0.076000 ms MarkObjects: 1.972500 ms  DeleteObjects: 0.110900 ms)

========================================================================
Received Import Request.
  Time since last request: 721.011952 seconds.
  path: Assets/Prefabs/eagle-attack-2.prefab
  artifactKey: Guid(70da3ea6f87505043963c4bb31640b32) Importer(815301076,1909f56bfc062723c751e8b465ee728b)
Start importing Assets/Prefabs/eagle-attack-2.prefab using Guid(70da3ea6f87505043963c4bb31640b32) Importer(815301076,1909f56bfc062723c751e8b465ee728b)  -> (artifact id: '8af097b8b6dfd6bec33d9cf5a5f2ca85') in 0.069755 seconds
  Import took 1.616028 seconds .

========================================================================
Received Import Request.
  Time since last request: 0.000316 seconds.
  path: Assets/Prefabs/Bullet.prefab
  artifactKey: Guid(f1664f6e022c8ef4eb082a0fd79f18bb) Importer(815301076,1909f56bfc062723c751e8b465ee728b)
Start importing Assets/Prefabs/Bullet.prefab using Guid(f1664f6e022c8ef4eb082a0fd79f18bb) Importer(815301076,1909f56bfc062723c751e8b465ee728b)  -> (artifact id: 'acd46907f986673e0c9ca38eeaba5f90') in 0.017988 seconds
  Import took 0.041117 seconds .

========================================================================
Received Import Request.
  Time since last request: 1.353264 seconds.
  path: Assets/Prefabs/Explosion.prefab
  artifactKey: Guid(0f36321d1d6ec534b80ca997b158deb2) Importer(815301076,1909f56bfc062723c751e8b465ee728b)
Start importing Assets/Prefabs/Explosion.prefab using Guid(0f36321d1d6ec534b80ca997b158deb2) Importer(815301076,1909f56bfc062723c751e8b465ee728b)  -> (artifact id: 'b3a1ede2d9f0648fe3daa699327502d0') in 0.026752 seconds
  Import took 0.032275 seconds .

========================================================================
Received Import Request.
  Time since last request: 0.002969 seconds.
  path: Assets/Prefabs/Explosion.prefab
  artifactKey: Guid(0f36321d1d6ec534b80ca997b158deb2) Importer(815301076,1909f56bfc062723c751e8b465ee728b)
Start importing Assets/Prefabs/Explosion.prefab using Guid(0f36321d1d6ec534b80ca997b158deb2) Importer(815301076,1909f56bfc062723c751e8b465ee728b)  -> (artifact id: 'b3a1ede2d9f0648fe3daa699327502d0') in 0.026569 seconds
  Import took 0.030858 seconds .

========================================================================
Received Prepare
Registering precompiled user dll's ...
Registered in 0.000988 seconds.
Begin MonoManager ReloadAssembly
Native extension for WindowsStandalone target not found
Refreshing native plugins compatible for Editor in 0.35 ms, found 1 plugins.
Preloading 0 native plugins for Editor in 0.00 ms.
Invoked RoslynAnalysisRunner static constructor.
RoslynAnalysisRunner will not be running.
RoslynAnalysisRunner has terminated.
Mono: successfully reloaded assembly
- Completed reload, in  0.896 seconds
Platform modules already initialized, skipping
Refreshing native plugins compatible for Editor in 0.36 ms, found 1 plugins.
Preloading 0 native plugins for Editor in 0.00 ms.
Unloading 1808 Unused Serialized files (Serialized files now loaded: 0)
System memory in use before: 88.3 MB.
System memory in use after: 88.3 MB.

Unloading 12 unused Assets to reduce memory usage. Loaded Objects now: 2312.
Total: 3.531100 ms (FindLiveObjects: 0.425600 ms CreateObjectMapping: 0.137100 ms MarkObjects: 2.783700 ms  DeleteObjects: 0.183000 ms)

========================================================================
Received Prepare
Registering precompiled user dll's ...
Registered in 0.001252 seconds.
Begin MonoManager ReloadAssembly
Native extension for WindowsStandalone target not found
Refreshing native plugins compatible for Editor in 0.34 ms, found 1 plugins.
Preloading 0 native plugins for Editor in 0.00 ms.
Invoked RoslynAnalysisRunner static constructor.
RoslynAnalysisRunner will not be running.
RoslynAnalysisRunner has terminated.
Mono: successfully reloaded assembly
- Completed reload, in  0.793 seconds
Platform modules already initialized, skipping
Refreshing native plugins compatible for Editor in 0.35 ms, found 1 plugins.
Preloading 0 native plugins for Editor in 0.00 ms.
Unloading 1808 Unused Serialized files (Serialized files now loaded: 0)
System memory in use before: 88.3 MB.
System memory in use after: 88.3 MB.

Unloading 12 unused Assets to reduce memory usage. Loaded Objects now: 2316.
Total: 2.262900 ms (FindLiveObjects: 0.243100 ms CreateObjectMapping: 0.090800 ms MarkObjects: 1.812000 ms  DeleteObjects: 0.116200 ms)

========================================================================
Received Prepare
Registering precompiled user dll's ...
Registered in 0.001087 seconds.
Begin MonoManager ReloadAssembly
Native extension for WindowsStandalone target not found
Refreshing native plugins compatible for Editor in 0.36 ms, found 1 plugins.
Preloading 0 native plugins for Editor in 0.00 ms.
Invoked RoslynAnalysisRunner static constructor.
RoslynAnalysisRunner will not be running.
RoslynAnalysisRunner has terminated.
Mono: successfully reloaded assembly
- Completed reload, in  0.938 seconds
Platform modules already initialized, skipping
Refreshing native plugins compatible for Editor in 0.39 ms, found 1 plugins.
Preloading 0 native plugins for Editor in 0.00 ms.
Unloading 1808 Unused Serialized files (Serialized files now loaded: 0)
System memory in use before: 88.4 MB.
System memory in use after: 88.3 MB.

Unloading 12 unused Assets to reduce memory usage. Loaded Objects now: 2320.
Total: 2.466800 ms (FindLiveObjects: 0.262400 ms CreateObjectMapping: 0.091500 ms MarkObjects: 2.003000 ms  DeleteObjects: 0.108800 ms)

========================================================================
Received Import Request.
  Time since last request: 229.550137 seconds.
  path: Assets/Prefabs/Explosion.prefab
  artifactKey: Guid(0f36321d1d6ec534b80ca997b158deb2) Importer(815301076,1909f56bfc062723c751e8b465ee728b)
Start importing Assets/Prefabs/Explosion.prefab using Guid(0f36321d1d6ec534b80ca997b158deb2) Importer(815301076,1909f56bfc062723c751e8b465ee728b)  -> (artifact id: 'b91b20f51e5bc8e788fc39d8cdac35b5') in 0.076296 seconds
  Import took 0.079930 seconds .

========================================================================
Received Import Request.
  Time since last request: 0.002581 seconds.
  path: Assets/Prefabs/Explosion.prefab
  artifactKey: Guid(0f36321d1d6ec534b80ca997b158deb2) Importer(815301076,1909f56bfc062723c751e8b465ee728b)
Start importing Assets/Prefabs/Explosion.prefab using Guid(0f36321d1d6ec534b80ca997b158deb2) Importer(815301076,1909f56bfc062723c751e8b465ee728b)  -> (artifact id: 'b91b20f51e5bc8e788fc39d8cdac35b5') in 1.558999 seconds
  Import took 1.562662 seconds .

========================================================================
Received Prepare
Registering precompiled user dll's ...
Registered in 0.001332 seconds.
Begin MonoManager ReloadAssembly
Native extension for WindowsStandalone target not found
Refreshing native plugins compatible for Editor in 0.34 ms, found 1 plugins.
Preloading 0 native plugins for Editor in 0.00 ms.
Invoked RoslynAnalysisRunner static constructor.
RoslynAnalysisRunner will not be running.
RoslynAnalysisRunner has terminated.
Mono: successfully reloaded assembly
- Completed reload, in  0.939 seconds
Platform modules already initialized, skipping
Refreshing native plugins compatible for Editor in 0.36 ms, found 1 plugins.
Preloading 0 native plugins for Editor in 0.00 ms.
Unloading 1808 Unused Serialized files (Serialized files now loaded: 0)
System memory in use before: 88.4 MB.
System memory in use after: 88.3 MB.

Unloading 12 unused Assets to reduce memory usage. Loaded Objects now: 2325.
Total: 1.939400 ms (FindLiveObjects: 0.184200 ms CreateObjectMapping: 0.069000 ms MarkObjects: 1.593400 ms  DeleteObjects: 0.092000 ms)

========================================================================
Received Import Request.
  Time since last request: 8.152371 seconds.
  path: Assets/Prefabs/Explosion.prefab
  artifactKey: Guid(0f36321d1d6ec534b80ca997b158deb2) Importer(815301076,1909f56bfc062723c751e8b465ee728b)
Start importing Assets/Prefabs/Explosion.prefab using Guid(0f36321d1d6ec534b80ca997b158deb2) Importer(815301076,1909f56bfc062723c751e8b465ee728b)  -> (artifact id: '33ea61d89e673e7d732625d6fb83a061') in 0.063344 seconds
  Import took 0.074674 seconds .

========================================================================
Received Import Request.
  Time since last request: 1.966092 seconds.
  path: Assets/Prefabs/Explosion.prefab
  artifactKey: Guid(0f36321d1d6ec534b80ca997b158deb2) Importer(815301076,1909f56bfc062723c751e8b465ee728b)
Start importing Assets/Prefabs/Explosion.prefab using Guid(0f36321d1d6ec534b80ca997b158deb2) Importer(815301076,1909f56bfc062723c751e8b465ee728b)  -> (artifact id: '81662533155ec1ebfc2d1a9382ca3300') in 0.026933 seconds
  Import took 0.032165 seconds .

========================================================================
Received Import Request.
  Time since last request: 4.042876 seconds.
  path: Assets/Prefabs/Explosion.prefab
  artifactKey: Guid(0f36321d1d6ec534b80ca997b158deb2) Importer(815301076,1909f56bfc062723c751e8b465ee728b)
Start importing Assets/Prefabs/Explosion.prefab using Guid(0f36321d1d6ec534b80ca997b158deb2) Importer(815301076,1909f56bfc062723c751e8b465ee728b)  -> (artifact id: '331479ccbd7a2fcf48340663a345decc') in 0.028569 seconds
  Import took 0.039050 seconds .

========================================================================
Received Import Request.
  Time since last request: 2.538440 seconds.
  path: Assets/Prefabs/Explosion.prefab
  artifactKey: Guid(0f36321d1d6ec534b80ca997b158deb2) Importer(815301076,1909f56bfc062723c751e8b465ee728b)
Start importing Assets/Prefabs/Explosion.prefab using Guid(0f36321d1d6ec534b80ca997b158deb2) Importer(815301076,1909f56bfc062723c751e8b465ee728b)  -> (artifact id: 'e37c062366b6927f98e59610b0f377e9') in 0.030137 seconds
  Import took 0.035281 seconds .

========================================================================
Received Prepare
Registering precompiled user dll's ...
Registered in 0.001047 seconds.
Begin MonoManager ReloadAssembly
Native extension for WindowsStandalone target not found
Refreshing native plugins compatible for Editor in 0.36 ms, found 1 plugins.
Preloading 0 native plugins for Editor in 0.00 ms.
Invoked RoslynAnalysisRunner static constructor.
RoslynAnalysisRunner will not be running.
RoslynAnalysisRunner has terminated.
Mono: successfully reloaded assembly
- Completed reload, in  0.961 seconds
Platform modules already initialized, skipping
Refreshing native plugins compatible for Editor in 0.40 ms, found 1 plugins.
Preloading 0 native plugins for Editor in 0.00 ms.
Unloading 1808 Unused Serialized files (Serialized files now loaded: 0)
System memory in use before: 88.4 MB.
System memory in use after: 88.4 MB.

Unloading 12 unused Assets to reduce memory usage. Loaded Objects now: 2330.
Total: 2.236300 ms (FindLiveObjects: 0.184600 ms CreateObjectMapping: 0.072800 ms MarkObjects: 1.873900 ms  DeleteObjects: 0.103900 ms)

========================================================================
Received Prepare
Registering precompiled user dll's ...
Registered in 0.001167 seconds.
Begin MonoManager ReloadAssembly
Native extension for WindowsStandalone target not found
Refreshing native plugins compatible for Editor in 0.34 ms, found 1 plugins.
Preloading 0 native plugins for Editor in 0.00 ms.
Invoked RoslynAnalysisRunner static constructor.
RoslynAnalysisRunner will not be running.
RoslynAnalysisRunner has terminated.
Mono: successfully reloaded assembly
- Completed reload, in  0.747 seconds
Platform modules already initialized, skipping
Refreshing native plugins compatible for Editor in 0.36 ms, found 1 plugins.
Preloading 0 native plugins for Editor in 0.00 ms.
Unloading 1808 Unused Serialized files (Serialized files now loaded: 0)
System memory in use before: 88.4 MB.
System memory in use after: 88.4 MB.

Unloading 12 unused Assets to reduce memory usage. Loaded Objects now: 2334.
Total: 2.370200 ms (FindLiveObjects: 0.365700 ms CreateObjectMapping: 0.120400 ms MarkObjects: 1.778600 ms  DeleteObjects: 0.104500 ms)

AssetImportWorkerClient::OnTransportError - code=2 error=End of file
