Using pre-set license
Built from '2020.3/release' branch; Version is '2020.3.2f1 (8fd9074bf66c) revision 9427207'; Using compiler version '192528614'; Build Type 'Release'
OS: 'Windows 10 Pro; OS build 19042.928; Version 2009; 64bit' Language: 'en' Physical Memory: 8047 MB
BatchMode: 1, IsHumanControllingUs: 0, StartBugReporterOnCrash: 0, Is64bit: 1, IsPro: 0

 COMMAND LINE ARGUMENTS:
C:\Program Files\Unity\Hub\Editor\2020.3.2f1\Editor\Unity.exe
-adb2
-batchMode
-noUpm
-name
AssetImportWorker0
-projectPath
E:/Projects/Player2Dmovement
-logFile
Logs/AssetImportWorker0.log
-srvPort
55044
Successfully changed project path to: E:/Projects/Player2Dmovement
E:/Projects/Player2Dmovement
Using Asset Import Pipeline V2.
Refreshing native plugins compatible for Editor in 132.44 ms, found 1 plugins.
Preloading 0 native plugins for Editor in 0.00 ms.
Initialize engine version: 2020.3.2f1 (8fd9074bf66c)
[Subsystems] Discovering subsystems at path C:/Program Files/Unity/Hub/Editor/2020.3.2f1/Editor/Data/Resources/UnitySubsystems
[Subsystems] Discovering subsystems at path E:/Projects/Player2Dmovement/Assets
GfxDevice: creating device client; threaded=0
Direct3D:
    Version:  Direct3D 11.0 [level 11.1]
    Renderer: NVIDIA GeForce GTX 1050 (ID=0x1c8d)
    Vendor:   
    VRAM:     1979 MB
    Driver:   27.21.14.6140
Initialize mono
Mono path[0] = 'C:/Program Files/Unity/Hub/Editor/2020.3.2f1/Editor/Data/Managed'
Mono path[1] = 'C:/Program Files/Unity/Hub/Editor/2020.3.2f1/Editor/Data/MonoBleedingEdge/lib/mono/unityjit'
Mono config path = 'C:/Program Files/Unity/Hub/Editor/2020.3.2f1/Editor/Data/MonoBleedingEdge/etc'
Using monoOptions --debugger-agent=transport=dt_socket,embedding=1,server=y,suspend=n,address=127.0.0.1:56816
Begin MonoManager ReloadAssembly
Registering precompiled unity dll's ...
Register platform support module: C:/Program Files/Unity/Hub/Editor/2020.3.2f1/Editor/Data/PlaybackEngines/WindowsStandaloneSupport/UnityEditor.WindowsStandalone.Extensions.dll
Registered in 0.001708 seconds.
Native extension for WindowsStandalone target not found
Refreshing native plugins compatible for Editor in 55.51 ms, found 1 plugins.
Preloading 0 native plugins for Editor in 0.00 ms.
Invoked RoslynAnalysisRunner static constructor.
RoslynAnalysisRunner will not be running.
RoslynAnalysisRunner has terminated.
Mono: successfully reloaded assembly
- Completed reload, in  1.267 seconds
Platform modules already initialized, skipping
Registering precompiled user dll's ...
Registered in 0.000993 seconds.
Begin MonoManager ReloadAssembly
Native extension for WindowsStandalone target not found
Refreshing native plugins compatible for Editor in 67.84 ms, found 1 plugins.
Preloading 0 native plugins for Editor in 0.00 ms.
Invoked RoslynAnalysisRunner static constructor.
RoslynAnalysisRunner will not be running.
RoslynAnalysisRunner has terminated.
Mono: successfully reloaded assembly
- Completed reload, in  2.489 seconds
Platform modules already initialized, skipping
========================================================================
Worker process is ready to serve import requests
Launched and connected shader compiler UnityShaderCompiler.exe after 0.07 seconds
Refreshing native plugins compatible for Editor in 0.82 ms, found 1 plugins.
Preloading 0 native plugins for Editor in 0.00 ms.
Unloading 1814 Unused Serialized files (Serialized files now loaded: 0)
System memory in use before: 85.0 MB.
System memory in use after: 84.9 MB.

Unloading 24 unused Assets to reduce memory usage. Loaded Objects now: 2257.
Total: 3.978100 ms (FindLiveObjects: 0.416600 ms CreateObjectMapping: 0.167300 ms MarkObjects: 3.186500 ms  DeleteObjects: 0.206100 ms)

========================================================================
Received Import Request.
  path: Assets/Scripts/camera.cs
  artifactKey: Guid(cdfccf18f3bbd9e49a48e1640b59e373) Importer(815301076,1909f56bfc062723c751e8b465ee728b)
Start importing Assets/Scripts/camera.cs using Guid(cdfccf18f3bbd9e49a48e1640b59e373) Importer(815301076,1909f56bfc062723c751e8b465ee728b)  -> (artifact id: '3958becdbe38af7e39c0f09dcfab5a34') in 0.080030 seconds
  Import took 0.086932 seconds .

========================================================================
Received Prepare
Registering precompiled user dll's ...
Registered in 0.000945 seconds.
Begin MonoManager ReloadAssembly
Native extension for WindowsStandalone target not found
Refreshing native plugins compatible for Editor in 0.42 ms, found 1 plugins.
Preloading 0 native plugins for Editor in 0.00 ms.
Invoked RoslynAnalysisRunner static constructor.
RoslynAnalysisRunner will not be running.
RoslynAnalysisRunner has terminated.
Mono: successfully reloaded assembly
- Completed reload, in  0.906 seconds
Platform modules already initialized, skipping
Refreshing native plugins compatible for Editor in 0.90 ms, found 1 plugins.
Preloading 0 native plugins for Editor in 0.00 ms.
Unloading 1809 Unused Serialized files (Serialized files now loaded: 0)
System memory in use before: 84.9 MB.
System memory in use after: 84.9 MB.

Unloading 12 unused Assets to reduce memory usage. Loaded Objects now: 2261.
Total: 4.596700 ms (FindLiveObjects: 0.376100 ms CreateObjectMapping: 0.147300 ms MarkObjects: 3.858300 ms  DeleteObjects: 0.212700 ms)

========================================================================
Received Import Request.
  Time since last request: 117.557033 seconds.
  path: Assets/Scripts/camera.cs
  artifactKey: Guid(cdfccf18f3bbd9e49a48e1640b59e373) Importer(815301076,1909f56bfc062723c751e8b465ee728b)
Start importing Assets/Scripts/camera.cs using Guid(cdfccf18f3bbd9e49a48e1640b59e373) Importer(815301076,1909f56bfc062723c751e8b465ee728b)  -> (artifact id: 'ec8c66c6d8e6cd4262bf28fabd1bd563') in 0.007467 seconds
  Import took 0.013020 seconds .

========================================================================
Received Prepare
Registering precompiled user dll's ...
Registered in 0.001356 seconds.
Begin MonoManager ReloadAssembly
Native extension for WindowsStandalone target not found
Refreshing native plugins compatible for Editor in 0.35 ms, found 1 plugins.
Preloading 0 native plugins for Editor in 0.00 ms.
Invoked RoslynAnalysisRunner static constructor.
RoslynAnalysisRunner will not be running.
RoslynAnalysisRunner has terminated.
Mono: successfully reloaded assembly
- Completed reload, in  0.805 seconds
Platform modules already initialized, skipping
Refreshing native plugins compatible for Editor in 0.36 ms, found 1 plugins.
Preloading 0 native plugins for Editor in 0.00 ms.
Unloading 1809 Unused Serialized files (Serialized files now loaded: 0)
System memory in use before: 85.0 MB.
System memory in use after: 84.9 MB.

Unloading 12 unused Assets to reduce memory usage. Loaded Objects now: 2265.
Total: 2.146100 ms (FindLiveObjects: 0.168200 ms CreateObjectMapping: 0.070900 ms MarkObjects: 1.771300 ms  DeleteObjects: 0.135000 ms)

========================================================================
Received Prepare
Registering precompiled user dll's ...
Registered in 0.001138 seconds.
Begin MonoManager ReloadAssembly
Native extension for WindowsStandalone target not found
Refreshing native plugins compatible for Editor in 0.38 ms, found 1 plugins.
Preloading 0 native plugins for Editor in 0.00 ms.
Invoked RoslynAnalysisRunner static constructor.
RoslynAnalysisRunner will not be running.
RoslynAnalysisRunner has terminated.
Mono: successfully reloaded assembly
- Completed reload, in  0.961 seconds
Platform modules already initialized, skipping
Refreshing native plugins compatible for Editor in 0.39 ms, found 1 plugins.
Preloading 0 native plugins for Editor in 0.00 ms.
Unloading 1809 Unused Serialized files (Serialized files now loaded: 0)
System memory in use before: 85.0 MB.
System memory in use after: 85.0 MB.

Unloading 12 unused Assets to reduce memory usage. Loaded Objects now: 2269.
Total: 2.350100 ms (FindLiveObjects: 0.239800 ms CreateObjectMapping: 0.085100 ms MarkObjects: 1.916000 ms  DeleteObjects: 0.108000 ms)

========================================================================
Received Prepare
Registering precompiled user dll's ...
Registered in 0.001424 seconds.
Begin MonoManager ReloadAssembly
Native extension for WindowsStandalone target not found
Refreshing native plugins compatible for Editor in 1.64 ms, found 1 plugins.
Preloading 0 native plugins for Editor in 0.00 ms.
Invoked RoslynAnalysisRunner static constructor.
RoslynAnalysisRunner will not be running.
RoslynAnalysisRunner has terminated.
Mono: successfully reloaded assembly
- Completed reload, in  1.093 seconds
Platform modules already initialized, skipping
Refreshing native plugins compatible for Editor in 0.35 ms, found 1 plugins.
Preloading 0 native plugins for Editor in 0.00 ms.
Unloading 1809 Unused Serialized files (Serialized files now loaded: 0)
System memory in use before: 85.0 MB.
System memory in use after: 85.0 MB.

Unloading 12 unused Assets to reduce memory usage. Loaded Objects now: 2273.
Total: 2.199300 ms (FindLiveObjects: 0.178300 ms CreateObjectMapping: 0.092600 ms MarkObjects: 1.788400 ms  DeleteObjects: 0.139100 ms)

========================================================================
Received Prepare
Registering precompiled user dll's ...
Registered in 0.001109 seconds.
Begin MonoManager ReloadAssembly
Native extension for WindowsStandalone target not found
Refreshing native plugins compatible for Editor in 0.39 ms, found 1 plugins.
Preloading 0 native plugins for Editor in 0.00 ms.
Invoked RoslynAnalysisRunner static constructor.
RoslynAnalysisRunner will not be running.
RoslynAnalysisRunner has terminated.
Mono: successfully reloaded assembly
- Completed reload, in  0.946 seconds
Platform modules already initialized, skipping
Refreshing native plugins compatible for Editor in 0.39 ms, found 1 plugins.
Preloading 0 native plugins for Editor in 0.00 ms.
Unloading 1809 Unused Serialized files (Serialized files now loaded: 0)
System memory in use before: 85.0 MB.
System memory in use after: 85.0 MB.

Unloading 12 unused Assets to reduce memory usage. Loaded Objects now: 2277.
Total: 2.044300 ms (FindLiveObjects: 0.181300 ms CreateObjectMapping: 0.080100 ms MarkObjects: 1.666000 ms  DeleteObjects: 0.115400 ms)

========================================================================
Received Prepare
Registering precompiled user dll's ...
Registered in 0.001179 seconds.
Begin MonoManager ReloadAssembly
Native extension for WindowsStandalone target not found
Refreshing native plugins compatible for Editor in 0.42 ms, found 1 plugins.
Preloading 0 native plugins for Editor in 0.00 ms.
Invoked RoslynAnalysisRunner static constructor.
RoslynAnalysisRunner will not be running.
RoslynAnalysisRunner has terminated.
Mono: successfully reloaded assembly
- Completed reload, in  0.970 seconds
Platform modules already initialized, skipping
Refreshing native plugins compatible for Editor in 0.40 ms, found 1 plugins.
Preloading 0 native plugins for Editor in 0.00 ms.
Unloading 1809 Unused Serialized files (Serialized files now loaded: 0)
System memory in use before: 85.1 MB.
System memory in use after: 85.0 MB.

Unloading 12 unused Assets to reduce memory usage. Loaded Objects now: 2281.
Total: 2.468800 ms (FindLiveObjects: 0.219400 ms CreateObjectMapping: 0.078700 ms MarkObjects: 2.055900 ms  DeleteObjects: 0.113500 ms)

========================================================================
Received Prepare
Registering precompiled user dll's ...
Registered in 0.001149 seconds.
Begin MonoManager ReloadAssembly
Native extension for WindowsStandalone target not found
Refreshing native plugins compatible for Editor in 0.41 ms, found 1 plugins.
Preloading 0 native plugins for Editor in 0.00 ms.
Invoked RoslynAnalysisRunner static constructor.
RoslynAnalysisRunner will not be running.
RoslynAnalysisRunner has terminated.
Mono: successfully reloaded assembly
- Completed reload, in  0.937 seconds
Platform modules already initialized, skipping
Refreshing native plugins compatible for Editor in 0.38 ms, found 1 plugins.
Preloading 0 native plugins for Editor in 0.00 ms.
Unloading 1809 Unused Serialized files (Serialized files now loaded: 0)
System memory in use before: 85.1 MB.
System memory in use after: 85.0 MB.

Unloading 12 unused Assets to reduce memory usage. Loaded Objects now: 2285.
Total: 2.492000 ms (FindLiveObjects: 0.278000 ms CreateObjectMapping: 0.100000 ms MarkObjects: 1.996500 ms  DeleteObjects: 0.116000 ms)

========================================================================
Received Prepare
Registering precompiled user dll's ...
Registered in 0.001152 seconds.
Begin MonoManager ReloadAssembly
Native extension for WindowsStandalone target not found
Refreshing native plugins compatible for Editor in 0.40 ms, found 1 plugins.
Preloading 0 native plugins for Editor in 0.00 ms.
Invoked RoslynAnalysisRunner static constructor.
RoslynAnalysisRunner will not be running.
RoslynAnalysisRunner has terminated.
Mono: successfully reloaded assembly
- Completed reload, in  0.946 seconds
Platform modules already initialized, skipping
Refreshing native plugins compatible for Editor in 0.40 ms, found 1 plugins.
Preloading 0 native plugins for Editor in 0.00 ms.
Unloading 1809 Unused Serialized files (Serialized files now loaded: 0)
System memory in use before: 85.1 MB.
System memory in use after: 85.0 MB.

Unloading 12 unused Assets to reduce memory usage. Loaded Objects now: 2289.
Total: 2.397400 ms (FindLiveObjects: 0.252800 ms CreateObjectMapping: 0.091000 ms MarkObjects: 1.940500 ms  DeleteObjects: 0.112100 ms)

========================================================================
Received Prepare
Registering precompiled user dll's ...
Registered in 0.001110 seconds.
Begin MonoManager ReloadAssembly
Native extension for WindowsStandalone target not found
Refreshing native plugins compatible for Editor in 0.43 ms, found 1 plugins.
Preloading 0 native plugins for Editor in 0.00 ms.
Invoked RoslynAnalysisRunner static constructor.
RoslynAnalysisRunner will not be running.
RoslynAnalysisRunner has terminated.
Mono: successfully reloaded assembly
- Completed reload, in  0.953 seconds
Platform modules already initialized, skipping
Refreshing native plugins compatible for Editor in 0.40 ms, found 1 plugins.
Preloading 0 native plugins for Editor in 0.00 ms.
Unloading 1809 Unused Serialized files (Serialized files now loaded: 0)
System memory in use before: 85.1 MB.
System memory in use after: 85.1 MB.

Unloading 12 unused Assets to reduce memory usage. Loaded Objects now: 2293.
Total: 2.403700 ms (FindLiveObjects: 0.194200 ms CreateObjectMapping: 0.076500 ms MarkObjects: 2.011000 ms  DeleteObjects: 0.120900 ms)

========================================================================
Received Prepare
Registering precompiled user dll's ...
Registered in 0.001149 seconds.
Begin MonoManager ReloadAssembly
Native extension for WindowsStandalone target not found
Refreshing native plugins compatible for Editor in 0.39 ms, found 1 plugins.
Preloading 0 native plugins for Editor in 0.00 ms.
Invoked RoslynAnalysisRunner static constructor.
RoslynAnalysisRunner will not be running.
RoslynAnalysisRunner has terminated.
Mono: successfully reloaded assembly
- Completed reload, in  0.956 seconds
Platform modules already initialized, skipping
Refreshing native plugins compatible for Editor in 0.41 ms, found 1 plugins.
Preloading 0 native plugins for Editor in 0.00 ms.
Unloading 1809 Unused Serialized files (Serialized files now loaded: 0)
System memory in use before: 85.1 MB.
System memory in use after: 85.1 MB.

Unloading 12 unused Assets to reduce memory usage. Loaded Objects now: 2297.
Total: 2.666300 ms (FindLiveObjects: 0.454700 ms CreateObjectMapping: 0.095700 ms MarkObjects: 2.002600 ms  DeleteObjects: 0.112100 ms)

========================================================================
Received Prepare
Registering precompiled user dll's ...
Registered in 0.001147 seconds.
Begin MonoManager ReloadAssembly
Native extension for WindowsStandalone target not found
Refreshing native plugins compatible for Editor in 0.37 ms, found 1 plugins.
Preloading 0 native plugins for Editor in 0.00 ms.
Invoked RoslynAnalysisRunner static constructor.
RoslynAnalysisRunner will not be running.
RoslynAnalysisRunner has terminated.
Mono: successfully reloaded assembly
- Completed reload, in  0.934 seconds
Platform modules already initialized, skipping
Refreshing native plugins compatible for Editor in 0.39 ms, found 1 plugins.
Preloading 0 native plugins for Editor in 0.00 ms.
Unloading 1809 Unused Serialized files (Serialized files now loaded: 0)
System memory in use before: 85.1 MB.
System memory in use after: 85.1 MB.

Unloading 12 unused Assets to reduce memory usage. Loaded Objects now: 2301.
Total: 2.365000 ms (FindLiveObjects: 0.262600 ms CreateObjectMapping: 0.099000 ms MarkObjects: 1.885200 ms  DeleteObjects: 0.116900 ms)

========================================================================
Received Prepare
Registering precompiled user dll's ...
Registered in 0.001090 seconds.
Begin MonoManager ReloadAssembly
Native extension for WindowsStandalone target not found
Refreshing native plugins compatible for Editor in 0.38 ms, found 1 plugins.
Preloading 0 native plugins for Editor in 0.00 ms.
Invoked RoslynAnalysisRunner static constructor.
RoslynAnalysisRunner will not be running.
RoslynAnalysisRunner has terminated.
Mono: successfully reloaded assembly
- Completed reload, in  0.923 seconds
Platform modules already initialized, skipping
Refreshing native plugins compatible for Editor in 0.40 ms, found 1 plugins.
Preloading 0 native plugins for Editor in 0.00 ms.
Unloading 1809 Unused Serialized files (Serialized files now loaded: 0)
System memory in use before: 85.1 MB.
System memory in use after: 85.1 MB.

Unloading 12 unused Assets to reduce memory usage. Loaded Objects now: 2305.
Total: 2.426400 ms (FindLiveObjects: 0.238100 ms CreateObjectMapping: 0.086300 ms MarkObjects: 1.972300 ms  DeleteObjects: 0.128700 ms)

========================================================================
Received Prepare
Registering precompiled user dll's ...
Registered in 0.000841 seconds.
Begin MonoManager ReloadAssembly
Native extension for WindowsStandalone target not found
Refreshing native plugins compatible for Editor in 0.37 ms, found 1 plugins.
Preloading 0 native plugins for Editor in 0.00 ms.
Invoked RoslynAnalysisRunner static constructor.
RoslynAnalysisRunner will not be running.
RoslynAnalysisRunner has terminated.
Mono: successfully reloaded assembly
- Completed reload, in  0.753 seconds
Platform modules already initialized, skipping
Refreshing native plugins compatible for Editor in 0.32 ms, found 1 plugins.
Preloading 0 native plugins for Editor in 0.00 ms.
Unloading 1809 Unused Serialized files (Serialized files now loaded: 0)
System memory in use before: 85.1 MB.
System memory in use after: 85.1 MB.

Unloading 12 unused Assets to reduce memory usage. Loaded Objects now: 2309.
Total: 2.359600 ms (FindLiveObjects: 0.382800 ms CreateObjectMapping: 0.171700 ms MarkObjects: 1.666900 ms  DeleteObjects: 0.137400 ms)

========================================================================
Received Import Request.
  Time since last request: 371.136700 seconds.
  path: Assets/Scenes/untitiled.unity
  artifactKey: Guid(e5dfa85572085984494635f5961e7c05) Importer(815301076,1909f56bfc062723c751e8b465ee728b)
Start importing Assets/Scenes/untitiled.unity using Guid(e5dfa85572085984494635f5961e7c05) Importer(815301076,1909f56bfc062723c751e8b465ee728b)  -> (artifact id: '3b25d0a289a965f992ad88ba6fd7a786') in 0.023271 seconds
  Import took 0.026542 seconds .

========================================================================
Received Import Request.
  Time since last request: 21.059598 seconds.
  path: Assets/Scenes/moving background.unity
  artifactKey: Guid(f96da6bb94438a64e9790844299e3e24) Importer(815301076,1909f56bfc062723c751e8b465ee728b)
Start importing Assets/Scenes/moving background.unity using Guid(f96da6bb94438a64e9790844299e3e24) Importer(815301076,1909f56bfc062723c751e8b465ee728b)  -> (artifact id: 'eb8cdddab7f79c95f14f7c3059a1e3e6') in 0.014238 seconds
  Import took 0.021257 seconds .

========================================================================
Received Import Request.
  Time since last request: 188.083071 seconds.
  path: Assets/ToonExplosion v1.0/Textures
  artifactKey: Guid(a9b1cc6495148ae468e73022d9e64863) Importer(815301076,1909f56bfc062723c751e8b465ee728b)
Start importing Assets/ToonExplosion v1.0/Textures using Guid(a9b1cc6495148ae468e73022d9e64863) Importer(815301076,1909f56bfc062723c751e8b465ee728b)  -> (artifact id: 'bc5dda53be01ae74c877d91be28ef84f') in 0.014185 seconds
  Import took 0.017365 seconds .

========================================================================
Received Import Request.
  Time since last request: 61.104298 seconds.
  path: Assets/Scenes/SampleScene.unity
  artifactKey: Guid(2cda990e2423bbf4892e6590ba056729) Importer(815301076,1909f56bfc062723c751e8b465ee728b)
Start importing Assets/Scenes/SampleScene.unity using Guid(2cda990e2423bbf4892e6590ba056729) Importer(815301076,1909f56bfc062723c751e8b465ee728b)  -> (artifact id: 'c2310208df74c583216671dde88d47ab') in 0.015340 seconds
  Import took 0.018662 seconds .

========================================================================
Received Import Request.
  Time since last request: 291.899170 seconds.
  path: Assets/Scripts/paralax background.cs
  artifactKey: Guid(a0a3dfd09beed2945b537fc90241c05c) Importer(815301076,1909f56bfc062723c751e8b465ee728b)
Start importing Assets/Scripts/paralax background.cs using Guid(a0a3dfd09beed2945b537fc90241c05c) Importer(815301076,1909f56bfc062723c751e8b465ee728b)  -> (artifact id: 'fc7a2e3d14cf72da05f111b0fa41af69') in 0.016908 seconds
  Import took 0.024853 seconds .

========================================================================
Received Prepare
Registering precompiled user dll's ...
Registered in 0.001057 seconds.
Begin MonoManager ReloadAssembly
Native extension for WindowsStandalone target not found
Refreshing native plugins compatible for Editor in 0.36 ms, found 1 plugins.
Preloading 0 native plugins for Editor in 0.00 ms.
Invoked RoslynAnalysisRunner static constructor.
RoslynAnalysisRunner will not be running.
RoslynAnalysisRunner has terminated.
Mono: successfully reloaded assembly
- Completed reload, in  1.198 seconds
Platform modules already initialized, skipping
Refreshing native plugins compatible for Editor in 0.36 ms, found 1 plugins.
Preloading 0 native plugins for Editor in 0.00 ms.
Unloading 1810 Unused Serialized files (Serialized files now loaded: 0)
System memory in use before: 85.2 MB.
System memory in use after: 85.1 MB.

Unloading 12 unused Assets to reduce memory usage. Loaded Objects now: 2314.
Total: 2.770700 ms (FindLiveObjects: 0.212600 ms CreateObjectMapping: 0.113800 ms MarkObjects: 2.332900 ms  DeleteObjects: 0.110300 ms)

========================================================================
Received Prepare
Registering precompiled user dll's ...
Registered in 0.001073 seconds.
Begin MonoManager ReloadAssembly
Native extension for WindowsStandalone target not found
Refreshing native plugins compatible for Editor in 0.36 ms, found 1 plugins.
Preloading 0 native plugins for Editor in 0.00 ms.
Invoked RoslynAnalysisRunner static constructor.
RoslynAnalysisRunner will not be running.
RoslynAnalysisRunner has terminated.
Mono: successfully reloaded assembly
- Completed reload, in  0.916 seconds
Platform modules already initialized, skipping
Refreshing native plugins compatible for Editor in 0.37 ms, found 1 plugins.
Preloading 0 native plugins for Editor in 0.00 ms.
Unloading 1810 Unused Serialized files (Serialized files now loaded: 0)
System memory in use before: 85.2 MB.
System memory in use after: 85.1 MB.

Unloading 12 unused Assets to reduce memory usage. Loaded Objects now: 2318.
Total: 2.414900 ms (FindLiveObjects: 0.392800 ms CreateObjectMapping: 0.066100 ms MarkObjects: 1.850600 ms  DeleteObjects: 0.104600 ms)

========================================================================
Received Import Request.
  Time since last request: 367.892214 seconds.
  path: Assets/Scripts/paralax background.cs
  artifactKey: Guid(a0a3dfd09beed2945b537fc90241c05c) Importer(815301076,1909f56bfc062723c751e8b465ee728b)
Start importing Assets/Scripts/paralax background.cs using Guid(a0a3dfd09beed2945b537fc90241c05c) Importer(815301076,1909f56bfc062723c751e8b465ee728b)  -> (artifact id: '7a06bd174f2966ac170264ceefe565bf') in 0.004746 seconds
  Import took 0.007646 seconds .

========================================================================
Received Prepare
Registering precompiled user dll's ...
Registered in 0.001115 seconds.
Begin MonoManager ReloadAssembly
Native extension for WindowsStandalone target not found
Refreshing native plugins compatible for Editor in 0.41 ms, found 1 plugins.
Preloading 0 native plugins for Editor in 0.00 ms.
Invoked RoslynAnalysisRunner static constructor.
RoslynAnalysisRunner will not be running.
RoslynAnalysisRunner has terminated.
Mono: successfully reloaded assembly
- Completed reload, in  0.813 seconds
Platform modules already initialized, skipping
Refreshing native plugins compatible for Editor in 0.39 ms, found 1 plugins.
Preloading 0 native plugins for Editor in 0.00 ms.
Unloading 1810 Unused Serialized files (Serialized files now loaded: 0)
System memory in use before: 85.2 MB.
System memory in use after: 85.2 MB.

Unloading 12 unused Assets to reduce memory usage. Loaded Objects now: 2322.
Total: 2.504800 ms (FindLiveObjects: 0.405900 ms CreateObjectMapping: 0.098200 ms MarkObjects: 1.902400 ms  DeleteObjects: 0.097400 ms)

========================================================================
Received Import Request.
  Time since last request: 41.071140 seconds.
  path: Assets/Scripts/paralax background.cs
  artifactKey: Guid(a0a3dfd09beed2945b537fc90241c05c) Importer(815301076,1909f56bfc062723c751e8b465ee728b)
Start importing Assets/Scripts/paralax background.cs using Guid(a0a3dfd09beed2945b537fc90241c05c) Importer(815301076,1909f56bfc062723c751e8b465ee728b)  -> (artifact id: 'e43c2ec3b0dbe7184ec62ba23f162dce') in 0.004418 seconds
  Import took 0.009498 seconds .

========================================================================
Received Prepare
Registering precompiled user dll's ...
Registered in 0.001539 seconds.
Begin MonoManager ReloadAssembly
Native extension for WindowsStandalone target not found
Refreshing native plugins compatible for Editor in 0.82 ms, found 1 plugins.
Preloading 0 native plugins for Editor in 0.00 ms.
Invoked RoslynAnalysisRunner static constructor.
RoslynAnalysisRunner will not be running.
RoslynAnalysisRunner has terminated.
Mono: successfully reloaded assembly
- Completed reload, in  1.241 seconds
Platform modules already initialized, skipping
Refreshing native plugins compatible for Editor in 0.35 ms, found 1 plugins.
Preloading 0 native plugins for Editor in 0.00 ms.
Unloading 1811 Unused Serialized files (Serialized files now loaded: 0)
System memory in use before: 85.2 MB.
System memory in use after: 85.2 MB.

Unloading 12 unused Assets to reduce memory usage. Loaded Objects now: 2327.
Total: 2.066900 ms (FindLiveObjects: 0.343800 ms CreateObjectMapping: 0.070900 ms MarkObjects: 1.540000 ms  DeleteObjects: 0.111300 ms)

========================================================================
Received Import Request.
  Time since last request: 36.051789 seconds.
  path: Assets/Scripts/paralaxBackground.cs
  artifactKey: Guid(b9570dda6aaa60642a868dbe715fb81e) Importer(815301076,1909f56bfc062723c751e8b465ee728b)
Start importing Assets/Scripts/paralaxBackground.cs using Guid(b9570dda6aaa60642a868dbe715fb81e) Importer(815301076,1909f56bfc062723c751e8b465ee728b)  -> (artifact id: '3009c8ba42139d89ebfff35d885b462a') in 0.020157 seconds
  Import took 0.025797 seconds .

========================================================================
Received Prepare
Registering precompiled user dll's ...
Registered in 0.001066 seconds.
Begin MonoManager ReloadAssembly
Native extension for WindowsStandalone target not found
Refreshing native plugins compatible for Editor in 0.37 ms, found 1 plugins.
Preloading 0 native plugins for Editor in 0.00 ms.
Invoked RoslynAnalysisRunner static constructor.
RoslynAnalysisRunner will not be running.
RoslynAnalysisRunner has terminated.
Mono: successfully reloaded assembly
- Completed reload, in  0.987 seconds
Platform modules already initialized, skipping
Refreshing native plugins compatible for Editor in 0.36 ms, found 1 plugins.
Preloading 0 native plugins for Editor in 0.00 ms.
Unloading 1811 Unused Serialized files (Serialized files now loaded: 0)
System memory in use before: 85.2 MB.
System memory in use after: 85.2 MB.

Unloading 12 unused Assets to reduce memory usage. Loaded Objects now: 2331.
Total: 2.191800 ms (FindLiveObjects: 0.345100 ms CreateObjectMapping: 0.088900 ms MarkObjects: 1.618200 ms  DeleteObjects: 0.138700 ms)

========================================================================
Received Prepare
Registering precompiled user dll's ...
Registered in 0.001033 seconds.
Begin MonoManager ReloadAssembly
Native extension for WindowsStandalone target not found
Refreshing native plugins compatible for Editor in 0.34 ms, found 1 plugins.
Preloading 0 native plugins for Editor in 0.00 ms.
Invoked RoslynAnalysisRunner static constructor.
RoslynAnalysisRunner will not be running.
RoslynAnalysisRunner has terminated.
Mono: successfully reloaded assembly
- Completed reload, in  0.842 seconds
Platform modules already initialized, skipping
Refreshing native plugins compatible for Editor in 0.36 ms, found 1 plugins.
Preloading 0 native plugins for Editor in 0.00 ms.
Unloading 1811 Unused Serialized files (Serialized files now loaded: 0)
System memory in use before: 85.2 MB.
System memory in use after: 85.2 MB.

Unloading 12 unused Assets to reduce memory usage. Loaded Objects now: 2335.
Total: 2.265600 ms (FindLiveObjects: 0.264100 ms CreateObjectMapping: 0.090400 ms MarkObjects: 1.811700 ms  DeleteObjects: 0.098700 ms)

========================================================================
Received Import Request.
  Time since last request: 20.952046 seconds.
  path: Assets/Scripts/paralaxBackground.cs
  artifactKey: Guid(b9570dda6aaa60642a868dbe715fb81e) Importer(815301076,1909f56bfc062723c751e8b465ee728b)
Start importing Assets/Scripts/paralaxBackground.cs using Guid(b9570dda6aaa60642a868dbe715fb81e) Importer(815301076,1909f56bfc062723c751e8b465ee728b)  -> (artifact id: 'ec1459d9d4660e242fbdf462b270a28f') in 0.010264 seconds
  Import took 0.013041 seconds .

========================================================================
Received Prepare
Registering precompiled user dll's ...
Registered in 0.001153 seconds.
Begin MonoManager ReloadAssembly
Native extension for WindowsStandalone target not found
Refreshing native plugins compatible for Editor in 0.34 ms, found 1 plugins.
Preloading 0 native plugins for Editor in 0.00 ms.
Invoked RoslynAnalysisRunner static constructor.
RoslynAnalysisRunner will not be running.
RoslynAnalysisRunner has terminated.
Mono: successfully reloaded assembly
- Completed reload, in  0.809 seconds
Platform modules already initialized, skipping
Refreshing native plugins compatible for Editor in 0.40 ms, found 1 plugins.
Preloading 0 native plugins for Editor in 0.00 ms.
Unloading 1810 Unused Serialized files (Serialized files now loaded: 0)
System memory in use before: 85.2 MB.
System memory in use after: 85.2 MB.

Unloading 13 unused Assets to reduce memory usage. Loaded Objects now: 2338.
Total: 2.279600 ms (FindLiveObjects: 0.252700 ms CreateObjectMapping: 0.076500 ms MarkObjects: 1.819000 ms  DeleteObjects: 0.130600 ms)

========================================================================
Received Prepare
Registering precompiled user dll's ...
Registered in 0.000870 seconds.
Begin MonoManager ReloadAssembly
Native extension for WindowsStandalone target not found
Refreshing native plugins compatible for Editor in 0.33 ms, found 1 plugins.
Preloading 0 native plugins for Editor in 0.00 ms.
Invoked RoslynAnalysisRunner static constructor.
RoslynAnalysisRunner will not be running.
RoslynAnalysisRunner has terminated.
Mono: successfully reloaded assembly
- Completed reload, in  0.769 seconds
Platform modules already initialized, skipping
Refreshing native plugins compatible for Editor in 0.33 ms, found 1 plugins.
Preloading 0 native plugins for Editor in 0.00 ms.
Unloading 1810 Unused Serialized files (Serialized files now loaded: 0)
System memory in use before: 85.2 MB.
System memory in use after: 85.2 MB.

Unloading 12 unused Assets to reduce memory usage. Loaded Objects now: 2342.
Total: 2.508500 ms (FindLiveObjects: 0.454500 ms CreateObjectMapping: 0.093700 ms MarkObjects: 1.842500 ms  DeleteObjects: 0.116500 ms)

========================================================================
Received Prepare
Registering precompiled user dll's ...
Registered in 0.001154 seconds.
Begin MonoManager ReloadAssembly
Native extension for WindowsStandalone target not found
Refreshing native plugins compatible for Editor in 0.35 ms, found 1 plugins.
Preloading 0 native plugins for Editor in 0.00 ms.
Invoked RoslynAnalysisRunner static constructor.
RoslynAnalysisRunner will not be running.
RoslynAnalysisRunner has terminated.
Mono: successfully reloaded assembly
- Completed reload, in  0.895 seconds
Platform modules already initialized, skipping
Refreshing native plugins compatible for Editor in 0.37 ms, found 1 plugins.
Preloading 0 native plugins for Editor in 0.00 ms.
Unloading 1811 Unused Serialized files (Serialized files now loaded: 0)
System memory in use before: 85.3 MB.
System memory in use after: 85.2 MB.

Unloading 12 unused Assets to reduce memory usage. Loaded Objects now: 2347.
Total: 2.470800 ms (FindLiveObjects: 0.279200 ms CreateObjectMapping: 0.109500 ms MarkObjects: 1.971100 ms  DeleteObjects: 0.110200 ms)

========================================================================
Received Prepare
Registering precompiled user dll's ...
Registered in 0.001469 seconds.
Begin MonoManager ReloadAssembly
Native extension for WindowsStandalone target not found
Refreshing native plugins compatible for Editor in 0.34 ms, found 1 plugins.
Preloading 0 native plugins for Editor in 0.00 ms.
Invoked RoslynAnalysisRunner static constructor.
RoslynAnalysisRunner will not be running.
RoslynAnalysisRunner has terminated.
Mono: successfully reloaded assembly
- Completed reload, in  0.963 seconds
Platform modules already initialized, skipping
Refreshing native plugins compatible for Editor in 0.36 ms, found 1 plugins.
Preloading 0 native plugins for Editor in 0.00 ms.
Unloading 1811 Unused Serialized files (Serialized files now loaded: 0)
System memory in use before: 85.3 MB.
System memory in use after: 85.2 MB.

Unloading 12 unused Assets to reduce memory usage. Loaded Objects now: 2351.
Total: 2.560000 ms (FindLiveObjects: 0.466700 ms CreateObjectMapping: 0.128800 ms MarkObjects: 1.857300 ms  DeleteObjects: 0.105900 ms)

========================================================================
Received Prepare
Registering precompiled user dll's ...
Registered in 0.003149 seconds.
Begin MonoManager ReloadAssembly
Native extension for WindowsStandalone target not found
Refreshing native plugins compatible for Editor in 0.36 ms, found 1 plugins.
Preloading 0 native plugins for Editor in 0.00 ms.
Invoked RoslynAnalysisRunner static constructor.
RoslynAnalysisRunner will not be running.
RoslynAnalysisRunner has terminated.
Mono: successfully reloaded assembly
- Completed reload, in  0.897 seconds
Platform modules already initialized, skipping
Refreshing native plugins compatible for Editor in 0.37 ms, found 1 plugins.
Preloading 0 native plugins for Editor in 0.00 ms.
Unloading 1811 Unused Serialized files (Serialized files now loaded: 0)
System memory in use before: 85.3 MB.
System memory in use after: 85.2 MB.

Unloading 12 unused Assets to reduce memory usage. Loaded Objects now: 2355.
Total: 2.430100 ms (FindLiveObjects: 0.515700 ms CreateObjectMapping: 0.135600 ms MarkObjects: 1.679200 ms  DeleteObjects: 0.098800 ms)

========================================================================
Received Import Request.
  Time since last request: 151.729001 seconds.
  path: Assets/Scripts/paralax background.cs
  artifactKey: Guid(a0a3dfd09beed2945b537fc90241c05c) Importer(815301076,1909f56bfc062723c751e8b465ee728b)
Start importing Assets/Scripts/paralax background.cs using Guid(a0a3dfd09beed2945b537fc90241c05c) Importer(815301076,1909f56bfc062723c751e8b465ee728b)  -> (artifact id: 'fa9d56cf97eaadd0b95d9ee90e407477') in 0.004681 seconds
  Import took 0.007588 seconds .

========================================================================
Received Prepare
Registering precompiled user dll's ...
Registered in 0.001064 seconds.
Begin MonoManager ReloadAssembly
Native extension for WindowsStandalone target not found
Refreshing native plugins compatible for Editor in 0.40 ms, found 1 plugins.
Preloading 0 native plugins for Editor in 0.00 ms.
Invoked RoslynAnalysisRunner static constructor.
RoslynAnalysisRunner will not be running.
RoslynAnalysisRunner has terminated.
Mono: successfully reloaded assembly
- Completed reload, in  0.860 seconds
Platform modules already initialized, skipping
Refreshing native plugins compatible for Editor in 0.52 ms, found 1 plugins.
Preloading 0 native plugins for Editor in 0.00 ms.
Unloading 1810 Unused Serialized files (Serialized files now loaded: 0)
System memory in use before: 85.3 MB.
System memory in use after: 85.2 MB.

Unloading 13 unused Assets to reduce memory usage. Loaded Objects now: 2358.
Total: 11.632700 ms (FindLiveObjects: 1.068500 ms CreateObjectMapping: 0.364100 ms MarkObjects: 9.872800 ms  DeleteObjects: 0.324300 ms)

========================================================================
Received Prepare
Registering precompiled user dll's ...
Registered in 0.000904 seconds.
Begin MonoManager ReloadAssembly
Native extension for WindowsStandalone target not found
Refreshing native plugins compatible for Editor in 0.39 ms, found 1 plugins.
Preloading 0 native plugins for Editor in 0.00 ms.
Invoked RoslynAnalysisRunner static constructor.
RoslynAnalysisRunner will not be running.
RoslynAnalysisRunner has terminated.
Mono: successfully reloaded assembly
- Completed reload, in  0.819 seconds
Platform modules already initialized, skipping
Refreshing native plugins compatible for Editor in 0.38 ms, found 1 plugins.
Preloading 0 native plugins for Editor in 0.00 ms.
Unloading 1810 Unused Serialized files (Serialized files now loaded: 0)
System memory in use before: 85.3 MB.
System memory in use after: 85.2 MB.

Unloading 12 unused Assets to reduce memory usage. Loaded Objects now: 2362.
Total: 2.450400 ms (FindLiveObjects: 0.331800 ms CreateObjectMapping: 0.068900 ms MarkObjects: 1.930000 ms  DeleteObjects: 0.118800 ms)

========================================================================
Received Prepare
Registering precompiled user dll's ...
Registered in 0.001049 seconds.
Begin MonoManager ReloadAssembly
Native extension for WindowsStandalone target not found
Refreshing native plugins compatible for Editor in 0.37 ms, found 1 plugins.
Preloading 0 native plugins for Editor in 0.00 ms.
Invoked RoslynAnalysisRunner static constructor.
RoslynAnalysisRunner will not be running.
RoslynAnalysisRunner has terminated.
Mono: successfully reloaded assembly
- Completed reload, in  0.815 seconds
Platform modules already initialized, skipping
Refreshing native plugins compatible for Editor in 0.37 ms, found 1 plugins.
Preloading 0 native plugins for Editor in 0.00 ms.
Unloading 1810 Unused Serialized files (Serialized files now loaded: 0)
System memory in use before: 85.3 MB.
System memory in use after: 85.2 MB.

Unloading 12 unused Assets to reduce memory usage. Loaded Objects now: 2366.
Total: 2.196900 ms (FindLiveObjects: 0.206900 ms CreateObjectMapping: 0.075200 ms MarkObjects: 1.771300 ms  DeleteObjects: 0.142500 ms)

========================================================================
Received Prepare
Registering precompiled user dll's ...
Registered in 0.000929 seconds.
Begin MonoManager ReloadAssembly
Native extension for WindowsStandalone target not found
Refreshing native plugins compatible for Editor in 0.37 ms, found 1 plugins.
Preloading 0 native plugins for Editor in 0.00 ms.
Invoked RoslynAnalysisRunner static constructor.
RoslynAnalysisRunner will not be running.
RoslynAnalysisRunner has terminated.
Mono: successfully reloaded assembly
- Completed reload, in  0.925 seconds
Platform modules already initialized, skipping
Refreshing native plugins compatible for Editor in 0.44 ms, found 1 plugins.
Preloading 0 native plugins for Editor in 0.00 ms.
Unloading 1810 Unused Serialized files (Serialized files now loaded: 0)
System memory in use before: 85.3 MB.
System memory in use after: 85.2 MB.

Unloading 12 unused Assets to reduce memory usage. Loaded Objects now: 2370.
Total: 2.223400 ms (FindLiveObjects: 0.198600 ms CreateObjectMapping: 0.073800 ms MarkObjects: 1.844900 ms  DeleteObjects: 0.105200 ms)

========================================================================
Received Prepare
Registering precompiled user dll's ...
Registered in 0.001119 seconds.
Begin MonoManager ReloadAssembly
Native extension for WindowsStandalone target not found
Refreshing native plugins compatible for Editor in 0.42 ms, found 1 plugins.
Preloading 0 native plugins for Editor in 0.00 ms.
Invoked RoslynAnalysisRunner static constructor.
RoslynAnalysisRunner will not be running.
RoslynAnalysisRunner has terminated.
Mono: successfully reloaded assembly
- Completed reload, in  0.941 seconds
Platform modules already initialized, skipping
Refreshing native plugins compatible for Editor in 0.38 ms, found 1 plugins.
Preloading 0 native plugins for Editor in 0.00 ms.
Unloading 1810 Unused Serialized files (Serialized files now loaded: 0)
System memory in use before: 85.3 MB.
System memory in use after: 85.3 MB.

Unloading 12 unused Assets to reduce memory usage. Loaded Objects now: 2374.
Total: 2.125000 ms (FindLiveObjects: 0.216000 ms CreateObjectMapping: 0.083400 ms MarkObjects: 1.718200 ms  DeleteObjects: 0.106400 ms)

========================================================================
Received Prepare
Registering precompiled user dll's ...
Registered in 0.001165 seconds.
Begin MonoManager ReloadAssembly
Native extension for WindowsStandalone target not found
Refreshing native plugins compatible for Editor in 0.42 ms, found 1 plugins.
Preloading 0 native plugins for Editor in 0.00 ms.
Invoked RoslynAnalysisRunner static constructor.
RoslynAnalysisRunner will not be running.
RoslynAnalysisRunner has terminated.
Mono: successfully reloaded assembly
- Completed reload, in  0.941 seconds
Platform modules already initialized, skipping
Refreshing native plugins compatible for Editor in 0.38 ms, found 1 plugins.
Preloading 0 native plugins for Editor in 0.00 ms.
Unloading 1810 Unused Serialized files (Serialized files now loaded: 0)
System memory in use before: 85.3 MB.
System memory in use after: 85.3 MB.

Unloading 12 unused Assets to reduce memory usage. Loaded Objects now: 2378.
Total: 2.208600 ms (FindLiveObjects: 0.218000 ms CreateObjectMapping: 0.081800 ms MarkObjects: 1.779700 ms  DeleteObjects: 0.127800 ms)

========================================================================
Received Prepare
Registering precompiled user dll's ...
Registered in 0.001112 seconds.
Begin MonoManager ReloadAssembly
Native extension for WindowsStandalone target not found
Refreshing native plugins compatible for Editor in 0.42 ms, found 1 plugins.
Preloading 0 native plugins for Editor in 0.00 ms.
Invoked RoslynAnalysisRunner static constructor.
RoslynAnalysisRunner will not be running.
RoslynAnalysisRunner has terminated.
Mono: successfully reloaded assembly
- Completed reload, in  0.944 seconds
Platform modules already initialized, skipping
Refreshing native plugins compatible for Editor in 0.42 ms, found 1 plugins.
Preloading 0 native plugins for Editor in 0.00 ms.
Unloading 1810 Unused Serialized files (Serialized files now loaded: 0)
System memory in use before: 85.3 MB.
System memory in use after: 85.3 MB.

Unloading 12 unused Assets to reduce memory usage. Loaded Objects now: 2382.
Total: 2.542100 ms (FindLiveObjects: 0.396900 ms CreateObjectMapping: 0.141900 ms MarkObjects: 1.892500 ms  DeleteObjects: 0.109600 ms)

========================================================================
Received Prepare
Registering precompiled user dll's ...
Registered in 0.001159 seconds.
Begin MonoManager ReloadAssembly
Native extension for WindowsStandalone target not found
Refreshing native plugins compatible for Editor in 0.36 ms, found 1 plugins.
Preloading 0 native plugins for Editor in 0.00 ms.
Invoked RoslynAnalysisRunner static constructor.
RoslynAnalysisRunner will not be running.
RoslynAnalysisRunner has terminated.
Mono: successfully reloaded assembly
- Completed reload, in  0.787 seconds
Platform modules already initialized, skipping
Refreshing native plugins compatible for Editor in 0.37 ms, found 1 plugins.
Preloading 0 native plugins for Editor in 0.00 ms.
Unloading 1810 Unused Serialized files (Serialized files now loaded: 0)
System memory in use before: 85.3 MB.
System memory in use after: 85.3 MB.

Unloading 12 unused Assets to reduce memory usage. Loaded Objects now: 2386.
Total: 2.889700 ms (FindLiveObjects: 0.244000 ms CreateObjectMapping: 0.121700 ms MarkObjects: 2.399300 ms  DeleteObjects: 0.123400 ms)

========================================================================
Received Prepare
Registering precompiled user dll's ...
Registered in 0.001158 seconds.
Begin MonoManager ReloadAssembly
Native extension for WindowsStandalone target not found
Refreshing native plugins compatible for Editor in 0.43 ms, found 1 plugins.
Preloading 0 native plugins for Editor in 0.00 ms.
Invoked RoslynAnalysisRunner static constructor.
RoslynAnalysisRunner will not be running.
RoslynAnalysisRunner has terminated.
Mono: successfully reloaded assembly
- Completed reload, in  0.933 seconds
Platform modules already initialized, skipping
Refreshing native plugins compatible for Editor in 0.38 ms, found 1 plugins.
Preloading 0 native plugins for Editor in 0.00 ms.
Unloading 1810 Unused Serialized files (Serialized files now loaded: 0)
System memory in use before: 85.3 MB.
System memory in use after: 85.3 MB.

Unloading 12 unused Assets to reduce memory usage. Loaded Objects now: 2390.
Total: 2.737400 ms (FindLiveObjects: 0.344500 ms CreateObjectMapping: 0.153000 ms MarkObjects: 2.110500 ms  DeleteObjects: 0.128200 ms)

========================================================================
Received Prepare
Registering precompiled user dll's ...
Registered in 0.001786 seconds.
Begin MonoManager ReloadAssembly
Native extension for WindowsStandalone target not found
Refreshing native plugins compatible for Editor in 0.43 ms, found 1 plugins.
Preloading 0 native plugins for Editor in 0.00 ms.
Invoked RoslynAnalysisRunner static constructor.
RoslynAnalysisRunner will not be running.
RoslynAnalysisRunner has terminated.
Mono: successfully reloaded assembly
- Completed reload, in  1.391 seconds
Platform modules already initialized, skipping
Refreshing native plugins compatible for Editor in 0.74 ms, found 1 plugins.
Preloading 0 native plugins for Editor in 0.00 ms.
Unloading 1810 Unused Serialized files (Serialized files now loaded: 0)
System memory in use before: 85.3 MB.
System memory in use after: 85.3 MB.

Unloading 12 unused Assets to reduce memory usage. Loaded Objects now: 2394.
Total: 3.220100 ms (FindLiveObjects: 0.256900 ms CreateObjectMapping: 0.123800 ms MarkObjects: 2.699600 ms  DeleteObjects: 0.138300 ms)

========================================================================
Received Prepare
Registering precompiled user dll's ...
Registered in 0.001047 seconds.
Begin MonoManager ReloadAssembly
Native extension for WindowsStandalone target not found
Refreshing native plugins compatible for Editor in 0.33 ms, found 1 plugins.
Preloading 0 native plugins for Editor in 0.00 ms.
Invoked RoslynAnalysisRunner static constructor.
RoslynAnalysisRunner will not be running.
RoslynAnalysisRunner has terminated.
Mono: successfully reloaded assembly
- Completed reload, in  0.889 seconds
Platform modules already initialized, skipping
Refreshing native plugins compatible for Editor in 0.37 ms, found 1 plugins.
Preloading 0 native plugins for Editor in 0.00 ms.
Unloading 1810 Unused Serialized files (Serialized files now loaded: 0)
System memory in use before: 85.3 MB.
System memory in use after: 85.3 MB.

Unloading 12 unused Assets to reduce memory usage. Loaded Objects now: 2398.
Total: 2.461900 ms (FindLiveObjects: 0.302300 ms CreateObjectMapping: 0.104900 ms MarkObjects: 1.912600 ms  DeleteObjects: 0.141200 ms)

========================================================================
Received Prepare
Registering precompiled user dll's ...
Registered in 0.001079 seconds.
Begin MonoManager ReloadAssembly
Native extension for WindowsStandalone target not found
Refreshing native plugins compatible for Editor in 0.35 ms, found 1 plugins.
Preloading 0 native plugins for Editor in 0.00 ms.
Invoked RoslynAnalysisRunner static constructor.
RoslynAnalysisRunner will not be running.
RoslynAnalysisRunner has terminated.
Mono: successfully reloaded assembly
- Completed reload, in  0.889 seconds
Platform modules already initialized, skipping
Refreshing native plugins compatible for Editor in 0.42 ms, found 1 plugins.
Preloading 0 native plugins for Editor in 0.00 ms.
Unloading 1810 Unused Serialized files (Serialized files now loaded: 0)
System memory in use before: 85.4 MB.
System memory in use after: 85.3 MB.

Unloading 12 unused Assets to reduce memory usage. Loaded Objects now: 2402.
Total: 2.345400 ms (FindLiveObjects: 0.272900 ms CreateObjectMapping: 0.117500 ms MarkObjects: 1.842800 ms  DeleteObjects: 0.111000 ms)

========================================================================
Received Import Request.
  Time since last request: 404.700422 seconds.
  path: Assets/Scenes/untitiled.unity
  artifactKey: Guid(e5dfa85572085984494635f5961e7c05) Importer(815301076,1909f56bfc062723c751e8b465ee728b)
Start importing Assets/Scenes/untitiled.unity using Guid(e5dfa85572085984494635f5961e7c05) Importer(815301076,1909f56bfc062723c751e8b465ee728b)  -> (artifact id: '9b012601014501f6636c2546a25794ee') in 0.021786 seconds
  Import took 0.024900 seconds .

========================================================================
Received Import Request.
  Time since last request: 1.006808 seconds.
  path: Assets/Scenes/moving background.unity
  artifactKey: Guid(f96da6bb94438a64e9790844299e3e24) Importer(815301076,1909f56bfc062723c751e8b465ee728b)
Start importing Assets/Scenes/moving background.unity using Guid(f96da6bb94438a64e9790844299e3e24) Importer(815301076,1909f56bfc062723c751e8b465ee728b)  -> (artifact id: '90d96316900bdcbdaad58cc7de11e02e') in 0.003021 seconds
  Import took 0.006698 seconds .

========================================================================
Received Import Request.
  Time since last request: 24.100442 seconds.
  path: Assets/Free 2D Adventure Beach Pack/sunset-backgrounds/sunset-beach-cloud-01.png
  artifactKey: Guid(8aed4928e775b05458e7c052024c5b57) Importer(815301076,1909f56bfc062723c751e8b465ee728b)
Start importing Assets/Free 2D Adventure Beach Pack/sunset-backgrounds/sunset-beach-cloud-01.png using Guid(8aed4928e775b05458e7c052024c5b57) Importer(815301076,1909f56bfc062723c751e8b465ee728b)  -> (artifact id: 'a6cbf1942cf9738b265451e70c243f66') in 0.137631 seconds
  Import took 0.141029 seconds .

========================================================================
Received Import Request.
  Time since last request: 1.092481 seconds.
  path: Assets/Free 2D Adventure Beach Pack/sunset-backgrounds/sunset-beach-cloud-03.png
  artifactKey: Guid(e4ecc41854fd60443a31fe65d8013f71) Importer(815301076,1909f56bfc062723c751e8b465ee728b)
Start importing Assets/Free 2D Adventure Beach Pack/sunset-backgrounds/sunset-beach-cloud-03.png using Guid(e4ecc41854fd60443a31fe65d8013f71) Importer(815301076,1909f56bfc062723c751e8b465ee728b)  -> (artifact id: '822860597ed34f61d1e7964363afdeb8') in 0.020090 seconds
  Import took 0.023747 seconds .

========================================================================
Received Import Request.
  Time since last request: 0.885045 seconds.
  path: Assets/Free 2D Adventure Beach Pack/sunset-backgrounds/sunset-beach-mountain-01.png
  artifactKey: Guid(16d7cbbe79dd16e489cd088551c93c95) Importer(815301076,1909f56bfc062723c751e8b465ee728b)
Start importing Assets/Free 2D Adventure Beach Pack/sunset-backgrounds/sunset-beach-mountain-01.png using Guid(16d7cbbe79dd16e489cd088551c93c95) Importer(815301076,1909f56bfc062723c751e8b465ee728b)  -> (artifact id: '2426441b4ec0015c69d76fa8f547e6fc') in 0.040030 seconds
  Import took 0.043473 seconds .

========================================================================
Received Import Request.
  Time since last request: 0.558514 seconds.
  path: Assets/Free 2D Adventure Beach Pack/sunset-backgrounds/sunset-beach-sky.png
  artifactKey: Guid(77aaa989fb436984f88203f41e3010c9) Importer(815301076,1909f56bfc062723c751e8b465ee728b)
Start importing Assets/Free 2D Adventure Beach Pack/sunset-backgrounds/sunset-beach-sky.png using Guid(77aaa989fb436984f88203f41e3010c9) Importer(815301076,1909f56bfc062723c751e8b465ee728b)  -> (artifact id: '1d843506885bb6defb9b103b8f78bc3e') in 0.027275 seconds
  Import took 0.031815 seconds .

========================================================================
Received Import Request.
  Time since last request: 1.002485 seconds.
  path: Assets/Free 2D Adventure Beach Pack/sunset-backgrounds/sunset-sea.png
  artifactKey: Guid(845dd1b2a35a50a47bbcf4c5fc69ecca) Importer(815301076,1909f56bfc062723c751e8b465ee728b)
Start importing Assets/Free 2D Adventure Beach Pack/sunset-backgrounds/sunset-sea.png using Guid(845dd1b2a35a50a47bbcf4c5fc69ecca) Importer(815301076,1909f56bfc062723c751e8b465ee728b)  -> (artifact id: 'ab286970b197e8b52a75155c98eb75ec') in 0.024551 seconds
  Import took 0.028843 seconds .

========================================================================
Received Import Request.
  Time since last request: 1.125952 seconds.
  path: Assets/Free 2D Adventure Beach Pack/sunset-backgrounds/sunset-wave-01.png
  artifactKey: Guid(cef95f086fda84140b17040b5aee84c6) Importer(815301076,1909f56bfc062723c751e8b465ee728b)
Start importing Assets/Free 2D Adventure Beach Pack/sunset-backgrounds/sunset-wave-01.png using Guid(cef95f086fda84140b17040b5aee84c6) Importer(815301076,1909f56bfc062723c751e8b465ee728b)  -> (artifact id: 'ef8596105581ab6fc0aa6db6215ff42b') in 0.041588 seconds
  Import took 0.044941 seconds .

========================================================================
Received Import Request.
  Time since last request: 41.682230 seconds.
  path: Assets/Free 2D Adventure Beach Pack
  artifactKey: Guid(e900b49db3f7fd24898e7fc99b011371) Importer(815301076,1909f56bfc062723c751e8b465ee728b)
Start importing Assets/Free 2D Adventure Beach Pack using Guid(e900b49db3f7fd24898e7fc99b011371) Importer(815301076,1909f56bfc062723c751e8b465ee728b)  -> (artifact id: 'a695b89f49b0db660009b4971483aa76') in 0.016375 seconds
  Import took 0.020010 seconds .

========================================================================
Received Import Request.
  Time since last request: 76.716101 seconds.
  path: Assets/ParallaxDuskMountainBackgroundArtwork
  artifactKey: Guid(c1ab9520ca3b0984aa249d52c6015557) Importer(815301076,1909f56bfc062723c751e8b465ee728b)
Start importing Assets/ParallaxDuskMountainBackgroundArtwork using Guid(c1ab9520ca3b0984aa249d52c6015557) Importer(815301076,1909f56bfc062723c751e8b465ee728b)  -> (artifact id: '80cf31bf2b7550954cb284d170286278') in 0.013976 seconds
  Import took 0.018779 seconds .

========================================================================
Received Import Request.
  Time since last request: 2.822059 seconds.
  path: Assets/ParallaxDuskMountainBackgroundArtwork/Layers/parallax-mountain-bg.png
  artifactKey: Guid(8561de75836fa478e9cb13037cb8d396) Importer(815301076,1909f56bfc062723c751e8b465ee728b)
Start importing Assets/ParallaxDuskMountainBackgroundArtwork/Layers/parallax-mountain-bg.png using Guid(8561de75836fa478e9cb13037cb8d396) Importer(815301076,1909f56bfc062723c751e8b465ee728b)  -> (artifact id: 'd822ad6b26cc8a1e17b31f0b026a479d') in 0.043094 seconds
  Import took 0.046256 seconds .

========================================================================
Received Import Request.
  Time since last request: 2.145669 seconds.
  path: Assets/ParallaxDuskMountainBackgroundArtwork/Layers/parallax-mountain-foreground-trees.png
  artifactKey: Guid(243da51c68b05408bacd465761bf3ccd) Importer(815301076,1909f56bfc062723c751e8b465ee728b)
Start importing Assets/ParallaxDuskMountainBackgroundArtwork/Layers/parallax-mountain-foreground-trees.png using Guid(243da51c68b05408bacd465761bf3ccd) Importer(815301076,1909f56bfc062723c751e8b465ee728b)  -> (artifact id: '7db4b5ca5fb9245be4f17ce4456de6d2') in 0.024520 seconds
  Import took 0.029694 seconds .

========================================================================
Received Import Request.
  Time since last request: 0.501545 seconds.
  path: Assets/ParallaxDuskMountainBackgroundArtwork/Layers/parallax-mountain-montain-far.png
  artifactKey: Guid(4b7c10231d5894a75a97394241166338) Importer(815301076,1909f56bfc062723c751e8b465ee728b)
Start importing Assets/ParallaxDuskMountainBackgroundArtwork/Layers/parallax-mountain-montain-far.png using Guid(4b7c10231d5894a75a97394241166338) Importer(815301076,1909f56bfc062723c751e8b465ee728b)  -> (artifact id: '250a7d9311b332c43a2c74b36977f97b') in 0.020041 seconds
  Import took 0.024602 seconds .

========================================================================
Received Import Request.
  Time since last request: 0.420471 seconds.
  path: Assets/ParallaxDuskMountainBackgroundArtwork/Layers/parallax-mountain-mountains.png
  artifactKey: Guid(bd2ed19c600664c93be55455c8a85686) Importer(815301076,1909f56bfc062723c751e8b465ee728b)
Start importing Assets/ParallaxDuskMountainBackgroundArtwork/Layers/parallax-mountain-mountains.png using Guid(bd2ed19c600664c93be55455c8a85686) Importer(815301076,1909f56bfc062723c751e8b465ee728b)  -> (artifact id: 'ee966bad14eb59e7fd9613d2795781d7') in 0.023844 seconds
  Import took 0.028785 seconds .

========================================================================
Received Import Request.
  Time since last request: 0.549834 seconds.
  path: Assets/ParallaxDuskMountainBackgroundArtwork/Layers/parallax-mountain-trees.png
  artifactKey: Guid(fc3e44d61eb0a4d23a4a8ba0f7e28b5a) Importer(815301076,1909f56bfc062723c751e8b465ee728b)
Start importing Assets/ParallaxDuskMountainBackgroundArtwork/Layers/parallax-mountain-trees.png using Guid(fc3e44d61eb0a4d23a4a8ba0f7e28b5a) Importer(815301076,1909f56bfc062723c751e8b465ee728b)  -> (artifact id: '7f08b91ee44d2cfc82bd4b28a1a69941') in 0.025511 seconds
  Import took 0.029673 seconds .

========================================================================
Received Import Request.
  Time since last request: 361.340253 seconds.
  path: Assets/ParallaxDuskMountainBackgroundArtwork/Layers/Materials
  artifactKey: Guid(b0d0a61e2c08da14d822c3c21459d0c5) Importer(815301076,1909f56bfc062723c751e8b465ee728b)
Start importing Assets/ParallaxDuskMountainBackgroundArtwork/Layers/Materials using Guid(b0d0a61e2c08da14d822c3c21459d0c5) Importer(815301076,1909f56bfc062723c751e8b465ee728b)  -> (artifact id: '85676198e07ccdfe4b780541886e3170') in 0.014696 seconds
  Import took 0.018979 seconds .

========================================================================
Received Import Request.
  Time since last request: 360.844608 seconds.
  path: Assets/Scripts/movingBackground.cs
  artifactKey: Guid(7cf8ecfd02e7c9d41aa7fb87850b73f1) Importer(815301076,1909f56bfc062723c751e8b465ee728b)
Start importing Assets/Scripts/movingBackground.cs using Guid(7cf8ecfd02e7c9d41aa7fb87850b73f1) Importer(815301076,1909f56bfc062723c751e8b465ee728b)  -> (artifact id: 'b9bf021a7288f7d738cfef87984dbaf4') in 0.017041 seconds
  Import took 1.580288 seconds .

========================================================================
Received Prepare
Registering precompiled user dll's ...
Registered in 0.001072 seconds.
Begin MonoManager ReloadAssembly
Native extension for WindowsStandalone target not found
Refreshing native plugins compatible for Editor in 0.37 ms, found 1 plugins.
Preloading 0 native plugins for Editor in 0.00 ms.
Invoked RoslynAnalysisRunner static constructor.
RoslynAnalysisRunner will not be running.
RoslynAnalysisRunner has terminated.
Mono: successfully reloaded assembly
- Completed reload, in  1.326 seconds
Platform modules already initialized, skipping
Refreshing native plugins compatible for Editor in 0.35 ms, found 1 plugins.
Preloading 0 native plugins for Editor in 0.00 ms.
Unloading 1811 Unused Serialized files (Serialized files now loaded: 0)
System memory in use before: 88.5 MB.
System memory in use after: 88.5 MB.

Unloading 12 unused Assets to reduce memory usage. Loaded Objects now: 2425.
Total: 2.184200 ms (FindLiveObjects: 0.213500 ms CreateObjectMapping: 0.078700 ms MarkObjects: 1.770300 ms  DeleteObjects: 0.120700 ms)

========================================================================
Received Prepare
Registering precompiled user dll's ...
Registered in 0.001327 seconds.
Begin MonoManager ReloadAssembly
Native extension for WindowsStandalone target not found
Refreshing native plugins compatible for Editor in 0.33 ms, found 1 plugins.
Preloading 0 native plugins for Editor in 0.00 ms.
Invoked RoslynAnalysisRunner static constructor.
RoslynAnalysisRunner will not be running.
RoslynAnalysisRunner has terminated.
Mono: successfully reloaded assembly
- Completed reload, in  0.944 seconds
Platform modules already initialized, skipping
Refreshing native plugins compatible for Editor in 0.39 ms, found 1 plugins.
Preloading 0 native plugins for Editor in 0.00 ms.
Unloading 1811 Unused Serialized files (Serialized files now loaded: 0)
System memory in use before: 88.5 MB.
System memory in use after: 88.5 MB.

Unloading 12 unused Assets to reduce memory usage. Loaded Objects now: 2429.
Total: 3.190300 ms (FindLiveObjects: 0.594700 ms CreateObjectMapping: 0.163000 ms MarkObjects: 2.310200 ms  DeleteObjects: 0.121500 ms)

========================================================================
Received Import Request.
  Time since last request: 161.208462 seconds.
  path: Assets/Scripts/movingBackground.cs
  artifactKey: Guid(7cf8ecfd02e7c9d41aa7fb87850b73f1) Importer(815301076,1909f56bfc062723c751e8b465ee728b)
Start importing Assets/Scripts/movingBackground.cs using Guid(7cf8ecfd02e7c9d41aa7fb87850b73f1) Importer(815301076,1909f56bfc062723c751e8b465ee728b)  -> (artifact id: 'daacc7e479367f8a7a938a151b63edce') in 0.004468 seconds
  Import took 0.008932 seconds .

========================================================================
Received Prepare
Registering precompiled user dll's ...
Registered in 0.001185 seconds.
Begin MonoManager ReloadAssembly
Native extension for WindowsStandalone target not found
Refreshing native plugins compatible for Editor in 0.47 ms, found 1 plugins.
Preloading 0 native plugins for Editor in 0.00 ms.
Invoked RoslynAnalysisRunner static constructor.
RoslynAnalysisRunner will not be running.
RoslynAnalysisRunner has terminated.
Mono: successfully reloaded assembly
- Completed reload, in  0.952 seconds
Platform modules already initialized, skipping
Refreshing native plugins compatible for Editor in 0.40 ms, found 1 plugins.
Preloading 0 native plugins for Editor in 0.00 ms.
Unloading 1811 Unused Serialized files (Serialized files now loaded: 0)
System memory in use before: 88.5 MB.
System memory in use after: 88.5 MB.

Unloading 12 unused Assets to reduce memory usage. Loaded Objects now: 2433.
Total: 2.491800 ms (FindLiveObjects: 0.230500 ms CreateObjectMapping: 0.097200 ms MarkObjects: 2.042100 ms  DeleteObjects: 0.121000 ms)

========================================================================
Received Prepare
Registering precompiled user dll's ...
Registered in 0.001045 seconds.
Begin MonoManager ReloadAssembly
Native extension for WindowsStandalone target not found
Refreshing native plugins compatible for Editor in 0.37 ms, found 1 plugins.
Preloading 0 native plugins for Editor in 0.00 ms.
Invoked RoslynAnalysisRunner static constructor.
RoslynAnalysisRunner will not be running.
RoslynAnalysisRunner has terminated.
Mono: successfully reloaded assembly
- Completed reload, in  0.944 seconds
Platform modules already initialized, skipping
Refreshing native plugins compatible for Editor in 0.45 ms, found 1 plugins.
Preloading 0 native plugins for Editor in 0.00 ms.
Unloading 1811 Unused Serialized files (Serialized files now loaded: 0)
System memory in use before: 88.5 MB.
System memory in use after: 88.5 MB.

Unloading 12 unused Assets to reduce memory usage. Loaded Objects now: 2437.
Total: 2.537300 ms (FindLiveObjects: 0.383300 ms CreateObjectMapping: 0.128800 ms MarkObjects: 1.905700 ms  DeleteObjects: 0.118300 ms)

========================================================================
Received Prepare
Registering precompiled user dll's ...
Registered in 0.001106 seconds.
Begin MonoManager ReloadAssembly
Native extension for WindowsStandalone target not found
Refreshing native plugins compatible for Editor in 0.43 ms, found 1 plugins.
Preloading 0 native plugins for Editor in 0.00 ms.
Invoked RoslynAnalysisRunner static constructor.
RoslynAnalysisRunner will not be running.
RoslynAnalysisRunner has terminated.
Mono: successfully reloaded assembly
- Completed reload, in  0.930 seconds
Platform modules already initialized, skipping
Refreshing native plugins compatible for Editor in 0.40 ms, found 1 plugins.
Preloading 0 native plugins for Editor in 0.00 ms.
Unloading 1811 Unused Serialized files (Serialized files now loaded: 0)
System memory in use before: 88.5 MB.
System memory in use after: 88.5 MB.

Unloading 12 unused Assets to reduce memory usage. Loaded Objects now: 2441.
Total: 2.256400 ms (FindLiveObjects: 0.205000 ms CreateObjectMapping: 0.096200 ms MarkObjects: 1.849200 ms  DeleteObjects: 0.105100 ms)

========================================================================
Received Prepare
Registering precompiled user dll's ...
Registered in 0.001084 seconds.
Begin MonoManager ReloadAssembly
Native extension for WindowsStandalone target not found
Refreshing native plugins compatible for Editor in 0.36 ms, found 1 plugins.
Preloading 0 native plugins for Editor in 0.00 ms.
Invoked RoslynAnalysisRunner static constructor.
RoslynAnalysisRunner will not be running.
RoslynAnalysisRunner has terminated.
Mono: successfully reloaded assembly
- Completed reload, in  0.899 seconds
Platform modules already initialized, skipping
Refreshing native plugins compatible for Editor in 0.37 ms, found 1 plugins.
Preloading 0 native plugins for Editor in 0.00 ms.
Unloading 1811 Unused Serialized files (Serialized files now loaded: 0)
System memory in use before: 88.5 MB.
System memory in use after: 88.5 MB.

Unloading 12 unused Assets to reduce memory usage. Loaded Objects now: 2445.
Total: 2.101600 ms (FindLiveObjects: 0.216900 ms CreateObjectMapping: 0.106400 ms MarkObjects: 1.683800 ms  DeleteObjects: 0.093600 ms)

========================================================================
Received Import Request.
  Time since last request: 116.434251 seconds.
  path: Assets/parallax-mountain-bg.png
  artifactKey: Guid(8561de75836fa478e9cb13037cb8d396) Importer(815301076,1909f56bfc062723c751e8b465ee728b)
Start importing Assets/parallax-mountain-bg.png using Guid(8561de75836fa478e9cb13037cb8d396) Importer(815301076,1909f56bfc062723c751e8b465ee728b)  -> (artifact id: '1c59fcf12265b30d4829829ce1ac0b67') in 0.059955 seconds
  Import took 0.065406 seconds .

========================================================================
Received Prepare
Registering precompiled user dll's ...
Registered in 0.001143 seconds.
Begin MonoManager ReloadAssembly
Native extension for WindowsStandalone target not found
Refreshing native plugins compatible for Editor in 0.39 ms, found 1 plugins.
Preloading 0 native plugins for Editor in 0.00 ms.
Invoked RoslynAnalysisRunner static constructor.
RoslynAnalysisRunner will not be running.
RoslynAnalysisRunner has terminated.
Mono: successfully reloaded assembly
- Completed reload, in  0.933 seconds
Platform modules already initialized, skipping
Refreshing native plugins compatible for Editor in 0.37 ms, found 1 plugins.
Preloading 0 native plugins for Editor in 0.00 ms.
Unloading 1811 Unused Serialized files (Serialized files now loaded: 0)
System memory in use before: 88.5 MB.
System memory in use after: 88.5 MB.

Unloading 12 unused Assets to reduce memory usage. Loaded Objects now: 2450.
Total: 2.113200 ms (FindLiveObjects: 0.210500 ms CreateObjectMapping: 0.070600 ms MarkObjects: 1.722300 ms  DeleteObjects: 0.109100 ms)

========================================================================
Received Prepare
Registering precompiled user dll's ...
Registered in 0.000961 seconds.
Begin MonoManager ReloadAssembly
Native extension for WindowsStandalone target not found
Refreshing native plugins compatible for Editor in 0.35 ms, found 1 plugins.
Preloading 0 native plugins for Editor in 0.00 ms.
Invoked RoslynAnalysisRunner static constructor.
RoslynAnalysisRunner will not be running.
RoslynAnalysisRunner has terminated.
Mono: successfully reloaded assembly
- Completed reload, in  0.839 seconds
Platform modules already initialized, skipping
Refreshing native plugins compatible for Editor in 0.37 ms, found 1 plugins.
Preloading 0 native plugins for Editor in 0.00 ms.
Unloading 1811 Unused Serialized files (Serialized files now loaded: 0)
System memory in use before: 88.6 MB.
System memory in use after: 88.5 MB.

Unloading 12 unused Assets to reduce memory usage. Loaded Objects now: 2454.
Total: 2.176800 ms (FindLiveObjects: 0.268300 ms CreateObjectMapping: 0.104400 ms MarkObjects: 1.688500 ms  DeleteObjects: 0.114600 ms)

========================================================================
Received Import Request.
  Time since last request: 40.327055 seconds.
  path: Assets/Scripts/background
  artifactKey: Guid(0a46ace52bc1f9c4f8ba25b4b5a28778) Importer(815301076,1909f56bfc062723c751e8b465ee728b)
Start importing Assets/Scripts/background using Guid(0a46ace52bc1f9c4f8ba25b4b5a28778) Importer(815301076,1909f56bfc062723c751e8b465ee728b)  -> (artifact id: '38400361925918f1136b3fff052d2c0b') in 0.017046 seconds
  Import took 0.023086 seconds .

========================================================================
Received Import Request.
  Time since last request: 0.001476 seconds.
  path: Assets/Scripts/background
  artifactKey: Guid(0a46ace52bc1f9c4f8ba25b4b5a28778) Importer(815301076,1909f56bfc062723c751e8b465ee728b)
Start importing Assets/Scripts/background using Guid(0a46ace52bc1f9c4f8ba25b4b5a28778) Importer(815301076,1909f56bfc062723c751e8b465ee728b)  -> (artifact id: '38400361925918f1136b3fff052d2c0b') in 0.003837 seconds
  Import took 0.007898 seconds .

========================================================================
Received Import Request.
  Time since last request: 1.725291 seconds.
  path: Assets/Scripts/paralaxBackground.cs
  artifactKey: Guid(b9570dda6aaa60642a868dbe715fb81e) Importer(815301076,1909f56bfc062723c751e8b465ee728b)
Start importing Assets/Scripts/paralaxBackground.cs using Guid(b9570dda6aaa60642a868dbe715fb81e) Importer(815301076,1909f56bfc062723c751e8b465ee728b)  -> (artifact id: '23d81d3067cdf16bcd60073a7ab68bb6') in 0.013283 seconds
  Import took 0.018726 seconds .

========================================================================
Received Import Request.
  Time since last request: 0.009270 seconds.
  path: Assets/Scripts/paralaxBackground.cs
  artifactKey: Guid(b9570dda6aaa60642a868dbe715fb81e) Importer(815301076,1909f56bfc062723c751e8b465ee728b)
Start importing Assets/Scripts/paralaxBackground.cs using Guid(b9570dda6aaa60642a868dbe715fb81e) Importer(815301076,1909f56bfc062723c751e8b465ee728b)  -> (artifact id: '23d81d3067cdf16bcd60073a7ab68bb6') in 0.002725 seconds
  Import took 0.007169 seconds .

========================================================================
Received Prepare
Registering precompiled user dll's ...
Registered in 0.001159 seconds.
Begin MonoManager ReloadAssembly
Native extension for WindowsStandalone target not found
Refreshing native plugins compatible for Editor in 0.34 ms, found 1 plugins.
Preloading 0 native plugins for Editor in 0.00 ms.
Invoked RoslynAnalysisRunner static constructor.
RoslynAnalysisRunner will not be running.
RoslynAnalysisRunner has terminated.
Mono: successfully reloaded assembly
- Completed reload, in  0.852 seconds
Platform modules already initialized, skipping
Refreshing native plugins compatible for Editor in 0.35 ms, found 1 plugins.
Preloading 0 native plugins for Editor in 0.00 ms.
Unloading 1811 Unused Serialized files (Serialized files now loaded: 0)
System memory in use before: 88.6 MB.
System memory in use after: 88.5 MB.

Unloading 12 unused Assets to reduce memory usage. Loaded Objects now: 2458.
Total: 2.496300 ms (FindLiveObjects: 0.311900 ms CreateObjectMapping: 0.150100 ms MarkObjects: 1.888200 ms  DeleteObjects: 0.145100 ms)

========================================================================
Received Import Request.
  Time since last request: 7.777773 seconds.
  path: Assets/Scripts/Bullet.cs
  artifactKey: Guid(0b9e18e9b000e4d44a6ffa98f46f11a1) Importer(815301076,1909f56bfc062723c751e8b465ee728b)
Start importing Assets/Scripts/Bullet.cs using Guid(0b9e18e9b000e4d44a6ffa98f46f11a1) Importer(815301076,1909f56bfc062723c751e8b465ee728b)  -> (artifact id: '5df4d5980b66232d8fc74374c82f0df3') in 0.014706 seconds
  Import took 0.020695 seconds .

========================================================================
Received Import Request.
  Time since last request: 0.672058 seconds.
  path: Assets/Scripts/controller.cs
  artifactKey: Guid(3cc9837e86125334bb01abc272ad688b) Importer(815301076,1909f56bfc062723c751e8b465ee728b)
Start importing Assets/Scripts/controller.cs using Guid(3cc9837e86125334bb01abc272ad688b) Importer(815301076,1909f56bfc062723c751e8b465ee728b)  -> (artifact id: '64df3902720f6bb895ac283301775788') in 0.011605 seconds
  Import took 0.018043 seconds .

========================================================================
Received Import Request.
  Time since last request: 0.003874 seconds.
  path: Assets/Scripts/controller.cs
  artifactKey: Guid(3cc9837e86125334bb01abc272ad688b) Importer(815301076,1909f56bfc062723c751e8b465ee728b)
Start importing Assets/Scripts/controller.cs using Guid(3cc9837e86125334bb01abc272ad688b) Importer(815301076,1909f56bfc062723c751e8b465ee728b)  -> (artifact id: '64df3902720f6bb895ac283301775788') in 0.003598 seconds
  Import took 0.008675 seconds .

========================================================================
Received Import Request.
  Time since last request: 0.280301 seconds.
  path: Assets/Scripts/Enemy.cs
  artifactKey: Guid(0729ed9151ccb0e449d588937c2ba415) Importer(815301076,1909f56bfc062723c751e8b465ee728b)
Start importing Assets/Scripts/Enemy.cs using Guid(0729ed9151ccb0e449d588937c2ba415) Importer(815301076,1909f56bfc062723c751e8b465ee728b)  -> (artifact id: 'b6ecc116fc27925b09b0f9948bd7a216') in 1.549462 seconds
  Import took 1.553945 seconds .

========================================================================
Received Import Request.
  Time since last request: 0.000402 seconds.
  path: Assets/Scripts/spawn.cs
  artifactKey: Guid(933157557b6f27d40aca08fef367b341) Importer(815301076,1909f56bfc062723c751e8b465ee728b)
Start importing Assets/Scripts/spawn.cs using Guid(933157557b6f27d40aca08fef367b341) Importer(815301076,1909f56bfc062723c751e8b465ee728b)  -> (artifact id: '0aef6f6c8aa43ffe9399398b2774f169') in 0.013255 seconds
  Import took 0.021509 seconds .

========================================================================
Received Import Request.
  Time since last request: 5.616568 seconds.
  path: Assets/Scripts/spawning
  artifactKey: Guid(3078e7687c2feed4489dcc85537833a1) Importer(815301076,1909f56bfc062723c751e8b465ee728b)
Start importing Assets/Scripts/spawning using Guid(3078e7687c2feed4489dcc85537833a1) Importer(815301076,1909f56bfc062723c751e8b465ee728b)  -> (artifact id: 'f22a81e4bc8f75ea0806eded7a813a38') in 0.013855 seconds
  Import took 0.018504 seconds .

========================================================================
Received Prepare
Registering precompiled user dll's ...
Registered in 0.001062 seconds.
Begin MonoManager ReloadAssembly
Native extension for WindowsStandalone target not found
Refreshing native plugins compatible for Editor in 0.39 ms, found 1 plugins.
Preloading 0 native plugins for Editor in 0.00 ms.
Invoked RoslynAnalysisRunner static constructor.
RoslynAnalysisRunner will not be running.
RoslynAnalysisRunner has terminated.
Mono: successfully reloaded assembly
- Completed reload, in  1.162 seconds
Platform modules already initialized, skipping
Refreshing native plugins compatible for Editor in 0.37 ms, found 1 plugins.
Preloading 0 native plugins for Editor in 0.00 ms.
Unloading 1811 Unused Serialized files (Serialized files now loaded: 0)
System memory in use before: 88.6 MB.
System memory in use after: 88.6 MB.

Unloading 12 unused Assets to reduce memory usage. Loaded Objects now: 2462.
Total: 2.739900 ms (FindLiveObjects: 0.439000 ms CreateObjectMapping: 0.196200 ms MarkObjects: 1.990000 ms  DeleteObjects: 0.113300 ms)

========================================================================
Received Prepare
Registering precompiled user dll's ...
Registered in 0.001042 seconds.
Begin MonoManager ReloadAssembly
Native extension for WindowsStandalone target not found
Refreshing native plugins compatible for Editor in 0.34 ms, found 1 plugins.
Preloading 0 native plugins for Editor in 0.00 ms.
Invoked RoslynAnalysisRunner static constructor.
RoslynAnalysisRunner will not be running.
RoslynAnalysisRunner has terminated.
Mono: successfully reloaded assembly
- Completed reload, in  0.841 seconds
Platform modules already initialized, skipping
Refreshing native plugins compatible for Editor in 0.35 ms, found 1 plugins.
Preloading 0 native plugins for Editor in 0.00 ms.
Unloading 1811 Unused Serialized files (Serialized files now loaded: 0)
System memory in use before: 88.6 MB.
System memory in use after: 88.6 MB.

Unloading 12 unused Assets to reduce memory usage. Loaded Objects now: 2466.
Total: 2.231100 ms (FindLiveObjects: 0.313300 ms CreateObjectMapping: 0.101700 ms MarkObjects: 1.685600 ms  DeleteObjects: 0.129400 ms)

========================================================================
Received Prepare
Registering precompiled user dll's ...
Registered in 0.001105 seconds.
Begin MonoManager ReloadAssembly
Native extension for WindowsStandalone target not found
Refreshing native plugins compatible for Editor in 0.35 ms, found 1 plugins.
Preloading 0 native plugins for Editor in 0.00 ms.
Invoked RoslynAnalysisRunner static constructor.
RoslynAnalysisRunner will not be running.
RoslynAnalysisRunner has terminated.
Mono: successfully reloaded assembly
- Completed reload, in  0.841 seconds
Platform modules already initialized, skipping
Refreshing native plugins compatible for Editor in 0.37 ms, found 1 plugins.
Preloading 0 native plugins for Editor in 0.00 ms.
Unloading 1811 Unused Serialized files (Serialized files now loaded: 0)
System memory in use before: 88.6 MB.
System memory in use after: 88.6 MB.

Unloading 12 unused Assets to reduce memory usage. Loaded Objects now: 2470.
Total: 2.783400 ms (FindLiveObjects: 0.201200 ms CreateObjectMapping: 0.067500 ms MarkObjects: 2.402600 ms  DeleteObjects: 0.111200 ms)

========================================================================
Received Import Request.
  Time since last request: 35.246706 seconds.
  path: Assets/Scripts/Character
  artifactKey: Guid(19ceb0b132936c84f84f2f7a8df36621) Importer(815301076,1909f56bfc062723c751e8b465ee728b)
Start importing Assets/Scripts/Character using Guid(19ceb0b132936c84f84f2f7a8df36621) Importer(815301076,1909f56bfc062723c751e8b465ee728b)  -> (artifact id: '336d1038a27094387f078400b9c45ba8') in 0.015846 seconds
  Import took 0.021980 seconds .

========================================================================
Received Import Request.
  Time since last request: 0.001228 seconds.
  path: Assets/Scripts/Character
  artifactKey: Guid(19ceb0b132936c84f84f2f7a8df36621) Importer(815301076,1909f56bfc062723c751e8b465ee728b)
Start importing Assets/Scripts/Character using Guid(19ceb0b132936c84f84f2f7a8df36621) Importer(815301076,1909f56bfc062723c751e8b465ee728b)  -> (artifact id: '336d1038a27094387f078400b9c45ba8') in 0.003475 seconds
  Import took 0.008204 seconds .

========================================================================
Received Prepare
Registering precompiled user dll's ...
Registered in 0.001069 seconds.
Begin MonoManager ReloadAssembly
Native extension for WindowsStandalone target not found
Refreshing native plugins compatible for Editor in 0.35 ms, found 1 plugins.
Preloading 0 native plugins for Editor in 0.00 ms.
Invoked RoslynAnalysisRunner static constructor.
RoslynAnalysisRunner will not be running.
RoslynAnalysisRunner has terminated.
Mono: successfully reloaded assembly
- Completed reload, in  0.840 seconds
Platform modules already initialized, skipping
Refreshing native plugins compatible for Editor in 0.37 ms, found 1 plugins.
Preloading 0 native plugins for Editor in 0.00 ms.
Unloading 1811 Unused Serialized files (Serialized files now loaded: 0)
System memory in use before: 88.6 MB.
System memory in use after: 88.6 MB.

Unloading 12 unused Assets to reduce memory usage. Loaded Objects now: 2474.
Total: 2.278700 ms (FindLiveObjects: 0.329300 ms CreateObjectMapping: 0.094300 ms MarkObjects: 1.736900 ms  DeleteObjects: 0.116700 ms)

========================================================================
Received Import Request.
  Time since last request: 19.937296 seconds.
  path: Assets/import
  artifactKey: Guid(18a407523e42c904e95941a434bdeae6) Importer(815301076,1909f56bfc062723c751e8b465ee728b)
Start importing Assets/import using Guid(18a407523e42c904e95941a434bdeae6) Importer(815301076,1909f56bfc062723c751e8b465ee728b)  -> (artifact id: 'e2d21c968d76476e3873c9d66e23940b') in 0.015713 seconds
  Import took 0.020575 seconds .

========================================================================
Received Prepare
Registering precompiled user dll's ...
Registered in 0.001038 seconds.
Begin MonoManager ReloadAssembly
Native extension for WindowsStandalone target not found
Refreshing native plugins compatible for Editor in 0.34 ms, found 1 plugins.
Preloading 0 native plugins for Editor in 0.00 ms.
Invoked RoslynAnalysisRunner static constructor.
RoslynAnalysisRunner will not be running.
RoslynAnalysisRunner has terminated.
Mono: successfully reloaded assembly
- Completed reload, in  0.775 seconds
Platform modules already initialized, skipping
Refreshing native plugins compatible for Editor in 0.37 ms, found 1 plugins.
Preloading 0 native plugins for Editor in 0.00 ms.
Unloading 1811 Unused Serialized files (Serialized files now loaded: 0)
System memory in use before: 88.6 MB.
System memory in use after: 88.6 MB.

Unloading 12 unused Assets to reduce memory usage. Loaded Objects now: 2478.
Total: 1.906200 ms (FindLiveObjects: 0.210500 ms CreateObjectMapping: 0.073800 ms MarkObjects: 1.530200 ms  DeleteObjects: 0.090900 ms)

========================================================================
Received Import Request.
  Time since last request: 69.786280 seconds.
  path: Assets/Scenes/demo
  artifactKey: Guid(d2fe65ede13292741b1a08e8ac0ba7db) Importer(815301076,1909f56bfc062723c751e8b465ee728b)
Start importing Assets/Scenes/demo using Guid(d2fe65ede13292741b1a08e8ac0ba7db) Importer(815301076,1909f56bfc062723c751e8b465ee728b)  -> (artifact id: '1bd6f50888fccf207979f61cd1bf4bc0') in 0.010158 seconds
  Import took 0.013306 seconds .

========================================================================
Received Import Request.
  Time since last request: 68.792602 seconds.
  path: Assets/Scenes/demo/demo.unity
  artifactKey: Guid(0fcf4ac55fbabad4b90dcd45bfab05c5) Importer(815301076,1909f56bfc062723c751e8b465ee728b)
Start importing Assets/Scenes/demo/demo.unity using Guid(0fcf4ac55fbabad4b90dcd45bfab05c5) Importer(815301076,1909f56bfc062723c751e8b465ee728b)  -> (artifact id: '2af42e24fa88f7971a8fc36cbf9ebc00') in 0.020715 seconds
  Import took 0.023932 seconds .

========================================================================
Received Import Request.
  Time since last request: 56.976519 seconds.
  path: Assets/Scripts/background/movingBackground.cs
  artifactKey: Guid(7cf8ecfd02e7c9d41aa7fb87850b73f1) Importer(815301076,1909f56bfc062723c751e8b465ee728b)
Start importing Assets/Scripts/background/movingBackground.cs using Guid(7cf8ecfd02e7c9d41aa7fb87850b73f1) Importer(815301076,1909f56bfc062723c751e8b465ee728b)  -> (artifact id: '600f56dc3e7d51ccde76c9187961ed60') in 0.004952 seconds
  Import took 0.009950 seconds .

========================================================================
Received Prepare
Registering precompiled user dll's ...
Registered in 0.001087 seconds.
Begin MonoManager ReloadAssembly
Native extension for WindowsStandalone target not found
Refreshing native plugins compatible for Editor in 0.39 ms, found 1 plugins.
Preloading 0 native plugins for Editor in 0.00 ms.
Invoked RoslynAnalysisRunner static constructor.
RoslynAnalysisRunner will not be running.
RoslynAnalysisRunner has terminated.
Mono: successfully reloaded assembly
- Completed reload, in  0.926 seconds
Platform modules already initialized, skipping
Refreshing native plugins compatible for Editor in 0.39 ms, found 1 plugins.
Preloading 0 native plugins for Editor in 0.00 ms.
Unloading 1811 Unused Serialized files (Serialized files now loaded: 0)
System memory in use before: 88.6 MB.
System memory in use after: 88.6 MB.

Unloading 12 unused Assets to reduce memory usage. Loaded Objects now: 2482.
Total: 2.401300 ms (FindLiveObjects: 0.335900 ms CreateObjectMapping: 0.118900 ms MarkObjects: 1.840600 ms  DeleteObjects: 0.104700 ms)

========================================================================
Received Prepare
Registering precompiled user dll's ...
Registered in 0.001348 seconds.
Begin MonoManager ReloadAssembly
Native extension for WindowsStandalone target not found
Refreshing native plugins compatible for Editor in 0.34 ms, found 1 plugins.
Preloading 0 native plugins for Editor in 0.00 ms.
Invoked RoslynAnalysisRunner static constructor.
RoslynAnalysisRunner will not be running.
RoslynAnalysisRunner has terminated.
Mono: successfully reloaded assembly
- Completed reload, in  0.746 seconds
Platform modules already initialized, skipping
Refreshing native plugins compatible for Editor in 0.34 ms, found 1 plugins.
Preloading 0 native plugins for Editor in 0.00 ms.
Unloading 1811 Unused Serialized files (Serialized files now loaded: 0)
System memory in use before: 88.6 MB.
System memory in use after: 88.6 MB.

Unloading 12 unused Assets to reduce memory usage. Loaded Objects now: 2486.
Total: 2.290100 ms (FindLiveObjects: 0.339400 ms CreateObjectMapping: 0.099100 ms MarkObjects: 1.753900 ms  DeleteObjects: 0.096300 ms)

========================================================================
Received Import Request.
  Time since last request: 86.793313 seconds.
  path: Assets/Scripts/background/parallaxBackground.cs
  artifactKey: Guid(b9570dda6aaa60642a868dbe715fb81e) Importer(815301076,1909f56bfc062723c751e8b465ee728b)
Start importing Assets/Scripts/background/parallaxBackground.cs using Guid(b9570dda6aaa60642a868dbe715fb81e) Importer(815301076,1909f56bfc062723c751e8b465ee728b)  -> (artifact id: '39ae90d1f956c97b201c584b14c297eb') in 0.018488 seconds
  Import took 0.025886 seconds .

========================================================================
Received Prepare
Registering precompiled user dll's ...
Registered in 0.001044 seconds.
Begin MonoManager ReloadAssembly
Native extension for WindowsStandalone target not found
Refreshing native plugins compatible for Editor in 0.39 ms, found 1 plugins.
Preloading 0 native plugins for Editor in 0.00 ms.
Invoked RoslynAnalysisRunner static constructor.
RoslynAnalysisRunner will not be running.
RoslynAnalysisRunner has terminated.
Mono: successfully reloaded assembly
- Completed reload, in  0.849 seconds
Platform modules already initialized, skipping
Refreshing native plugins compatible for Editor in 0.38 ms, found 1 plugins.
Preloading 0 native plugins for Editor in 0.00 ms.
Unloading 1811 Unused Serialized files (Serialized files now loaded: 0)
System memory in use before: 88.6 MB.
System memory in use after: 88.6 MB.

Unloading 12 unused Assets to reduce memory usage. Loaded Objects now: 2490.
Total: 2.404200 ms (FindLiveObjects: 0.215900 ms CreateObjectMapping: 0.073300 ms MarkObjects: 2.002900 ms  DeleteObjects: 0.111300 ms)

========================================================================
Received Import Request.
  Time since last request: 14.273198 seconds.
  path: Assets/Scenes/moving background.unity
  artifactKey: Guid(f96da6bb94438a64e9790844299e3e24) Importer(815301076,1909f56bfc062723c751e8b465ee728b)
Start importing Assets/Scenes/moving background.unity using Guid(f96da6bb94438a64e9790844299e3e24) Importer(815301076,1909f56bfc062723c751e8b465ee728b)  -> (artifact id: '51c28b7f5993cd82c5300b7eedf46fbb') in 0.021914 seconds
  Import took 0.025861 seconds .

========================================================================
Received Import Request.
  Time since last request: 48.260361 seconds.
  path: Assets/Scenes/2DCharater.unity
  artifactKey: Guid(e5dfa85572085984494635f5961e7c05) Importer(815301076,1909f56bfc062723c751e8b465ee728b)
Start importing Assets/Scenes/2DCharater.unity using Guid(e5dfa85572085984494635f5961e7c05) Importer(815301076,1909f56bfc062723c751e8b465ee728b)  -> (artifact id: '8cee86e09d7e0ba91f58092cb5425e5f') in 0.021845 seconds
  Import took 0.028362 seconds .

========================================================================
Received Prepare
Registering precompiled user dll's ...
Registered in 0.001167 seconds.
Begin MonoManager ReloadAssembly
Native extension for WindowsStandalone target not found
Refreshing native plugins compatible for Editor in 0.43 ms, found 1 plugins.
Preloading 0 native plugins for Editor in 0.00 ms.
Invoked RoslynAnalysisRunner static constructor.
RoslynAnalysisRunner will not be running.
RoslynAnalysisRunner has terminated.
Mono: successfully reloaded assembly
- Completed reload, in  0.995 seconds
Platform modules already initialized, skipping
Refreshing native plugins compatible for Editor in 0.35 ms, found 1 plugins.
Preloading 0 native plugins for Editor in 0.00 ms.
Unloading 1811 Unused Serialized files (Serialized files now loaded: 0)
System memory in use before: 88.7 MB.
System memory in use after: 88.6 MB.

Unloading 12 unused Assets to reduce memory usage. Loaded Objects now: 2494.
Total: 2.094600 ms (FindLiveObjects: 0.200000 ms CreateObjectMapping: 0.075800 ms MarkObjects: 1.726800 ms  DeleteObjects: 0.091100 ms)

========================================================================
Received Import Request.
  Time since last request: 145.535770 seconds.
  path: Assets/Scripts/background/parallaxBackground.cs
  artifactKey: Guid(b9570dda6aaa60642a868dbe715fb81e) Importer(815301076,1909f56bfc062723c751e8b465ee728b)
Start importing Assets/Scripts/background/parallaxBackground.cs using Guid(b9570dda6aaa60642a868dbe715fb81e) Importer(815301076,1909f56bfc062723c751e8b465ee728b)  -> (artifact id: 'd237a592703125e1ca47a2192c3fe38f') in 0.004796 seconds
  Import took 0.009603 seconds .

========================================================================
Received Prepare
Registering precompiled user dll's ...
Registered in 0.001047 seconds.
Begin MonoManager ReloadAssembly
Native extension for WindowsStandalone target not found
Refreshing native plugins compatible for Editor in 0.34 ms, found 1 plugins.
Preloading 0 native plugins for Editor in 0.00 ms.
Invoked RoslynAnalysisRunner static constructor.
RoslynAnalysisRunner will not be running.
RoslynAnalysisRunner has terminated.
Mono: successfully reloaded assembly
- Completed reload, in  0.874 seconds
Platform modules already initialized, skipping
Refreshing native plugins compatible for Editor in 0.41 ms, found 1 plugins.
Preloading 0 native plugins for Editor in 0.00 ms.
Unloading 1811 Unused Serialized files (Serialized files now loaded: 0)
System memory in use before: 88.7 MB.
System memory in use after: 88.6 MB.

Unloading 12 unused Assets to reduce memory usage. Loaded Objects now: 2498.
Total: 2.103700 ms (FindLiveObjects: 0.213400 ms CreateObjectMapping: 0.072900 ms MarkObjects: 1.715300 ms  DeleteObjects: 0.101000 ms)

========================================================================
Received Import Request.
  Time since last request: 68.977031 seconds.
  path: Assets/Scripts/background/parallaxBackground.cs
  artifactKey: Guid(b9570dda6aaa60642a868dbe715fb81e) Importer(815301076,1909f56bfc062723c751e8b465ee728b)
Start importing Assets/Scripts/background/parallaxBackground.cs using Guid(b9570dda6aaa60642a868dbe715fb81e) Importer(815301076,1909f56bfc062723c751e8b465ee728b)  -> (artifact id: 'e6ab7f64cfba03a60d04f3686cd202fc') in 0.004954 seconds
  Import took 0.009359 seconds .

========================================================================
Received Prepare
Registering precompiled user dll's ...
Registered in 0.001045 seconds.
Begin MonoManager ReloadAssembly
Native extension for WindowsStandalone target not found
Refreshing native plugins compatible for Editor in 0.40 ms, found 1 plugins.
Preloading 0 native plugins for Editor in 0.00 ms.
Invoked RoslynAnalysisRunner static constructor.
RoslynAnalysisRunner will not be running.
RoslynAnalysisRunner has terminated.
Mono: successfully reloaded assembly
- Completed reload, in  0.816 seconds
Platform modules already initialized, skipping
Refreshing native plugins compatible for Editor in 0.36 ms, found 1 plugins.
Preloading 0 native plugins for Editor in 0.00 ms.
Unloading 1811 Unused Serialized files (Serialized files now loaded: 0)
System memory in use before: 88.7 MB.
System memory in use after: 88.7 MB.

Unloading 12 unused Assets to reduce memory usage. Loaded Objects now: 2502.
Total: 2.216800 ms (FindLiveObjects: 0.306500 ms CreateObjectMapping: 0.076200 ms MarkObjects: 1.692800 ms  DeleteObjects: 0.140300 ms)

========================================================================
Received Import Request.
  Time since last request: 15.044048 seconds.
  path: Assets/Scenes/demo/demo.unity
  artifactKey: Guid(0fcf4ac55fbabad4b90dcd45bfab05c5) Importer(815301076,1909f56bfc062723c751e8b465ee728b)
Start importing Assets/Scenes/demo/demo.unity using Guid(0fcf4ac55fbabad4b90dcd45bfab05c5) Importer(815301076,1909f56bfc062723c751e8b465ee728b)  -> (artifact id: 'a992e5068317b5ec075b4c85cd795885') in 0.013805 seconds
  Import took 0.018335 seconds .

========================================================================
Received Prepare
Registering precompiled user dll's ...
Registered in 0.001500 seconds.
Begin MonoManager ReloadAssembly
Native extension for WindowsStandalone target not found
Refreshing native plugins compatible for Editor in 0.35 ms, found 1 plugins.
Preloading 0 native plugins for Editor in 0.00 ms.
Invoked RoslynAnalysisRunner static constructor.
RoslynAnalysisRunner will not be running.
RoslynAnalysisRunner has terminated.
Mono: successfully reloaded assembly
- Completed reload, in  0.936 seconds
Platform modules already initialized, skipping
Refreshing native plugins compatible for Editor in 0.36 ms, found 1 plugins.
Preloading 0 native plugins for Editor in 0.00 ms.
Unloading 1811 Unused Serialized files (Serialized files now loaded: 0)
System memory in use before: 88.7 MB.
System memory in use after: 88.7 MB.

Unloading 12 unused Assets to reduce memory usage. Loaded Objects now: 2506.
Total: 2.417900 ms (FindLiveObjects: 0.347200 ms CreateObjectMapping: 0.068200 ms MarkObjects: 1.860900 ms  DeleteObjects: 0.141000 ms)

AssetImportWorkerClient::OnTransportError - code=2 error=End of file
