Using pre-set license
Built from '2020.3/release' branch; Version is '2020.3.2f1 (8fd9074bf66c) revision 9427207'; Using compiler version '192528614'; Build Type 'Release'
OS: 'Windows 10 Pro; OS build 19042.985; Version 2009; 64bit' Language: 'en' Physical Memory: 8047 MB
BatchMode: 1, IsHumanControllingUs: 0, StartBugReporterOnCrash: 0, Is64bit: 1, IsPro: 0

 COMMAND LINE ARGUMENTS:
C:\Program Files\Unity\Hub\Editor\2020.3.2f1\Editor\Unity.exe
-adb2
-batchMode
-noUpm
-name
AssetImportWorker0
-projectPath
E:/Projects/Player2Dmovement
-logFile
Logs/AssetImportWorker0.log
-srvPort
59492
Successfully changed project path to: E:/Projects/Player2Dmovement
E:/Projects/Player2Dmovement
Using Asset Import Pipeline V2.
Refreshing native plugins compatible for Editor in 38.32 ms, found 1 plugins.
Preloading 0 native plugins for Editor in 0.00 ms.
Initialize engine version: 2020.3.2f1 (8fd9074bf66c)
[Subsystems] Discovering subsystems at path C:/Program Files/Unity/Hub/Editor/2020.3.2f1/Editor/Data/Resources/UnitySubsystems
[Subsystems] Discovering subsystems at path E:/Projects/Player2Dmovement/Assets
GfxDevice: creating device client; threaded=0
Direct3D:
    Version:  Direct3D 11.0 [level 11.1]
    Renderer: NVIDIA GeForce GTX 1050 (ID=0x1c8d)
    Vendor:   
    VRAM:     1979 MB
    Driver:   27.21.14.6627
Initialize mono
Mono path[0] = 'C:/Program Files/Unity/Hub/Editor/2020.3.2f1/Editor/Data/Managed'
Mono path[1] = 'C:/Program Files/Unity/Hub/Editor/2020.3.2f1/Editor/Data/MonoBleedingEdge/lib/mono/unityjit'
Mono config path = 'C:/Program Files/Unity/Hub/Editor/2020.3.2f1/Editor/Data/MonoBleedingEdge/etc'
Using monoOptions --debugger-agent=transport=dt_socket,embedding=1,server=y,suspend=n,address=127.0.0.1:56156
Begin MonoManager ReloadAssembly
Registering precompiled unity dll's ...
Register platform support module: C:/Program Files/Unity/Hub/Editor/2020.3.2f1/Editor/Data/PlaybackEngines/WindowsStandaloneSupport/UnityEditor.WindowsStandalone.Extensions.dll
Registered in 0.001746 seconds.
Native extension for WindowsStandalone target not found
Refreshing native plugins compatible for Editor in 36.11 ms, found 1 plugins.
Preloading 0 native plugins for Editor in 0.00 ms.
Invoked RoslynAnalysisRunner static constructor.
RoslynAnalysisRunner will not be running.
RoslynAnalysisRunner has terminated.
Mono: successfully reloaded assembly
- Completed reload, in  0.964 seconds
Platform modules already initialized, skipping
Registering precompiled user dll's ...
Registered in 0.000924 seconds.
Begin MonoManager ReloadAssembly
Native extension for WindowsStandalone target not found
Refreshing native plugins compatible for Editor in 35.00 ms, found 1 plugins.
Preloading 0 native plugins for Editor in 0.00 ms.
Invoked RoslynAnalysisRunner static constructor.
RoslynAnalysisRunner will not be running.
RoslynAnalysisRunner has terminated.
Mono: successfully reloaded assembly
- Completed reload, in  0.848 seconds
Platform modules already initialized, skipping
========================================================================
Worker process is ready to serve import requests
Launched and connected shader compiler UnityShaderCompiler.exe after 0.04 seconds
Refreshing native plugins compatible for Editor in 0.54 ms, found 1 plugins.
Preloading 0 native plugins for Editor in 0.00 ms.
Unloading 1837 Unused Serialized files (Serialized files now loaded: 0)
System memory in use before: 87.8 MB.
System memory in use after: 87.7 MB.

Unloading 24 unused Assets to reduce memory usage. Loaded Objects now: 2283.
Total: 4.291800 ms (FindLiveObjects: 0.399900 ms CreateObjectMapping: 0.206900 ms MarkObjects: 3.361700 ms  DeleteObjects: 0.321700 ms)

========================================================================
Received Import Request.
  path: Assets/Scripts/Character/Character2D.cs
  artifactKey: Guid(49eee6147fc0bca4ebed14b5b1e42a96) Importer(815301076,1909f56bfc062723c751e8b465ee728b)
Start importing Assets/Scripts/Character/Character2D.cs using Guid(49eee6147fc0bca4ebed14b5b1e42a96) Importer(815301076,1909f56bfc062723c751e8b465ee728b)  -> (artifact id: 'd24f31b8086b6e67a482d276388e4890') in 0.032510 seconds
  Import took 0.035306 seconds .

========================================================================
Received Prepare
Registering precompiled user dll's ...
Registered in 0.001081 seconds.
Begin MonoManager ReloadAssembly
Native extension for WindowsStandalone target not found
Refreshing native plugins compatible for Editor in 0.38 ms, found 1 plugins.
Preloading 0 native plugins for Editor in 0.00 ms.
Invoked RoslynAnalysisRunner static constructor.
RoslynAnalysisRunner will not be running.
RoslynAnalysisRunner has terminated.
Mono: successfully reloaded assembly
- Completed reload, in  0.900 seconds
Platform modules already initialized, skipping
Refreshing native plugins compatible for Editor in 0.43 ms, found 1 plugins.
Preloading 0 native plugins for Editor in 0.00 ms.
Unloading 1819 Unused Serialized files (Serialized files now loaded: 0)
System memory in use before: 86.5 MB.
System memory in use after: 86.4 MB.

Unloading 12 unused Assets to reduce memory usage. Loaded Objects now: 2287.
Total: 2.353000 ms (FindLiveObjects: 0.204000 ms CreateObjectMapping: 0.066100 ms MarkObjects: 1.976300 ms  DeleteObjects: 0.105400 ms)

========================================================================
Received Prepare
Registering precompiled user dll's ...
Registered in 0.001358 seconds.
Begin MonoManager ReloadAssembly
Native extension for WindowsStandalone target not found
Refreshing native plugins compatible for Editor in 0.38 ms, found 1 plugins.
Preloading 0 native plugins for Editor in 0.00 ms.
Invoked RoslynAnalysisRunner static constructor.
RoslynAnalysisRunner will not be running.
RoslynAnalysisRunner has terminated.
Mono: successfully reloaded assembly
- Completed reload, in  0.937 seconds
Platform modules already initialized, skipping
Refreshing native plugins compatible for Editor in 0.40 ms, found 1 plugins.
Preloading 0 native plugins for Editor in 0.00 ms.
Unloading 1819 Unused Serialized files (Serialized files now loaded: 0)
System memory in use before: 86.5 MB.
System memory in use after: 86.5 MB.

Unloading 12 unused Assets to reduce memory usage. Loaded Objects now: 2291.
Total: 2.177800 ms (FindLiveObjects: 0.189100 ms CreateObjectMapping: 0.057000 ms MarkObjects: 1.837400 ms  DeleteObjects: 0.093500 ms)

========================================================================
Received Import Request.
  Time since last request: 180.298591 seconds.
  path: Assets/Scripts/Character/controller.cs
  artifactKey: Guid(3cc9837e86125334bb01abc272ad688b) Importer(815301076,1909f56bfc062723c751e8b465ee728b)
Start importing Assets/Scripts/Character/controller.cs using Guid(3cc9837e86125334bb01abc272ad688b) Importer(815301076,1909f56bfc062723c751e8b465ee728b)  -> (artifact id: '9c1cd309ccf45c7ab507143cd35526d3') in 0.011515 seconds
  Import took 0.016122 seconds .

========================================================================
Received Prepare
Registering precompiled user dll's ...
Registered in 0.002402 seconds.
Begin MonoManager ReloadAssembly
Native extension for WindowsStandalone target not found
Refreshing native plugins compatible for Editor in 0.38 ms, found 1 plugins.
Preloading 0 native plugins for Editor in 0.00 ms.
Invoked RoslynAnalysisRunner static constructor.
RoslynAnalysisRunner will not be running.
RoslynAnalysisRunner has terminated.
Mono: successfully reloaded assembly
- Completed reload, in  0.850 seconds
Platform modules already initialized, skipping
Refreshing native plugins compatible for Editor in 0.39 ms, found 1 plugins.
Preloading 0 native plugins for Editor in 0.00 ms.
Unloading 1818 Unused Serialized files (Serialized files now loaded: 0)
System memory in use before: 86.5 MB.
System memory in use after: 86.5 MB.

Unloading 13 unused Assets to reduce memory usage. Loaded Objects now: 2294.
Total: 2.496100 ms (FindLiveObjects: 0.414300 ms CreateObjectMapping: 0.118800 ms MarkObjects: 1.861800 ms  DeleteObjects: 0.100400 ms)

========================================================================
Received Import Request.
  Time since last request: 33.217611 seconds.
  path: Assets/Scripts/platform
  artifactKey: Guid(a1c99b97d4fe86d4ca16c3e8fc2ded1f) Importer(815301076,1909f56bfc062723c751e8b465ee728b)
Start importing Assets/Scripts/platform using Guid(a1c99b97d4fe86d4ca16c3e8fc2ded1f) Importer(815301076,1909f56bfc062723c751e8b465ee728b)  -> (artifact id: '7678d964f048cef2bf730206342d4aa3') in 0.013057 seconds
  Import took 0.017386 seconds .

========================================================================
Received Import Request.
  Time since last request: 3.727365 seconds.
  path: Assets/Scripts/pathDef.cs
  artifactKey: Guid(5ca6b99fa0bf00248aba14cf7fcbc1e8) Importer(815301076,1909f56bfc062723c751e8b465ee728b)
Start importing Assets/Scripts/pathDef.cs using Guid(5ca6b99fa0bf00248aba14cf7fcbc1e8) Importer(815301076,1909f56bfc062723c751e8b465ee728b)  -> (artifact id: 'da5722b1c3127a0c56f029cab7430243') in 0.007949 seconds
  Import took 0.266758 seconds .

========================================================================
Received Import Request.
  Time since last request: 0.278031 seconds.
  path: Assets/Scripts/pathFollow.cs
  artifactKey: Guid(4de0e43930ed4e049b3058a0abc170ca) Importer(815301076,1909f56bfc062723c751e8b465ee728b)
Start importing Assets/Scripts/pathFollow.cs using Guid(4de0e43930ed4e049b3058a0abc170ca) Importer(815301076,1909f56bfc062723c751e8b465ee728b)  -> (artifact id: 'ade9ea5e25ac472e427f88bb23a4138c') in 0.009767 seconds
  Import took 0.013633 seconds .

========================================================================
Received Import Request.
  Time since last request: 0.000933 seconds.
  path: Assets/Scripts/pathFollow.cs
  artifactKey: Guid(4de0e43930ed4e049b3058a0abc170ca) Importer(815301076,1909f56bfc062723c751e8b465ee728b)
Start importing Assets/Scripts/pathFollow.cs using Guid(4de0e43930ed4e049b3058a0abc170ca) Importer(815301076,1909f56bfc062723c751e8b465ee728b)  -> (artifact id: 'ade9ea5e25ac472e427f88bb23a4138c') in 0.002556 seconds
  Import took 0.008914 seconds .

========================================================================
Received Prepare
Registering precompiled user dll's ...
Registered in 0.001113 seconds.
Begin MonoManager ReloadAssembly
Native extension for WindowsStandalone target not found
Refreshing native plugins compatible for Editor in 0.38 ms, found 1 plugins.
Preloading 0 native plugins for Editor in 0.00 ms.
Invoked RoslynAnalysisRunner static constructor.
RoslynAnalysisRunner will not be running.
RoslynAnalysisRunner has terminated.
Mono: successfully reloaded assembly
- Completed reload, in  0.848 seconds
Platform modules already initialized, skipping
Refreshing native plugins compatible for Editor in 0.42 ms, found 1 plugins.
Preloading 0 native plugins for Editor in 0.00 ms.
Unloading 1818 Unused Serialized files (Serialized files now loaded: 0)
System memory in use before: 86.5 MB.
System memory in use after: 86.5 MB.

Unloading 12 unused Assets to reduce memory usage. Loaded Objects now: 2298.
Total: 2.024300 ms (FindLiveObjects: 0.314800 ms CreateObjectMapping: 0.062700 ms MarkObjects: 1.555100 ms  DeleteObjects: 0.090800 ms)

========================================================================
Received Prepare
Registering precompiled user dll's ...
Registered in 0.001123 seconds.
Begin MonoManager ReloadAssembly
Native extension for WindowsStandalone target not found
Refreshing native plugins compatible for Editor in 0.38 ms, found 1 plugins.
Preloading 0 native plugins for Editor in 0.00 ms.
Invoked RoslynAnalysisRunner static constructor.
RoslynAnalysisRunner will not be running.
RoslynAnalysisRunner has terminated.
Mono: successfully reloaded assembly
- Completed reload, in  0.869 seconds
Platform modules already initialized, skipping
Refreshing native plugins compatible for Editor in 0.45 ms, found 1 plugins.
Preloading 0 native plugins for Editor in 0.00 ms.
Unloading 1817 Unused Serialized files (Serialized files now loaded: 0)
System memory in use before: 86.5 MB.
System memory in use after: 86.5 MB.

Unloading 13 unused Assets to reduce memory usage. Loaded Objects now: 2301.
Total: 2.360700 ms (FindLiveObjects: 0.291000 ms CreateObjectMapping: 0.104000 ms MarkObjects: 1.863500 ms  DeleteObjects: 0.101400 ms)

========================================================================
Received Import Request.
  Time since last request: 60.269979 seconds.
  path: Assets/Imports/CasualGameBGM05
  artifactKey: Guid(4571cd5e573261440af7763760f03d97) Importer(815301076,1909f56bfc062723c751e8b465ee728b)
Start importing Assets/Imports/CasualGameBGM05 using Guid(4571cd5e573261440af7763760f03d97) Importer(815301076,1909f56bfc062723c751e8b465ee728b)  -> (artifact id: 'bff1c5992ecb1695efd6c2b681909a31') in 0.014362 seconds
  Import took 0.018762 seconds .

========================================================================
Received Import Request.
  Time since last request: 20.040495 seconds.
  path: Assets/Prefabs/boss.prefab
  artifactKey: Guid(eba953868094cac44bff151049723634) Importer(815301076,1909f56bfc062723c751e8b465ee728b)
Start importing Assets/Prefabs/boss.prefab using Guid(eba953868094cac44bff151049723634) Importer(815301076,1909f56bfc062723c751e8b465ee728b)  -> (artifact id: 'ec81e0026ffbf17670990ae76b10755b') in 0.141575 seconds
  Import took 0.146707 seconds .

========================================================================
Received Import Request.
  Time since last request: 3.595015 seconds.
  path: Assets/Prefabs/Zombie.prefab
  artifactKey: Guid(f3c4763a389f8634c954c20435973044) Importer(815301076,1909f56bfc062723c751e8b465ee728b)
Start importing Assets/Prefabs/Zombie.prefab using Guid(f3c4763a389f8634c954c20435973044) Importer(815301076,1909f56bfc062723c751e8b465ee728b)  -> (artifact id: '5cb638a302e6cf10944da84464913c28') in 0.020446 seconds
  Import took 0.025065 seconds .

========================================================================
Received Import Request.
  Time since last request: 8.583385 seconds.
  path: Assets/Scenes/2DCharater.unity
  artifactKey: Guid(e5dfa85572085984494635f5961e7c05) Importer(815301076,1909f56bfc062723c751e8b465ee728b)
Start importing Assets/Scenes/2DCharater.unity using Guid(e5dfa85572085984494635f5961e7c05) Importer(815301076,1909f56bfc062723c751e8b465ee728b)  -> (artifact id: '8259b75e3d0c1d2f512377701f935c7a') in 0.009102 seconds
  Import took 0.012819 seconds .

========================================================================
Received Import Request.
  Time since last request: 1.926269 seconds.
  path: Assets/Scenes/2DCharater.unity
  artifactKey: Guid(e5dfa85572085984494635f5961e7c05) Importer(815301076,1909f56bfc062723c751e8b465ee728b)
Start importing Assets/Scenes/2DCharater.unity using Guid(e5dfa85572085984494635f5961e7c05) Importer(815301076,1909f56bfc062723c751e8b465ee728b)  -> (artifact id: 'f1bcdde36595b222c2cdc063b13a1acf') in 0.010329 seconds
  Import took 0.017910 seconds .

========================================================================
Received Prepare
Registering precompiled user dll's ...
Registered in 0.001038 seconds.
Begin MonoManager ReloadAssembly
Native extension for WindowsStandalone target not found
Refreshing native plugins compatible for Editor in 0.46 ms, found 1 plugins.
Preloading 0 native plugins for Editor in 0.00 ms.
Invoked RoslynAnalysisRunner static constructor.
RoslynAnalysisRunner will not be running.
RoslynAnalysisRunner has terminated.
Mono: successfully reloaded assembly
- Completed reload, in  0.854 seconds
Platform modules already initialized, skipping
Refreshing native plugins compatible for Editor in 0.43 ms, found 1 plugins.
Preloading 0 native plugins for Editor in 0.00 ms.
Unloading 1817 Unused Serialized files (Serialized files now loaded: 0)
System memory in use before: 89.9 MB.
System memory in use after: 89.8 MB.

Unloading 12 unused Assets to reduce memory usage. Loaded Objects now: 2312.
Total: 2.134600 ms (FindLiveObjects: 0.279200 ms CreateObjectMapping: 0.070100 ms MarkObjects: 1.651100 ms  DeleteObjects: 0.133200 ms)

========================================================================
Received Import Request.
  Time since last request: 53.152567 seconds.
  path: Assets/Scripts/character
  artifactKey: Guid(19ceb0b132936c84f84f2f7a8df36621) Importer(815301076,1909f56bfc062723c751e8b465ee728b)
Start importing Assets/Scripts/character using Guid(19ceb0b132936c84f84f2f7a8df36621) Importer(815301076,1909f56bfc062723c751e8b465ee728b)  -> (artifact id: '3ffc3e0dea5a6f6a690f5690986a78e9') in 0.008291 seconds
  Import took 0.011261 seconds .

========================================================================
Received Prepare
Registering precompiled user dll's ...
Registered in 0.001008 seconds.
Begin MonoManager ReloadAssembly
Native extension for WindowsStandalone target not found
Refreshing native plugins compatible for Editor in 0.40 ms, found 1 plugins.
Preloading 0 native plugins for Editor in 0.00 ms.
Invoked RoslynAnalysisRunner static constructor.
RoslynAnalysisRunner will not be running.
RoslynAnalysisRunner has terminated.
Mono: successfully reloaded assembly
- Completed reload, in  0.852 seconds
Platform modules already initialized, skipping
Refreshing native plugins compatible for Editor in 0.43 ms, found 1 plugins.
Preloading 0 native plugins for Editor in 0.00 ms.
Unloading 1817 Unused Serialized files (Serialized files now loaded: 0)
System memory in use before: 89.9 MB.
System memory in use after: 89.9 MB.

Unloading 12 unused Assets to reduce memory usage. Loaded Objects now: 2316.
Total: 2.286500 ms (FindLiveObjects: 0.210600 ms CreateObjectMapping: 0.079600 ms MarkObjects: 1.896600 ms  DeleteObjects: 0.098900 ms)

========================================================================
Received Import Request.
  Time since last request: 5.619286 seconds.
  path: Assets/Scripts/spawn
  artifactKey: Guid(3078e7687c2feed4489dcc85537833a1) Importer(815301076,1909f56bfc062723c751e8b465ee728b)
Start importing Assets/Scripts/spawn using Guid(3078e7687c2feed4489dcc85537833a1) Importer(815301076,1909f56bfc062723c751e8b465ee728b)  -> (artifact id: '83163ac37e3034608c79822017965adb') in 0.015062 seconds
  Import took 0.020604 seconds .

========================================================================
Received Prepare
Registering precompiled user dll's ...
Registered in 0.001089 seconds.
Begin MonoManager ReloadAssembly
Native extension for WindowsStandalone target not found
Refreshing native plugins compatible for Editor in 0.37 ms, found 1 plugins.
Preloading 0 native plugins for Editor in 0.00 ms.
Invoked RoslynAnalysisRunner static constructor.
RoslynAnalysisRunner will not be running.
RoslynAnalysisRunner has terminated.
Mono: successfully reloaded assembly
- Completed reload, in  0.820 seconds
Platform modules already initialized, skipping
Refreshing native plugins compatible for Editor in 0.44 ms, found 1 plugins.
Preloading 0 native plugins for Editor in 0.00 ms.
Unloading 1817 Unused Serialized files (Serialized files now loaded: 0)
System memory in use before: 89.9 MB.
System memory in use after: 89.9 MB.

Unloading 12 unused Assets to reduce memory usage. Loaded Objects now: 2320.
Total: 2.421700 ms (FindLiveObjects: 0.261700 ms CreateObjectMapping: 0.088800 ms MarkObjects: 1.952500 ms  DeleteObjects: 0.117300 ms)

========================================================================
Received Prepare
Registering precompiled user dll's ...
Registered in 0.001674 seconds.
Begin MonoManager ReloadAssembly
Native extension for WindowsStandalone target not found
Refreshing native plugins compatible for Editor in 0.37 ms, found 1 plugins.
Preloading 0 native plugins for Editor in 0.00 ms.
Invoked RoslynAnalysisRunner static constructor.
RoslynAnalysisRunner will not be running.
RoslynAnalysisRunner has terminated.
Mono: successfully reloaded assembly
- Completed reload, in  0.860 seconds
Platform modules already initialized, skipping
Refreshing native plugins compatible for Editor in 0.43 ms, found 1 plugins.
Preloading 0 native plugins for Editor in 0.00 ms.
Unloading 1817 Unused Serialized files (Serialized files now loaded: 0)
System memory in use before: 89.9 MB.
System memory in use after: 89.9 MB.

Unloading 12 unused Assets to reduce memory usage. Loaded Objects now: 2324.
Total: 2.405500 ms (FindLiveObjects: 0.267200 ms CreateObjectMapping: 0.122600 ms MarkObjects: 1.904700 ms  DeleteObjects: 0.109800 ms)

========================================================================
Received Import Request.
  Time since last request: 15.849303 seconds.
  path: Assets/Scripts/boss
  artifactKey: Guid(d78f29bcddf5e394f84c76cca5f661b8) Importer(815301076,1909f56bfc062723c751e8b465ee728b)
Start importing Assets/Scripts/boss using Guid(d78f29bcddf5e394f84c76cca5f661b8) Importer(815301076,1909f56bfc062723c751e8b465ee728b)  -> (artifact id: 'e275fcd47cd56df3e8ebd533a8ff8145') in 0.008595 seconds
  Import took 0.013434 seconds .

========================================================================
Received Prepare
Registering precompiled user dll's ...
Registered in 0.001004 seconds.
Begin MonoManager ReloadAssembly
Native extension for WindowsStandalone target not found
Refreshing native plugins compatible for Editor in 0.54 ms, found 1 plugins.
Preloading 0 native plugins for Editor in 0.00 ms.
Invoked RoslynAnalysisRunner static constructor.
RoslynAnalysisRunner will not be running.
RoslynAnalysisRunner has terminated.
Mono: successfully reloaded assembly
- Completed reload, in  1.500 seconds
Platform modules already initialized, skipping
Refreshing native plugins compatible for Editor in 0.50 ms, found 1 plugins.
Preloading 0 native plugins for Editor in 0.00 ms.
Unloading 1817 Unused Serialized files (Serialized files now loaded: 0)
System memory in use before: 89.9 MB.
System memory in use after: 89.9 MB.

Unloading 12 unused Assets to reduce memory usage. Loaded Objects now: 2328.
Total: 2.829200 ms (FindLiveObjects: 0.375700 ms CreateObjectMapping: 0.131100 ms MarkObjects: 2.186600 ms  DeleteObjects: 0.133900 ms)

========================================================================
Received Prepare
Registering precompiled user dll's ...
Registered in 0.001146 seconds.
Begin MonoManager ReloadAssembly
Native extension for WindowsStandalone target not found
Refreshing native plugins compatible for Editor in 0.39 ms, found 1 plugins.
Preloading 0 native plugins for Editor in 0.00 ms.
Invoked RoslynAnalysisRunner static constructor.
RoslynAnalysisRunner will not be running.
RoslynAnalysisRunner has terminated.
Mono: successfully reloaded assembly
- Completed reload, in  0.930 seconds
Platform modules already initialized, skipping
Refreshing native plugins compatible for Editor in 0.70 ms, found 1 plugins.
Preloading 0 native plugins for Editor in 0.00 ms.
Unloading 1817 Unused Serialized files (Serialized files now loaded: 0)
System memory in use before: 89.9 MB.
System memory in use after: 89.9 MB.

Unloading 12 unused Assets to reduce memory usage. Loaded Objects now: 2332.
Total: 6.429700 ms (FindLiveObjects: 0.437200 ms CreateObjectMapping: 0.252700 ms MarkObjects: 5.360000 ms  DeleteObjects: 0.376600 ms)

========================================================================
Received Prepare
Registering precompiled user dll's ...
Registered in 0.002308 seconds.
Begin MonoManager ReloadAssembly
Native extension for WindowsStandalone target not found
Refreshing native plugins compatible for Editor in 0.38 ms, found 1 plugins.
Preloading 0 native plugins for Editor in 0.00 ms.
Invoked RoslynAnalysisRunner static constructor.
RoslynAnalysisRunner will not be running.
RoslynAnalysisRunner has terminated.
Mono: successfully reloaded assembly
- Completed reload, in  0.819 seconds
Platform modules already initialized, skipping
Refreshing native plugins compatible for Editor in 0.40 ms, found 1 plugins.
Preloading 0 native plugins for Editor in 0.00 ms.
Unloading 1817 Unused Serialized files (Serialized files now loaded: 0)
System memory in use before: 89.9 MB.
System memory in use after: 89.9 MB.

Unloading 12 unused Assets to reduce memory usage. Loaded Objects now: 2336.
Total: 2.646500 ms (FindLiveObjects: 0.322700 ms CreateObjectMapping: 0.091700 ms MarkObjects: 2.093900 ms  DeleteObjects: 0.136800 ms)

========================================================================
Received Prepare
Registering precompiled user dll's ...
Registered in 0.001132 seconds.
Begin MonoManager ReloadAssembly
Native extension for WindowsStandalone target not found
Refreshing native plugins compatible for Editor in 0.41 ms, found 1 plugins.
Preloading 0 native plugins for Editor in 0.00 ms.
Invoked RoslynAnalysisRunner static constructor.
RoslynAnalysisRunner will not be running.
RoslynAnalysisRunner has terminated.
Mono: successfully reloaded assembly
- Completed reload, in  0.836 seconds
Platform modules already initialized, skipping
Refreshing native plugins compatible for Editor in 0.38 ms, found 1 plugins.
Preloading 0 native plugins for Editor in 0.00 ms.
Unloading 1817 Unused Serialized files (Serialized files now loaded: 0)
System memory in use before: 89.9 MB.
System memory in use after: 89.9 MB.

Unloading 12 unused Assets to reduce memory usage. Loaded Objects now: 2340.
Total: 2.198700 ms (FindLiveObjects: 0.207200 ms CreateObjectMapping: 0.070500 ms MarkObjects: 1.807900 ms  DeleteObjects: 0.111800 ms)

========================================================================
Received Prepare
Registering precompiled user dll's ...
Registered in 0.001181 seconds.
Begin MonoManager ReloadAssembly
Native extension for WindowsStandalone target not found
Refreshing native plugins compatible for Editor in 0.39 ms, found 1 plugins.
Preloading 0 native plugins for Editor in 0.00 ms.
Invoked RoslynAnalysisRunner static constructor.
RoslynAnalysisRunner will not be running.
RoslynAnalysisRunner has terminated.
Mono: successfully reloaded assembly
- Completed reload, in  0.835 seconds
Platform modules already initialized, skipping
Refreshing native plugins compatible for Editor in 0.39 ms, found 1 plugins.
Preloading 0 native plugins for Editor in 0.00 ms.
Unloading 1817 Unused Serialized files (Serialized files now loaded: 0)
System memory in use before: 89.9 MB.
System memory in use after: 89.9 MB.

Unloading 12 unused Assets to reduce memory usage. Loaded Objects now: 2344.
Total: 1.937600 ms (FindLiveObjects: 0.219400 ms CreateObjectMapping: 0.088500 ms MarkObjects: 1.531100 ms  DeleteObjects: 0.098000 ms)

========================================================================
Received Prepare
Registering precompiled user dll's ...
Registered in 0.001101 seconds.
Begin MonoManager ReloadAssembly
Native extension for WindowsStandalone target not found
Refreshing native plugins compatible for Editor in 0.41 ms, found 1 plugins.
Preloading 0 native plugins for Editor in 0.00 ms.
Invoked RoslynAnalysisRunner static constructor.
RoslynAnalysisRunner will not be running.
RoslynAnalysisRunner has terminated.
Mono: successfully reloaded assembly
- Completed reload, in  0.825 seconds
Platform modules already initialized, skipping
Refreshing native plugins compatible for Editor in 0.40 ms, found 1 plugins.
Preloading 0 native plugins for Editor in 0.00 ms.
Unloading 1817 Unused Serialized files (Serialized files now loaded: 0)
System memory in use before: 89.9 MB.
System memory in use after: 89.9 MB.

Unloading 12 unused Assets to reduce memory usage. Loaded Objects now: 2348.
Total: 2.238800 ms (FindLiveObjects: 0.270900 ms CreateObjectMapping: 0.085500 ms MarkObjects: 1.784700 ms  DeleteObjects: 0.097000 ms)

========================================================================
Received Import Request.
  Time since last request: 135.949853 seconds.
  path: Assets/Scripts/background/movingBackground.cs
  artifactKey: Guid(7cf8ecfd02e7c9d41aa7fb87850b73f1) Importer(815301076,1909f56bfc062723c751e8b465ee728b)
Start importing Assets/Scripts/background/movingBackground.cs using Guid(7cf8ecfd02e7c9d41aa7fb87850b73f1) Importer(815301076,1909f56bfc062723c751e8b465ee728b)  -> (artifact id: '339004bb0c3eb154efb80ddbbd77b3ee') in 0.011122 seconds
  Import took 0.016034 seconds .

========================================================================
Received Prepare
Registering precompiled user dll's ...
Registered in 0.000894 seconds.
Begin MonoManager ReloadAssembly
Native extension for WindowsStandalone target not found
Refreshing native plugins compatible for Editor in 0.38 ms, found 1 plugins.
Preloading 0 native plugins for Editor in 0.00 ms.
Invoked RoslynAnalysisRunner static constructor.
RoslynAnalysisRunner will not be running.
RoslynAnalysisRunner has terminated.
Mono: successfully reloaded assembly
- Completed reload, in  0.920 seconds
Platform modules already initialized, skipping
Refreshing native plugins compatible for Editor in 0.42 ms, found 1 plugins.
Preloading 0 native plugins for Editor in 0.00 ms.
Unloading 1817 Unused Serialized files (Serialized files now loaded: 0)
System memory in use before: 90.0 MB.
System memory in use after: 89.9 MB.

Unloading 12 unused Assets to reduce memory usage. Loaded Objects now: 2352.
Total: 2.452700 ms (FindLiveObjects: 0.354700 ms CreateObjectMapping: 0.158000 ms MarkObjects: 1.815100 ms  DeleteObjects: 0.107900 ms)

AssetImportWorkerClient::OnTransportError - code=2 error=End of file
