Using pre-set license
Built from '2020.3/release' branch; Version is '2020.3.2f1 (8fd9074bf66c) revision 9427207'; Using compiler version '192528614'; Build Type 'Release'
OS: 'Windows 10 Pro; OS build 19042.928; Version 2009; 64bit' Language: 'en' Physical Memory: 8047 MB
BatchMode: 1, IsHumanControllingUs: 0, StartBugReporterOnCrash: 0, Is64bit: 1, IsPro: 0

 COMMAND LINE ARGUMENTS:
C:\Program Files\Unity\Hub\Editor\2020.3.2f1\Editor\Unity.exe
-adb2
-batchMode
-noUpm
-name
AssetImportWorker0
-projectPath
E:/Projects/Player2Dmovement
-logFile
Logs/AssetImportWorker0.log
-srvPort
64843
Successfully changed project path to: E:/Projects/Player2Dmovement
E:/Projects/Player2Dmovement
Using Asset Import Pipeline V2.
Refreshing native plugins compatible for Editor in 58.34 ms, found 1 plugins.
Preloading 0 native plugins for Editor in 0.00 ms.
Initialize engine version: 2020.3.2f1 (8fd9074bf66c)
[Subsystems] Discovering subsystems at path C:/Program Files/Unity/Hub/Editor/2020.3.2f1/Editor/Data/Resources/UnitySubsystems
[Subsystems] Discovering subsystems at path E:/Projects/Player2Dmovement/Assets
GfxDevice: creating device client; threaded=0
Direct3D:
    Version:  Direct3D 11.0 [level 11.1]
    Renderer: NVIDIA GeForce GTX 1050 (ID=0x1c8d)
    Vendor:   
    VRAM:     1979 MB
    Driver:   27.21.14.6611
Initialize mono
Mono path[0] = 'C:/Program Files/Unity/Hub/Editor/2020.3.2f1/Editor/Data/Managed'
Mono path[1] = 'C:/Program Files/Unity/Hub/Editor/2020.3.2f1/Editor/Data/MonoBleedingEdge/lib/mono/unityjit'
Mono config path = 'C:/Program Files/Unity/Hub/Editor/2020.3.2f1/Editor/Data/MonoBleedingEdge/etc'
Using monoOptions --debugger-agent=transport=dt_socket,embedding=1,server=y,suspend=n,address=127.0.0.1:56180
Begin MonoManager ReloadAssembly
Registering precompiled unity dll's ...
Register platform support module: C:/Program Files/Unity/Hub/Editor/2020.3.2f1/Editor/Data/PlaybackEngines/WindowsStandaloneSupport/UnityEditor.WindowsStandalone.Extensions.dll
Registered in 0.004927 seconds.
Native extension for WindowsStandalone target not found
Refreshing native plugins compatible for Editor in 59.05 ms, found 1 plugins.
Preloading 0 native plugins for Editor in 0.00 ms.
Invoked RoslynAnalysisRunner static constructor.
RoslynAnalysisRunner will not be running.
RoslynAnalysisRunner has terminated.
Mono: successfully reloaded assembly
- Completed reload, in  1.936 seconds
Platform modules already initialized, skipping
Registering precompiled user dll's ...
Registered in 0.002588 seconds.
Begin MonoManager ReloadAssembly
Native extension for WindowsStandalone target not found
Refreshing native plugins compatible for Editor in 55.72 ms, found 1 plugins.
Preloading 0 native plugins for Editor in 0.00 ms.
Invoked RoslynAnalysisRunner static constructor.
RoslynAnalysisRunner will not be running.
RoslynAnalysisRunner has terminated.
Mono: successfully reloaded assembly
- Completed reload, in  1.327 seconds
Platform modules already initialized, skipping
========================================================================
Worker process is ready to serve import requests
Launched and connected shader compiler UnityShaderCompiler.exe after 0.07 seconds
Refreshing native plugins compatible for Editor in 0.87 ms, found 1 plugins.
Preloading 0 native plugins for Editor in 0.00 ms.
Unloading 1836 Unused Serialized files (Serialized files now loaded: 0)
System memory in use before: 87.9 MB.
System memory in use after: 87.8 MB.

Unloading 24 unused Assets to reduce memory usage. Loaded Objects now: 2282.
Total: 2.391000 ms (FindLiveObjects: 0.376200 ms CreateObjectMapping: 0.124900 ms MarkObjects: 1.757100 ms  DeleteObjects: 0.131500 ms)

========================================================================
Received Import Request.
  path: Assets/CasualGameSounds
  artifactKey: Guid(feed1a7c667b0884b9c5d183ad682c03) Importer(815301076,1909f56bfc062723c751e8b465ee728b)
Start importing Assets/CasualGameSounds using Guid(feed1a7c667b0884b9c5d183ad682c03) Importer(815301076,1909f56bfc062723c751e8b465ee728b)  -> (artifact id: '04ad5a0ddbe8e1222324168077e6a6c4') in 0.010959 seconds
  Import took 0.014972 seconds .

========================================================================
Received Import Request.
  Time since last request: 0.000320 seconds.
  path: Assets/CasualGameSounds/DM-CGS-01.wav
  artifactKey: Guid(32d4b1811dda14a6cb9e059ee8ad17d2) Importer(815301076,1909f56bfc062723c751e8b465ee728b)
Start importing Assets/CasualGameSounds/DM-CGS-01.wav using Guid(32d4b1811dda14a6cb9e059ee8ad17d2) Importer(815301076,1909f56bfc062723c751e8b465ee728b)  -> (artifact id: '079312a4b129b58ca9f6c9d2c1ec7688') in 0.135155 seconds
  Import took 0.142201 seconds .

========================================================================
Received Import Request.
  Time since last request: 0.003133 seconds.
  path: Assets/CasualGameSounds/DM-CGS-01.wav
  artifactKey: Guid(32d4b1811dda14a6cb9e059ee8ad17d2) Importer(815301076,1909f56bfc062723c751e8b465ee728b)
Start importing Assets/CasualGameSounds/DM-CGS-01.wav using Guid(32d4b1811dda14a6cb9e059ee8ad17d2) Importer(815301076,1909f56bfc062723c751e8b465ee728b)  -> (artifact id: '079312a4b129b58ca9f6c9d2c1ec7688') in 0.014759 seconds
  Import took 0.022916 seconds .

========================================================================
Received Import Request.
  Time since last request: 2.881585 seconds.
  path: Assets/CasualGameSounds/DM-CGS-03.wav
  artifactKey: Guid(19f89c6e740e7447f9e12a8310d3e973) Importer(815301076,1909f56bfc062723c751e8b465ee728b)
Start importing Assets/CasualGameSounds/DM-CGS-03.wav using Guid(19f89c6e740e7447f9e12a8310d3e973) Importer(815301076,1909f56bfc062723c751e8b465ee728b)  -> (artifact id: '4a2f1a2ba3cae3b5696a28d8f1c9202b') in 0.020844 seconds
  Import took 0.027271 seconds .

========================================================================
Received Import Request.
  Time since last request: 0.426360 seconds.
  path: Assets/CasualGameSounds/DM-CGS-02.wav
  artifactKey: Guid(dc6614beca09347ec9b258f12d154bdd) Importer(815301076,1909f56bfc062723c751e8b465ee728b)
Start importing Assets/CasualGameSounds/DM-CGS-02.wav using Guid(dc6614beca09347ec9b258f12d154bdd) Importer(815301076,1909f56bfc062723c751e8b465ee728b)  -> (artifact id: '02ff893e05b9b7bbd9964b30c7d0cdd3') in 0.017720 seconds
  Import took 0.023779 seconds .

========================================================================
Received Import Request.
  Time since last request: 8.801767 seconds.
  path: Assets/CasualGameSounds/DM-CGS-04.wav
  artifactKey: Guid(c5e2a73ad4706440f93bf05df0b465fe) Importer(815301076,1909f56bfc062723c751e8b465ee728b)
Start importing Assets/CasualGameSounds/DM-CGS-04.wav using Guid(c5e2a73ad4706440f93bf05df0b465fe) Importer(815301076,1909f56bfc062723c751e8b465ee728b)  -> (artifact id: '369b5d8014f4e6dc6a868274702ecdf2') in 0.019345 seconds
  Import took 0.026814 seconds .

========================================================================
Received Import Request.
  Time since last request: 2.841624 seconds.
  path: Assets/CasualGameSounds/DM-CGS-05.wav
  artifactKey: Guid(b99da9a57308d4ba1bee1cf1d9038376) Importer(815301076,1909f56bfc062723c751e8b465ee728b)
Start importing Assets/CasualGameSounds/DM-CGS-05.wav using Guid(b99da9a57308d4ba1bee1cf1d9038376) Importer(815301076,1909f56bfc062723c751e8b465ee728b)  -> (artifact id: 'f7136b597fd0ac317d1bdd468f816181') in 0.018909 seconds
  Import took 0.025061 seconds .

========================================================================
Received Import Request.
  Time since last request: 7.064789 seconds.
  path: Assets/CasualGameSounds/DM-CGS-06.wav
  artifactKey: Guid(a235d590ef2a04d1b85b61ef4c21337c) Importer(815301076,1909f56bfc062723c751e8b465ee728b)
Start importing Assets/CasualGameSounds/DM-CGS-06.wav using Guid(a235d590ef2a04d1b85b61ef4c21337c) Importer(815301076,1909f56bfc062723c751e8b465ee728b)  -> (artifact id: 'ee81250f719c1076fe3ac741b7f7600b') in 0.023728 seconds
  Import took 0.032147 seconds .

========================================================================
Received Import Request.
  Time since last request: 4.455690 seconds.
  path: Assets/CasualGameSounds/DM-CGS-07.wav
  artifactKey: Guid(2c5292ba5cf254919a6b9e2b18e04f49) Importer(815301076,1909f56bfc062723c751e8b465ee728b)
Start importing Assets/CasualGameSounds/DM-CGS-07.wav using Guid(2c5292ba5cf254919a6b9e2b18e04f49) Importer(815301076,1909f56bfc062723c751e8b465ee728b)  -> (artifact id: '2957d7dbf5b843f7dd0237c76e9f80ea') in 0.016981 seconds
  Import took 0.023338 seconds .

========================================================================
Received Import Request.
  Time since last request: 2.629874 seconds.
  path: Assets/CasualGameSounds/DM-CGS-08.wav
  artifactKey: Guid(4e1ff8faed12a475eba9be0e46072269) Importer(815301076,1909f56bfc062723c751e8b465ee728b)
Start importing Assets/CasualGameSounds/DM-CGS-08.wav using Guid(4e1ff8faed12a475eba9be0e46072269) Importer(815301076,1909f56bfc062723c751e8b465ee728b)  -> (artifact id: 'c735e3e100dda9b338c623fb1969d818') in 0.015987 seconds
  Import took 0.022596 seconds .

========================================================================
Received Import Request.
  Time since last request: 56.462577 seconds.
  path: Assets/CasualGameSounds/DM-CGS-09.wav
  artifactKey: Guid(ff5f85da24bc943d1abdc5760a22bc81) Importer(815301076,1909f56bfc062723c751e8b465ee728b)
Start importing Assets/CasualGameSounds/DM-CGS-09.wav using Guid(ff5f85da24bc943d1abdc5760a22bc81) Importer(815301076,1909f56bfc062723c751e8b465ee728b)  -> (artifact id: '4a467eb8f02b8fabeb3c5f53966d76ed') in 0.014974 seconds
  Import took 0.019308 seconds .

========================================================================
Received Import Request.
  Time since last request: 6.174526 seconds.
  path: Assets/CasualGameSounds/DM-CGS-10.wav
  artifactKey: Guid(cabfae866cab347928b74b7d0ca6bfa9) Importer(815301076,1909f56bfc062723c751e8b465ee728b)
Start importing Assets/CasualGameSounds/DM-CGS-10.wav using Guid(cabfae866cab347928b74b7d0ca6bfa9) Importer(815301076,1909f56bfc062723c751e8b465ee728b)  -> (artifact id: 'b8c8247569e47ec07d5342a9ad420927') in 0.018621 seconds
  Import took 0.025040 seconds .

========================================================================
Received Import Request.
  Time since last request: 23.736121 seconds.
  path: Assets/CasualGameSounds/DM-CGS-11.wav
  artifactKey: Guid(a0010a1a0c474473b81729eb770c485f) Importer(815301076,1909f56bfc062723c751e8b465ee728b)
Start importing Assets/CasualGameSounds/DM-CGS-11.wav using Guid(a0010a1a0c474473b81729eb770c485f) Importer(815301076,1909f56bfc062723c751e8b465ee728b)  -> (artifact id: 'd5f0ea3fc80064efb3d093e265962963') in 0.018626 seconds
  Import took 0.024230 seconds .

========================================================================
Received Import Request.
  Time since last request: 9.723615 seconds.
  path: Assets/CasualGameSounds/DM-CGS-13.wav
  artifactKey: Guid(72127805eb2bc4e7fbf2e02eca266cfa) Importer(815301076,1909f56bfc062723c751e8b465ee728b)
Start importing Assets/CasualGameSounds/DM-CGS-13.wav using Guid(72127805eb2bc4e7fbf2e02eca266cfa) Importer(815301076,1909f56bfc062723c751e8b465ee728b)  -> (artifact id: 'eacb88e36412c98aaf67ab513ba331ea') in 0.017657 seconds
  Import took 0.024100 seconds .

========================================================================
Received Import Request.
  Time since last request: 3.763874 seconds.
  path: Assets/CasualGameSounds/DM-CGS-12.wav
  artifactKey: Guid(7478151cf36724a7dada558f746c3633) Importer(815301076,1909f56bfc062723c751e8b465ee728b)
Start importing Assets/CasualGameSounds/DM-CGS-12.wav using Guid(7478151cf36724a7dada558f746c3633) Importer(815301076,1909f56bfc062723c751e8b465ee728b)  -> (artifact id: 'cdb1e33254c81e853494bd74fc7c5157') in 0.018829 seconds
  Import took 0.024046 seconds .

========================================================================
Received Import Request.
  Time since last request: 4.668138 seconds.
  path: Assets/CasualGameSounds/DM-CGS-14.wav
  artifactKey: Guid(b6428d4edb06344ba829da4edd9967c1) Importer(815301076,1909f56bfc062723c751e8b465ee728b)
Start importing Assets/CasualGameSounds/DM-CGS-14.wav using Guid(b6428d4edb06344ba829da4edd9967c1) Importer(815301076,1909f56bfc062723c751e8b465ee728b)  -> (artifact id: 'b8645d57763f25ba1a6bbc0805029cdb') in 0.025537 seconds
  Import took 0.030702 seconds .

========================================================================
Received Import Request.
  Time since last request: 2.299765 seconds.
  path: Assets/CasualGameSounds/DM-CGS-17.wav
  artifactKey: Guid(b9eff218e132a4e76be78840eca96fb2) Importer(815301076,1909f56bfc062723c751e8b465ee728b)
Start importing Assets/CasualGameSounds/DM-CGS-17.wav using Guid(b9eff218e132a4e76be78840eca96fb2) Importer(815301076,1909f56bfc062723c751e8b465ee728b)  -> (artifact id: '31b1b0372a1c035b530b43065a6db33c') in 0.021141 seconds
  Import took 0.030516 seconds .

========================================================================
Received Import Request.
  Time since last request: 2.219030 seconds.
  path: Assets/CasualGameSounds/DM-CGS-18.wav
  artifactKey: Guid(2667a0a008b044e218b63df62e2be749) Importer(815301076,1909f56bfc062723c751e8b465ee728b)
Start importing Assets/CasualGameSounds/DM-CGS-18.wav using Guid(2667a0a008b044e218b63df62e2be749) Importer(815301076,1909f56bfc062723c751e8b465ee728b)  -> (artifact id: 'd4bdb4d471539c4bfd30d8f30bf36efc') in 0.023706 seconds
  Import took 0.030326 seconds .

========================================================================
Received Import Request.
  Time since last request: 2.003740 seconds.
  path: Assets/CasualGameSounds/DM-CGS-19.wav
  artifactKey: Guid(81652031b64c342cc8dbc59c138d77c5) Importer(815301076,1909f56bfc062723c751e8b465ee728b)
Start importing Assets/CasualGameSounds/DM-CGS-19.wav using Guid(81652031b64c342cc8dbc59c138d77c5) Importer(815301076,1909f56bfc062723c751e8b465ee728b)  -> (artifact id: '9c2a134afa68095c5244e37398b86a6f') in 0.013090 seconds
  Import took 0.019686 seconds .

========================================================================
Received Import Request.
  Time since last request: 2.058183 seconds.
  path: Assets/CasualGameSounds/DM-CGS-20.wav
  artifactKey: Guid(6e8772b49f34d402a90016ed445d8a2f) Importer(815301076,1909f56bfc062723c751e8b465ee728b)
Start importing Assets/CasualGameSounds/DM-CGS-20.wav using Guid(6e8772b49f34d402a90016ed445d8a2f) Importer(815301076,1909f56bfc062723c751e8b465ee728b)  -> (artifact id: 'd1a4e24e7cabb2b0d6a629f3b17b7417') in 0.011921 seconds
  Import took 0.017567 seconds .

========================================================================
Received Import Request.
  Time since last request: 2.398806 seconds.
  path: Assets/CasualGameSounds/DM-CGS-21.wav
  artifactKey: Guid(ffb159a21c8a04135a5616979c828fab) Importer(815301076,1909f56bfc062723c751e8b465ee728b)
Start importing Assets/CasualGameSounds/DM-CGS-21.wav using Guid(ffb159a21c8a04135a5616979c828fab) Importer(815301076,1909f56bfc062723c751e8b465ee728b)  -> (artifact id: '3b57c2097a6d5e1aac5cad3a8aada5bd') in 0.015406 seconds
  Import took 0.019733 seconds .

========================================================================
Received Import Request.
  Time since last request: 2.497507 seconds.
  path: Assets/CasualGameSounds/DM-CGS-22.wav
  artifactKey: Guid(d8d04c6f80a1140db85ede568dab1f51) Importer(815301076,1909f56bfc062723c751e8b465ee728b)
Start importing Assets/CasualGameSounds/DM-CGS-22.wav using Guid(d8d04c6f80a1140db85ede568dab1f51) Importer(815301076,1909f56bfc062723c751e8b465ee728b)  -> (artifact id: '01249fb1ba02a8d7d3cfc520e449bc4e') in 0.017164 seconds
  Import took 0.022070 seconds .

========================================================================
Received Import Request.
  Time since last request: 2.368963 seconds.
  path: Assets/CasualGameSounds/DM-CGS-23.wav
  artifactKey: Guid(a0ca8964c08d54c5dbebf245bdc474ca) Importer(815301076,1909f56bfc062723c751e8b465ee728b)
Start importing Assets/CasualGameSounds/DM-CGS-23.wav using Guid(a0ca8964c08d54c5dbebf245bdc474ca) Importer(815301076,1909f56bfc062723c751e8b465ee728b)  -> (artifact id: '116f22bf823b04a21589bf8f419544cc') in 0.015293 seconds
  Import took 0.021054 seconds .

========================================================================
Received Import Request.
  Time since last request: 3.677861 seconds.
  path: Assets/CasualGameSounds/DM-CGS-24.wav
  artifactKey: Guid(657578e4be6b64dbf9b09deada272e55) Importer(815301076,1909f56bfc062723c751e8b465ee728b)
Start importing Assets/CasualGameSounds/DM-CGS-24.wav using Guid(657578e4be6b64dbf9b09deada272e55) Importer(815301076,1909f56bfc062723c751e8b465ee728b)  -> (artifact id: '7170830bf45a01e728efef7cfdcec0a9') in 0.021865 seconds
  Import took 0.031526 seconds .

========================================================================
Received Import Request.
  Time since last request: 2.312891 seconds.
  path: Assets/CasualGameSounds/DM-CGS-25.wav
  artifactKey: Guid(5fdb13d3756c84fecac96f5a2d124370) Importer(815301076,1909f56bfc062723c751e8b465ee728b)
Start importing Assets/CasualGameSounds/DM-CGS-25.wav using Guid(5fdb13d3756c84fecac96f5a2d124370) Importer(815301076,1909f56bfc062723c751e8b465ee728b)  -> (artifact id: '87a981dea8cbda28e9a5da3710754af2') in 0.013163 seconds
  Import took 0.018155 seconds .

========================================================================
Received Import Request.
  Time since last request: 1.761309 seconds.
  path: Assets/CasualGameSounds/DM-CGS-26.wav
  artifactKey: Guid(7bd6b897eb5ca4b7d88a205c4a51640c) Importer(815301076,1909f56bfc062723c751e8b465ee728b)
Start importing Assets/CasualGameSounds/DM-CGS-26.wav using Guid(7bd6b897eb5ca4b7d88a205c4a51640c) Importer(815301076,1909f56bfc062723c751e8b465ee728b)  -> (artifact id: 'f4bcab93f6c4bbfe11a7ea2f6ba55b0c') in 0.015269 seconds
  Import took 0.021211 seconds .

========================================================================
Received Import Request.
  Time since last request: 2.121723 seconds.
  path: Assets/CasualGameSounds/DM-CGS-27.wav
  artifactKey: Guid(5039414d94a6e4e70a5ab9e8833e992a) Importer(815301076,1909f56bfc062723c751e8b465ee728b)
Start importing Assets/CasualGameSounds/DM-CGS-27.wav using Guid(5039414d94a6e4e70a5ab9e8833e992a) Importer(815301076,1909f56bfc062723c751e8b465ee728b)  -> (artifact id: '8eaf1118c61a670a114de0c94b9e2150') in 0.012658 seconds
  Import took 0.017378 seconds .

========================================================================
Received Import Request.
  Time since last request: 3.148455 seconds.
  path: Assets/CasualGameSounds/DM-CGS-28.wav
  artifactKey: Guid(79180f511d89441b9aa23ccae1992fe0) Importer(815301076,1909f56bfc062723c751e8b465ee728b)
Start importing Assets/CasualGameSounds/DM-CGS-28.wav using Guid(79180f511d89441b9aa23ccae1992fe0) Importer(815301076,1909f56bfc062723c751e8b465ee728b)  -> (artifact id: '0a3b97d7348d3547fc08886af7bf022b') in 0.020181 seconds
  Import took 0.027362 seconds .

========================================================================
Received Import Request.
  Time since last request: 1.942385 seconds.
  path: Assets/CasualGameSounds/DM-CGS-29.wav
  artifactKey: Guid(80e397195ea2940b69ee7bdbded856a5) Importer(815301076,1909f56bfc062723c751e8b465ee728b)
Start importing Assets/CasualGameSounds/DM-CGS-29.wav using Guid(80e397195ea2940b69ee7bdbded856a5) Importer(815301076,1909f56bfc062723c751e8b465ee728b)  -> (artifact id: 'f69d14a867cc0d705d425e537fe5b25e') in 0.019551 seconds
  Import took 0.025110 seconds .

========================================================================
Received Import Request.
  Time since last request: 1.739820 seconds.
  path: Assets/CasualGameSounds/DM-CGS-31.wav
  artifactKey: Guid(cf6c0e7fbef9449c98a0cdb5ea0c4d9f) Importer(815301076,1909f56bfc062723c751e8b465ee728b)
Start importing Assets/CasualGameSounds/DM-CGS-31.wav using Guid(cf6c0e7fbef9449c98a0cdb5ea0c4d9f) Importer(815301076,1909f56bfc062723c751e8b465ee728b)  -> (artifact id: '5651a38f95af5a92d5f19af6b217fc5e') in 0.014531 seconds
  Import took 0.026216 seconds .

========================================================================
Received Import Request.
  Time since last request: 2.392766 seconds.
  path: Assets/CasualGameSounds/DM-CGS-30.wav
  artifactKey: Guid(130a177e727814a2ea78a886ab72213d) Importer(815301076,1909f56bfc062723c751e8b465ee728b)
Start importing Assets/CasualGameSounds/DM-CGS-30.wav using Guid(130a177e727814a2ea78a886ab72213d) Importer(815301076,1909f56bfc062723c751e8b465ee728b)  -> (artifact id: '29f3a2e5d304c049a9ec0d71bc732d34') in 0.015391 seconds
  Import took 0.020896 seconds .

========================================================================
Received Import Request.
  Time since last request: 2.673202 seconds.
  path: Assets/CasualGameSounds/DM-CGS-32.wav
  artifactKey: Guid(29bde6326b4c34ad8a12da475f79b50a) Importer(815301076,1909f56bfc062723c751e8b465ee728b)
Start importing Assets/CasualGameSounds/DM-CGS-32.wav using Guid(29bde6326b4c34ad8a12da475f79b50a) Importer(815301076,1909f56bfc062723c751e8b465ee728b)  -> (artifact id: '1edd97a3971097ef9f75edebe5147c2a') in 0.014314 seconds
  Import took 0.020637 seconds .

========================================================================
Received Import Request.
  Time since last request: 0.300957 seconds.
  path: Assets/CasualGameSounds/DM-CGS-34.wav
  artifactKey: Guid(881e3f52c86c94f26a60718d35627cd8) Importer(815301076,1909f56bfc062723c751e8b465ee728b)
Start importing Assets/CasualGameSounds/DM-CGS-34.wav using Guid(881e3f52c86c94f26a60718d35627cd8) Importer(815301076,1909f56bfc062723c751e8b465ee728b)  -> (artifact id: 'c84fd2235e7909f40a90250835594180') in 0.016624 seconds
  Import took 0.022750 seconds .

========================================================================
Received Import Request.
  Time since last request: 2.807167 seconds.
  path: Assets/CasualGameSounds/DM-CGS-35.wav
  artifactKey: Guid(89e6bc608da7b47d4914f3d9c2484e48) Importer(815301076,1909f56bfc062723c751e8b465ee728b)
Start importing Assets/CasualGameSounds/DM-CGS-35.wav using Guid(89e6bc608da7b47d4914f3d9c2484e48) Importer(815301076,1909f56bfc062723c751e8b465ee728b)  -> (artifact id: 'e4a86795a9477d400fc0d9d2b24fbaba') in 0.013544 seconds
  Import took 0.019051 seconds .

========================================================================
Received Import Request.
  Time since last request: 3.435377 seconds.
  path: Assets/CasualGameSounds/DM-CGS-36.wav
  artifactKey: Guid(df729d213c4be44a9b55cd109f5cd4f9) Importer(815301076,1909f56bfc062723c751e8b465ee728b)
Start importing Assets/CasualGameSounds/DM-CGS-36.wav using Guid(df729d213c4be44a9b55cd109f5cd4f9) Importer(815301076,1909f56bfc062723c751e8b465ee728b)  -> (artifact id: 'ff243d5ee5086f17042d9e8a45f911a7') in 0.019793 seconds
  Import took 0.026683 seconds .

========================================================================
Received Import Request.
  Time since last request: 11.961284 seconds.
  path: Assets/CasualGameSounds/DM-CGS-37.wav
  artifactKey: Guid(a931da70ee74947d5a047de583170ade) Importer(815301076,1909f56bfc062723c751e8b465ee728b)
Start importing Assets/CasualGameSounds/DM-CGS-37.wav using Guid(a931da70ee74947d5a047de583170ade) Importer(815301076,1909f56bfc062723c751e8b465ee728b)  -> (artifact id: '2ab8dd8930128728713036800b513d3d') in 0.027939 seconds
  Import took 0.035884 seconds .

========================================================================
Received Import Request.
  Time since last request: 2.434685 seconds.
  path: Assets/CasualGameSounds/DM-CGS-38.wav
  artifactKey: Guid(84e427d6b66ab4066b6a4dcd0ce819ee) Importer(815301076,1909f56bfc062723c751e8b465ee728b)
Start importing Assets/CasualGameSounds/DM-CGS-38.wav using Guid(84e427d6b66ab4066b6a4dcd0ce819ee) Importer(815301076,1909f56bfc062723c751e8b465ee728b)  -> (artifact id: '26cee0ac87ed045f0816ea31b19cbf9d') in 0.023574 seconds
  Import took 0.028755 seconds .

========================================================================
Received Import Request.
  Time since last request: 2.349308 seconds.
  path: Assets/CasualGameSounds/DM-CGS-39.wav
  artifactKey: Guid(3becec1909f194046945d85ac1077772) Importer(815301076,1909f56bfc062723c751e8b465ee728b)
Start importing Assets/CasualGameSounds/DM-CGS-39.wav using Guid(3becec1909f194046945d85ac1077772) Importer(815301076,1909f56bfc062723c751e8b465ee728b)  -> (artifact id: 'def18cf04cdb45c064cddc1942eab8fd') in 0.021399 seconds
  Import took 0.026096 seconds .

========================================================================
Received Import Request.
  Time since last request: 112.881170 seconds.
  path: Assets/Materials/rainPartical.mat
  artifactKey: Guid(eca883a3b88984d458298df513d59ade) Importer(815301076,1909f56bfc062723c751e8b465ee728b)
Start importing Assets/Materials/rainPartical.mat using Guid(eca883a3b88984d458298df513d59ade) Importer(815301076,1909f56bfc062723c751e8b465ee728b)  -> (artifact id: '878a0b383f158d79f4a2d8491667c376') in 0.123957 seconds
  Import took 0.168643 seconds .

========================================================================
Received Import Request.
  Time since last request: 38.903879 seconds.
  path: Assets/Footstep(Snow and Grass)
  artifactKey: Guid(185766b81d8fa214780bc9841fc89894) Importer(815301076,1909f56bfc062723c751e8b465ee728b)
Start importing Assets/Footstep(Snow and Grass) using Guid(185766b81d8fa214780bc9841fc89894) Importer(815301076,1909f56bfc062723c751e8b465ee728b)  -> (artifact id: '7bdbc90b183cdf5bb3b2b719b247a787') in 0.010606 seconds
  Import took 0.044791 seconds .

========================================================================
Received Import Request.
  Time since last request: 35.307111 seconds.
  path: Assets/Footstep(Snow and Grass)/StepsLoop/grass/running/Running-2.wav
  artifactKey: Guid(8cfd47c86b81d24488795468995eae2f) Importer(815301076,1909f56bfc062723c751e8b465ee728b)
Start importing Assets/Footstep(Snow and Grass)/StepsLoop/grass/running/Running-2.wav using Guid(8cfd47c86b81d24488795468995eae2f) Importer(815301076,1909f56bfc062723c751e8b465ee728b)  -> (artifact id: 'daeece152c088ab1aa2efff1d2210bc4') in 0.017979 seconds
  Import took 0.023327 seconds .

========================================================================
Received Import Request.
  Time since last request: 0.665450 seconds.
  path: Assets/Footstep(Snow and Grass)/StepsLoop/grass/running/Running-1.wav
  artifactKey: Guid(2297347d09698b848ad3da652b4e9944) Importer(815301076,1909f56bfc062723c751e8b465ee728b)
Start importing Assets/Footstep(Snow and Grass)/StepsLoop/grass/running/Running-1.wav using Guid(2297347d09698b848ad3da652b4e9944) Importer(815301076,1909f56bfc062723c751e8b465ee728b)  -> (artifact id: '6c25c68e25ea1c597540375d0bef8746') in 0.025411 seconds
  Import took 0.029931 seconds .

========================================================================
Received Import Request.
  Time since last request: 1.437075 seconds.
  path: Assets/Footstep(Snow and Grass)/Stepssingle sound/grass
  artifactKey: Guid(49dce64b80831a24691e86adb09dfa05) Importer(815301076,1909f56bfc062723c751e8b465ee728b)
Start importing Assets/Footstep(Snow and Grass)/Stepssingle sound/grass using Guid(49dce64b80831a24691e86adb09dfa05) Importer(815301076,1909f56bfc062723c751e8b465ee728b)  -> (artifact id: 'c59e3d4d73ececec89a129d275d24f17') in 0.011811 seconds
  Import took 0.016959 seconds .

========================================================================
Received Import Request.
  Time since last request: 3.310148 seconds.
  path: Assets/Footstep(Snow and Grass)/Stepssingle sound/grass/Grass1 26-Audio.wav
  artifactKey: Guid(b224ea4077fd9804c825863a283d50a6) Importer(815301076,1909f56bfc062723c751e8b465ee728b)
Start importing Assets/Footstep(Snow and Grass)/Stepssingle sound/grass/Grass1 26-Audio.wav using Guid(b224ea4077fd9804c825863a283d50a6) Importer(815301076,1909f56bfc062723c751e8b465ee728b)  -> (artifact id: '818307f18af5704df045582217dcaee7') in 0.017298 seconds
  Import took 0.021594 seconds .

========================================================================
Received Import Request.
  Time since last request: 13.010307 seconds.
  path: Assets/Footstep(Snow and Grass)/Stepssingle sound/grass/Grass1 25-Audio.wav
  artifactKey: Guid(07902d35c76dec04495ae89be0bca886) Importer(815301076,1909f56bfc062723c751e8b465ee728b)
Start importing Assets/Footstep(Snow and Grass)/Stepssingle sound/grass/Grass1 25-Audio.wav using Guid(07902d35c76dec04495ae89be0bca886) Importer(815301076,1909f56bfc062723c751e8b465ee728b)  -> (artifact id: '36e78f478c7da0370b3348325c735df0') in 0.016880 seconds
  Import took 0.021778 seconds .

========================================================================
Received Import Request.
  Time since last request: 108.035530 seconds.
  path: Assets/Scripts/Character/controller.cs
  artifactKey: Guid(3cc9837e86125334bb01abc272ad688b) Importer(815301076,1909f56bfc062723c751e8b465ee728b)
Start importing Assets/Scripts/Character/controller.cs using Guid(3cc9837e86125334bb01abc272ad688b) Importer(815301076,1909f56bfc062723c751e8b465ee728b)  -> (artifact id: 'dae90397aef9a4aeac220877a64f877a') in 0.023688 seconds
  Import took 0.031227 seconds .

========================================================================
Received Prepare
Registering precompiled user dll's ...
Registered in 0.001826 seconds.
Begin MonoManager ReloadAssembly
Native extension for WindowsStandalone target not found
Refreshing native plugins compatible for Editor in 0.47 ms, found 1 plugins.
Preloading 0 native plugins for Editor in 0.00 ms.
Invoked RoslynAnalysisRunner static constructor.
RoslynAnalysisRunner will not be running.
RoslynAnalysisRunner has terminated.
Mono: successfully reloaded assembly
- Completed reload, in  1.485 seconds
Platform modules already initialized, skipping
Refreshing native plugins compatible for Editor in 1.22 ms, found 1 plugins.
Preloading 0 native plugins for Editor in 0.00 ms.
Unloading 1818 Unused Serialized files (Serialized files now loaded: 0)
System memory in use before: 89.9 MB.
System memory in use after: 89.9 MB.

Unloading 12 unused Assets to reduce memory usage. Loaded Objects now: 2328.
Total: 2.800900 ms (FindLiveObjects: 0.416700 ms CreateObjectMapping: 0.095300 ms MarkObjects: 2.152700 ms  DeleteObjects: 0.132300 ms)

========================================================================
Received Import Request.
  Time since last request: 164.748158 seconds.
  path: Assets/Scripts/Character/controller.cs
  artifactKey: Guid(3cc9837e86125334bb01abc272ad688b) Importer(815301076,1909f56bfc062723c751e8b465ee728b)
Start importing Assets/Scripts/Character/controller.cs using Guid(3cc9837e86125334bb01abc272ad688b) Importer(815301076,1909f56bfc062723c751e8b465ee728b)  -> (artifact id: 'ef36e923d72045116b72434a9b889d12') in 0.007989 seconds
  Import took 0.017304 seconds .

========================================================================
Received Prepare
Registering precompiled user dll's ...
Registered in 0.001309 seconds.
Begin MonoManager ReloadAssembly
Native extension for WindowsStandalone target not found
Refreshing native plugins compatible for Editor in 0.43 ms, found 1 plugins.
Preloading 0 native plugins for Editor in 0.00 ms.
Invoked RoslynAnalysisRunner static constructor.
RoslynAnalysisRunner will not be running.
RoslynAnalysisRunner has terminated.
Mono: successfully reloaded assembly
- Completed reload, in  1.285 seconds
Platform modules already initialized, skipping
Refreshing native plugins compatible for Editor in 0.43 ms, found 1 plugins.
Preloading 0 native plugins for Editor in 0.00 ms.
Unloading 1818 Unused Serialized files (Serialized files now loaded: 0)
System memory in use before: 90.2 MB.
System memory in use after: 90.1 MB.

Unloading 12 unused Assets to reduce memory usage. Loaded Objects now: 2332.
Total: 3.185000 ms (FindLiveObjects: 0.348400 ms CreateObjectMapping: 0.115200 ms MarkObjects: 2.585900 ms  DeleteObjects: 0.134100 ms)

========================================================================
Received Import Request.
  Time since last request: 68.949739 seconds.
  path: Assets/Scripts/Character/controller.cs
  artifactKey: Guid(3cc9837e86125334bb01abc272ad688b) Importer(815301076,1909f56bfc062723c751e8b465ee728b)
Start importing Assets/Scripts/Character/controller.cs using Guid(3cc9837e86125334bb01abc272ad688b) Importer(815301076,1909f56bfc062723c751e8b465ee728b)  -> (artifact id: 'da28dc1a899137d51ee6002efb0aba02') in 0.007131 seconds
  Import took 0.011318 seconds .

========================================================================
Received Import Request.
  Time since last request: 0.006253 seconds.
  path: Assets/Scripts/Character/controller.cs
  artifactKey: Guid(3cc9837e86125334bb01abc272ad688b) Importer(815301076,1909f56bfc062723c751e8b465ee728b)
Start importing Assets/Scripts/Character/controller.cs using Guid(3cc9837e86125334bb01abc272ad688b) Importer(815301076,1909f56bfc062723c751e8b465ee728b)  -> (artifact id: 'da28dc1a899137d51ee6002efb0aba02') in 0.003245 seconds
  Import took 0.007311 seconds .

========================================================================
Received Prepare
Registering precompiled user dll's ...
Registered in 0.001416 seconds.
Begin MonoManager ReloadAssembly
Native extension for WindowsStandalone target not found
Refreshing native plugins compatible for Editor in 0.47 ms, found 1 plugins.
Preloading 0 native plugins for Editor in 0.00 ms.
Invoked RoslynAnalysisRunner static constructor.
RoslynAnalysisRunner will not be running.
RoslynAnalysisRunner has terminated.
Mono: successfully reloaded assembly
- Completed reload, in  1.218 seconds
Platform modules already initialized, skipping
Refreshing native plugins compatible for Editor in 0.43 ms, found 1 plugins.
Preloading 0 native plugins for Editor in 0.00 ms.
Unloading 1818 Unused Serialized files (Serialized files now loaded: 0)
System memory in use before: 90.2 MB.
System memory in use after: 90.2 MB.

Unloading 12 unused Assets to reduce memory usage. Loaded Objects now: 2336.
Total: 2.610600 ms (FindLiveObjects: 0.254400 ms CreateObjectMapping: 0.102500 ms MarkObjects: 2.123800 ms  DeleteObjects: 0.128200 ms)

========================================================================
Received Prepare
Registering precompiled user dll's ...
Registered in 0.001476 seconds.
Begin MonoManager ReloadAssembly
Native extension for WindowsStandalone target not found
Refreshing native plugins compatible for Editor in 0.47 ms, found 1 plugins.
Preloading 0 native plugins for Editor in 0.00 ms.
Invoked RoslynAnalysisRunner static constructor.
RoslynAnalysisRunner will not be running.
RoslynAnalysisRunner has terminated.
Mono: successfully reloaded assembly
- Completed reload, in  1.448 seconds
Platform modules already initialized, skipping
Refreshing native plugins compatible for Editor in 0.56 ms, found 1 plugins.
Preloading 0 native plugins for Editor in 0.00 ms.
Unloading 1818 Unused Serialized files (Serialized files now loaded: 0)
System memory in use before: 90.2 MB.
System memory in use after: 90.2 MB.

Unloading 12 unused Assets to reduce memory usage. Loaded Objects now: 2340.
Total: 2.434300 ms (FindLiveObjects: 0.294100 ms CreateObjectMapping: 0.117000 ms MarkObjects: 1.911100 ms  DeleteObjects: 0.110800 ms)

========================================================================
Received Prepare
Registering precompiled user dll's ...
Registered in 0.001175 seconds.
Begin MonoManager ReloadAssembly
Native extension for WindowsStandalone target not found
Refreshing native plugins compatible for Editor in 0.45 ms, found 1 plugins.
Preloading 0 native plugins for Editor in 0.00 ms.
Invoked RoslynAnalysisRunner static constructor.
RoslynAnalysisRunner will not be running.
RoslynAnalysisRunner has terminated.
Mono: successfully reloaded assembly
- Completed reload, in  1.414 seconds
Platform modules already initialized, skipping
Refreshing native plugins compatible for Editor in 0.44 ms, found 1 plugins.
Preloading 0 native plugins for Editor in 0.00 ms.
Unloading 1818 Unused Serialized files (Serialized files now loaded: 0)
System memory in use before: 90.2 MB.
System memory in use after: 90.2 MB.

Unloading 12 unused Assets to reduce memory usage. Loaded Objects now: 2344.
Total: 3.515300 ms (FindLiveObjects: 0.411900 ms CreateObjectMapping: 0.121400 ms MarkObjects: 2.843600 ms  DeleteObjects: 0.136600 ms)

========================================================================
Received Prepare
Registering precompiled user dll's ...
Registered in 0.001149 seconds.
Begin MonoManager ReloadAssembly
Native extension for WindowsStandalone target not found
Refreshing native plugins compatible for Editor in 0.60 ms, found 1 plugins.
Preloading 0 native plugins for Editor in 0.00 ms.
Invoked RoslynAnalysisRunner static constructor.
RoslynAnalysisRunner will not be running.
RoslynAnalysisRunner has terminated.
Mono: successfully reloaded assembly
- Completed reload, in  1.369 seconds
Platform modules already initialized, skipping
Refreshing native plugins compatible for Editor in 0.57 ms, found 1 plugins.
Preloading 0 native plugins for Editor in 0.00 ms.
Unloading 1818 Unused Serialized files (Serialized files now loaded: 0)
System memory in use before: 90.2 MB.
System memory in use after: 90.2 MB.

Unloading 12 unused Assets to reduce memory usage. Loaded Objects now: 2348.
Total: 2.304600 ms (FindLiveObjects: 0.230200 ms CreateObjectMapping: 0.094800 ms MarkObjects: 1.864600 ms  DeleteObjects: 0.113600 ms)

========================================================================
Received Prepare
Registering precompiled user dll's ...
Registered in 0.001098 seconds.
Begin MonoManager ReloadAssembly
Native extension for WindowsStandalone target not found
Refreshing native plugins compatible for Editor in 0.71 ms, found 1 plugins.
Preloading 0 native plugins for Editor in 0.00 ms.
Invoked RoslynAnalysisRunner static constructor.
RoslynAnalysisRunner will not be running.
RoslynAnalysisRunner has terminated.
Mono: successfully reloaded assembly
- Completed reload, in  1.415 seconds
Platform modules already initialized, skipping
Refreshing native plugins compatible for Editor in 0.50 ms, found 1 plugins.
Preloading 0 native plugins for Editor in 0.00 ms.
Unloading 1818 Unused Serialized files (Serialized files now loaded: 0)
System memory in use before: 90.2 MB.
System memory in use after: 90.2 MB.

Unloading 12 unused Assets to reduce memory usage. Loaded Objects now: 2352.
Total: 5.322700 ms (FindLiveObjects: 0.389500 ms CreateObjectMapping: 0.171700 ms MarkObjects: 4.503500 ms  DeleteObjects: 0.255800 ms)

========================================================================
Received Prepare
Registering precompiled user dll's ...
Registered in 0.001174 seconds.
Begin MonoManager ReloadAssembly
Native extension for WindowsStandalone target not found
Refreshing native plugins compatible for Editor in 0.39 ms, found 1 plugins.
Preloading 0 native plugins for Editor in 0.00 ms.
Invoked RoslynAnalysisRunner static constructor.
RoslynAnalysisRunner will not be running.
RoslynAnalysisRunner has terminated.
Mono: successfully reloaded assembly
- Completed reload, in  1.200 seconds
Platform modules already initialized, skipping
Refreshing native plugins compatible for Editor in 0.39 ms, found 1 plugins.
Preloading 0 native plugins for Editor in 0.00 ms.
Unloading 1818 Unused Serialized files (Serialized files now loaded: 0)
System memory in use before: 90.3 MB.
System memory in use after: 90.2 MB.

Unloading 12 unused Assets to reduce memory usage. Loaded Objects now: 2356.
Total: 2.215400 ms (FindLiveObjects: 0.221000 ms CreateObjectMapping: 0.071000 ms MarkObjects: 1.823100 ms  DeleteObjects: 0.099300 ms)

========================================================================
Received Prepare
Registering precompiled user dll's ...
Registered in 0.000952 seconds.
Begin MonoManager ReloadAssembly
Native extension for WindowsStandalone target not found
Refreshing native plugins compatible for Editor in 0.52 ms, found 1 plugins.
Preloading 0 native plugins for Editor in 0.00 ms.
Invoked RoslynAnalysisRunner static constructor.
RoslynAnalysisRunner will not be running.
RoslynAnalysisRunner has terminated.
Mono: successfully reloaded assembly
- Completed reload, in  1.080 seconds
Platform modules already initialized, skipping
Refreshing native plugins compatible for Editor in 0.42 ms, found 1 plugins.
Preloading 0 native plugins for Editor in 0.00 ms.
Unloading 1818 Unused Serialized files (Serialized files now loaded: 0)
System memory in use before: 90.3 MB.
System memory in use after: 90.2 MB.

Unloading 12 unused Assets to reduce memory usage. Loaded Objects now: 2360.
Total: 2.136800 ms (FindLiveObjects: 0.299900 ms CreateObjectMapping: 0.103900 ms MarkObjects: 1.632400 ms  DeleteObjects: 0.099500 ms)

========================================================================
Received Prepare
Registering precompiled user dll's ...
Registered in 0.011159 seconds.
Begin MonoManager ReloadAssembly
Native extension for WindowsStandalone target not found
Refreshing native plugins compatible for Editor in 0.58 ms, found 1 plugins.
Preloading 0 native plugins for Editor in 0.00 ms.
Invoked RoslynAnalysisRunner static constructor.
RoslynAnalysisRunner will not be running.
RoslynAnalysisRunner has terminated.
Mono: successfully reloaded assembly
- Completed reload, in  1.208 seconds
Platform modules already initialized, skipping
Refreshing native plugins compatible for Editor in 1.07 ms, found 1 plugins.
Preloading 0 native plugins for Editor in 0.00 ms.
Unloading 1818 Unused Serialized files (Serialized files now loaded: 0)
System memory in use before: 90.3 MB.
System memory in use after: 90.2 MB.

Unloading 12 unused Assets to reduce memory usage. Loaded Objects now: 2364.
Total: 4.308200 ms (FindLiveObjects: 0.591700 ms CreateObjectMapping: 0.265600 ms MarkObjects: 3.317400 ms  DeleteObjects: 0.131900 ms)

========================================================================
Received Prepare
Registering precompiled user dll's ...
Registered in 0.001753 seconds.
Begin MonoManager ReloadAssembly
Native extension for WindowsStandalone target not found
Refreshing native plugins compatible for Editor in 1.34 ms, found 1 plugins.
Preloading 0 native plugins for Editor in 0.00 ms.
Invoked RoslynAnalysisRunner static constructor.
RoslynAnalysisRunner will not be running.
RoslynAnalysisRunner has terminated.
Mono: successfully reloaded assembly
- Completed reload, in  1.346 seconds
Platform modules already initialized, skipping
Refreshing native plugins compatible for Editor in 0.53 ms, found 1 plugins.
Preloading 0 native plugins for Editor in 0.00 ms.
Unloading 1818 Unused Serialized files (Serialized files now loaded: 0)
System memory in use before: 90.3 MB.
System memory in use after: 90.3 MB.

Unloading 12 unused Assets to reduce memory usage. Loaded Objects now: 2368.
Total: 2.698000 ms (FindLiveObjects: 0.372700 ms CreateObjectMapping: 0.144300 ms MarkObjects: 2.049700 ms  DeleteObjects: 0.129800 ms)

========================================================================
Received Prepare
Registering precompiled user dll's ...
Registered in 0.001473 seconds.
Begin MonoManager ReloadAssembly
Native extension for WindowsStandalone target not found
Refreshing native plugins compatible for Editor in 0.46 ms, found 1 plugins.
Preloading 0 native plugins for Editor in 0.00 ms.
Invoked RoslynAnalysisRunner static constructor.
RoslynAnalysisRunner will not be running.
RoslynAnalysisRunner has terminated.
Mono: successfully reloaded assembly
- Completed reload, in  1.158 seconds
Platform modules already initialized, skipping
Refreshing native plugins compatible for Editor in 0.48 ms, found 1 plugins.
Preloading 0 native plugins for Editor in 0.00 ms.
Unloading 1818 Unused Serialized files (Serialized files now loaded: 0)
System memory in use before: 90.3 MB.
System memory in use after: 90.3 MB.

Unloading 12 unused Assets to reduce memory usage. Loaded Objects now: 2372.
Total: 2.135700 ms (FindLiveObjects: 0.236000 ms CreateObjectMapping: 0.105800 ms MarkObjects: 1.690100 ms  DeleteObjects: 0.102700 ms)

========================================================================
Received Prepare
Registering precompiled user dll's ...
Registered in 0.002040 seconds.
Begin MonoManager ReloadAssembly
Native extension for WindowsStandalone target not found
Refreshing native plugins compatible for Editor in 0.47 ms, found 1 plugins.
Preloading 0 native plugins for Editor in 0.00 ms.
Invoked RoslynAnalysisRunner static constructor.
RoslynAnalysisRunner will not be running.
RoslynAnalysisRunner has terminated.
Mono: successfully reloaded assembly
- Completed reload, in  1.608 seconds
Platform modules already initialized, skipping
Refreshing native plugins compatible for Editor in 0.42 ms, found 1 plugins.
Preloading 0 native plugins for Editor in 0.00 ms.
Unloading 1819 Unused Serialized files (Serialized files now loaded: 0)
System memory in use before: 90.3 MB.
System memory in use after: 90.3 MB.

Unloading 12 unused Assets to reduce memory usage. Loaded Objects now: 2377.
Total: 2.248700 ms (FindLiveObjects: 0.194600 ms CreateObjectMapping: 0.068500 ms MarkObjects: 1.836900 ms  DeleteObjects: 0.147400 ms)

========================================================================
Received Prepare
Registering precompiled user dll's ...
Registered in 0.001283 seconds.
Begin MonoManager ReloadAssembly
Native extension for WindowsStandalone target not found
Refreshing native plugins compatible for Editor in 0.70 ms, found 1 plugins.
Preloading 0 native plugins for Editor in 0.00 ms.
Invoked RoslynAnalysisRunner static constructor.
RoslynAnalysisRunner will not be running.
RoslynAnalysisRunner has terminated.
Mono: successfully reloaded assembly
- Completed reload, in  1.337 seconds
Platform modules already initialized, skipping
Refreshing native plugins compatible for Editor in 0.60 ms, found 1 plugins.
Preloading 0 native plugins for Editor in 0.00 ms.
Unloading 1819 Unused Serialized files (Serialized files now loaded: 0)
System memory in use before: 90.3 MB.
System memory in use after: 90.3 MB.

Unloading 12 unused Assets to reduce memory usage. Loaded Objects now: 2381.
Total: 2.779100 ms (FindLiveObjects: 0.292900 ms CreateObjectMapping: 0.107400 ms MarkObjects: 2.128500 ms  DeleteObjects: 0.249300 ms)

========================================================================
Received Import Request.
  Time since last request: 2375.917167 seconds.
  path: Assets/Resources/char/DM-CGS-07.wav
  artifactKey: Guid(292c3486fa397d844ae583fd4759e204) Importer(815301076,1909f56bfc062723c751e8b465ee728b)
Start importing Assets/Resources/char/DM-CGS-07.wav using Guid(292c3486fa397d844ae583fd4759e204) Importer(815301076,1909f56bfc062723c751e8b465ee728b)  -> (artifact id: '3d870dd0172572cfbf57fbd74e60844a') in 0.136655 seconds
  Import took 0.143533 seconds .

========================================================================
Received Import Request.
  Time since last request: 4.181303 seconds.
  path: Assets/Resources/char/jump.wav
  artifactKey: Guid(292c3486fa397d844ae583fd4759e204) Importer(815301076,1909f56bfc062723c751e8b465ee728b)
Start importing Assets/Resources/char/jump.wav using Guid(292c3486fa397d844ae583fd4759e204) Importer(815301076,1909f56bfc062723c751e8b465ee728b)  -> (artifact id: 'e8799307e42530d4c0d9c575fd45d079') in 0.021871 seconds
  Import took 0.028049 seconds .

========================================================================
Received Prepare
Registering precompiled user dll's ...
Registered in 0.003832 seconds.
Begin MonoManager ReloadAssembly
Native extension for WindowsStandalone target not found
Refreshing native plugins compatible for Editor in 1.10 ms, found 1 plugins.
Preloading 0 native plugins for Editor in 0.00 ms.
Invoked RoslynAnalysisRunner static constructor.
RoslynAnalysisRunner will not be running.
RoslynAnalysisRunner has terminated.
Mono: successfully reloaded assembly
- Completed reload, in  1.324 seconds
Platform modules already initialized, skipping
Refreshing native plugins compatible for Editor in 0.56 ms, found 1 plugins.
Preloading 0 native plugins for Editor in 0.00 ms.
Unloading 1819 Unused Serialized files (Serialized files now loaded: 0)
System memory in use before: 90.4 MB.
System memory in use after: 90.3 MB.

Unloading 12 unused Assets to reduce memory usage. Loaded Objects now: 2386.
Total: 3.329500 ms (FindLiveObjects: 0.608100 ms CreateObjectMapping: 0.183600 ms MarkObjects: 2.404400 ms  DeleteObjects: 0.131700 ms)

========================================================================
Received Prepare
Registering precompiled user dll's ...
Registered in 0.001624 seconds.
Begin MonoManager ReloadAssembly
Native extension for WindowsStandalone target not found
Refreshing native plugins compatible for Editor in 0.39 ms, found 1 plugins.
Preloading 0 native plugins for Editor in 0.00 ms.
Invoked RoslynAnalysisRunner static constructor.
RoslynAnalysisRunner will not be running.
RoslynAnalysisRunner has terminated.
Mono: successfully reloaded assembly
- Completed reload, in  1.153 seconds
Platform modules already initialized, skipping
Refreshing native plugins compatible for Editor in 0.54 ms, found 1 plugins.
Preloading 0 native plugins for Editor in 0.00 ms.
Unloading 1819 Unused Serialized files (Serialized files now loaded: 0)
System memory in use before: 90.4 MB.
System memory in use after: 90.3 MB.

Unloading 12 unused Assets to reduce memory usage. Loaded Objects now: 2390.
Total: 3.037500 ms (FindLiveObjects: 0.598800 ms CreateObjectMapping: 0.181400 ms MarkObjects: 2.128600 ms  DeleteObjects: 0.125000 ms)

========================================================================
Received Import Request.
  Time since last request: 376.745585 seconds.
  path: Assets/Resources/char
  artifactKey: Guid(66c68240f32c57147b76d19443994a26) Importer(815301076,1909f56bfc062723c751e8b465ee728b)
Start importing Assets/Resources/char using Guid(66c68240f32c57147b76d19443994a26) Importer(815301076,1909f56bfc062723c751e8b465ee728b)  -> (artifact id: '235edbbb4f6cc70210b75455b94ded79') in 0.015882 seconds
  Import took 0.762372 seconds .

========================================================================
Received Prepare
Registering precompiled user dll's ...
Registered in 0.024902 seconds.
Begin MonoManager ReloadAssembly
Native extension for WindowsStandalone target not found
Refreshing native plugins compatible for Editor in 0.39 ms, found 1 plugins.
Preloading 0 native plugins for Editor in 0.00 ms.
Invoked RoslynAnalysisRunner static constructor.
RoslynAnalysisRunner will not be running.
RoslynAnalysisRunner has terminated.
Mono: successfully reloaded assembly
- Completed reload, in  1.169 seconds
Platform modules already initialized, skipping
Refreshing native plugins compatible for Editor in 0.57 ms, found 1 plugins.
Preloading 0 native plugins for Editor in 0.00 ms.
Unloading 1819 Unused Serialized files (Serialized files now loaded: 0)
System memory in use before: 90.4 MB.
System memory in use after: 90.4 MB.

Unloading 12 unused Assets to reduce memory usage. Loaded Objects now: 2394.
Total: 3.153400 ms (FindLiveObjects: 0.230300 ms CreateObjectMapping: 0.080100 ms MarkObjects: 2.691700 ms  DeleteObjects: 0.149600 ms)

========================================================================
Received Prepare
Registering precompiled user dll's ...
Registered in 0.001760 seconds.
Begin MonoManager ReloadAssembly
Native extension for WindowsStandalone target not found
Refreshing native plugins compatible for Editor in 0.38 ms, found 1 plugins.
Preloading 0 native plugins for Editor in 0.00 ms.
Invoked RoslynAnalysisRunner static constructor.
RoslynAnalysisRunner will not be running.
RoslynAnalysisRunner has terminated.
Mono: successfully reloaded assembly
- Completed reload, in  1.319 seconds
Platform modules already initialized, skipping
Refreshing native plugins compatible for Editor in 0.43 ms, found 1 plugins.
Preloading 0 native plugins for Editor in 0.00 ms.
Unloading 1819 Unused Serialized files (Serialized files now loaded: 0)
System memory in use before: 90.4 MB.
System memory in use after: 90.4 MB.

Unloading 12 unused Assets to reduce memory usage. Loaded Objects now: 2398.
Total: 2.188200 ms (FindLiveObjects: 0.296800 ms CreateObjectMapping: 0.108700 ms MarkObjects: 1.678400 ms  DeleteObjects: 0.103400 ms)

========================================================================
Received Prepare
Registering precompiled user dll's ...
Registered in 0.000950 seconds.
Begin MonoManager ReloadAssembly
Native extension for WindowsStandalone target not found
Refreshing native plugins compatible for Editor in 0.39 ms, found 1 plugins.
Preloading 0 native plugins for Editor in 0.00 ms.
Invoked RoslynAnalysisRunner static constructor.
RoslynAnalysisRunner will not be running.
RoslynAnalysisRunner has terminated.
Mono: successfully reloaded assembly
- Completed reload, in  0.972 seconds
Platform modules already initialized, skipping
Refreshing native plugins compatible for Editor in 1.51 ms, found 1 plugins.
Preloading 0 native plugins for Editor in 0.00 ms.
Unloading 1819 Unused Serialized files (Serialized files now loaded: 0)
System memory in use before: 90.4 MB.
System memory in use after: 90.4 MB.

Unloading 12 unused Assets to reduce memory usage. Loaded Objects now: 2402.
Total: 2.336000 ms (FindLiveObjects: 0.332200 ms CreateObjectMapping: 0.093600 ms MarkObjects: 1.791300 ms  DeleteObjects: 0.117000 ms)

========================================================================
Received Import Request.
  Time since last request: 282.968838 seconds.
  path: Assets/CasualGameBGM05/BGM_01.wav
  artifactKey: Guid(475f4837af487ce4a9e68bb227455e4c) Importer(815301076,1909f56bfc062723c751e8b465ee728b)
Start importing Assets/CasualGameBGM05/BGM_01.wav using Guid(475f4837af487ce4a9e68bb227455e4c) Importer(815301076,1909f56bfc062723c751e8b465ee728b)  -> (artifact id: 'ff9fba69e0b01cf23c2ea81e421952f5') in 0.086833 seconds
  Import took 0.123927 seconds .

========================================================================
Received Import Request.
  Time since last request: 7.142438 seconds.
  path: Assets/CasualGameBGM05/BGM_02.wav
  artifactKey: Guid(90eae78e8ce85a849b5b0ca11b2de641) Importer(815301076,1909f56bfc062723c751e8b465ee728b)
Start importing Assets/CasualGameBGM05/BGM_02.wav using Guid(90eae78e8ce85a849b5b0ca11b2de641) Importer(815301076,1909f56bfc062723c751e8b465ee728b)  -> (artifact id: 'd30f64aca763f430eb484ff0cd03ab18') in 0.021263 seconds
  Import took 0.038023 seconds .

========================================================================
Received Import Request.
  Time since last request: 0.346370 seconds.
  path: Assets/CasualGameBGM05/BGM_03.wav
  artifactKey: Guid(47f45ef7b5767674393cc401fc325705) Importer(815301076,1909f56bfc062723c751e8b465ee728b)
Start importing Assets/CasualGameBGM05/BGM_03.wav using Guid(47f45ef7b5767674393cc401fc325705) Importer(815301076,1909f56bfc062723c751e8b465ee728b)  -> (artifact id: '7a54d1bf87f53e669f5ed71a5b10dd8e') in 0.024288 seconds
  Import took 0.040804 seconds .

========================================================================
Received Import Request.
  Time since last request: 0.002133 seconds.
  path: Assets/CasualGameBGM05/BGM_03.wav
  artifactKey: Guid(47f45ef7b5767674393cc401fc325705) Importer(815301076,1909f56bfc062723c751e8b465ee728b)
Start importing Assets/CasualGameBGM05/BGM_03.wav using Guid(47f45ef7b5767674393cc401fc325705) Importer(815301076,1909f56bfc062723c751e8b465ee728b)  -> (artifact id: '7a54d1bf87f53e669f5ed71a5b10dd8e') in 0.038783 seconds
  Import took 0.045127 seconds .

========================================================================
Received Import Request.
  Time since last request: 8.063263 seconds.
  path: Assets/CasualGameBGM05/BGM_04.wav
  artifactKey: Guid(1532c7e67c2d60c4c8780da14b7e8fcf) Importer(815301076,1909f56bfc062723c751e8b465ee728b)
Start importing Assets/CasualGameBGM05/BGM_04.wav using Guid(1532c7e67c2d60c4c8780da14b7e8fcf) Importer(815301076,1909f56bfc062723c751e8b465ee728b)  -> (artifact id: '87a372c1e0c9eb0d15489395eb6c6eba') in 0.023182 seconds
  Import took 0.037774 seconds .

========================================================================
Received Prepare
Registering precompiled user dll's ...
Registered in 0.001043 seconds.
Begin MonoManager ReloadAssembly
Native extension for WindowsStandalone target not found
Refreshing native plugins compatible for Editor in 0.46 ms, found 1 plugins.
Preloading 0 native plugins for Editor in 0.00 ms.
Invoked RoslynAnalysisRunner static constructor.
RoslynAnalysisRunner will not be running.
RoslynAnalysisRunner has terminated.
Mono: successfully reloaded assembly
- Completed reload, in  0.988 seconds
Platform modules already initialized, skipping
Refreshing native plugins compatible for Editor in 0.39 ms, found 1 plugins.
Preloading 0 native plugins for Editor in 0.00 ms.
Unloading 1819 Unused Serialized files (Serialized files now loaded: 0)
System memory in use before: 90.4 MB.
System memory in use after: 90.4 MB.

Unloading 12 unused Assets to reduce memory usage. Loaded Objects now: 2407.
Total: 2.435200 ms (FindLiveObjects: 0.259300 ms CreateObjectMapping: 0.079400 ms MarkObjects: 1.990500 ms  DeleteObjects: 0.104700 ms)

========================================================================
Received Prepare
Registering precompiled user dll's ...
Registered in 0.001297 seconds.
Begin MonoManager ReloadAssembly
Native extension for WindowsStandalone target not found
Refreshing native plugins compatible for Editor in 0.39 ms, found 1 plugins.
Preloading 0 native plugins for Editor in 0.00 ms.
Invoked RoslynAnalysisRunner static constructor.
RoslynAnalysisRunner will not be running.
RoslynAnalysisRunner has terminated.
Mono: successfully reloaded assembly
- Completed reload, in  0.936 seconds
Platform modules already initialized, skipping
Refreshing native plugins compatible for Editor in 0.39 ms, found 1 plugins.
Preloading 0 native plugins for Editor in 0.00 ms.
Unloading 1819 Unused Serialized files (Serialized files now loaded: 0)
System memory in use before: 90.4 MB.
System memory in use after: 90.4 MB.

Unloading 12 unused Assets to reduce memory usage. Loaded Objects now: 2411.
Total: 2.271300 ms (FindLiveObjects: 0.406000 ms CreateObjectMapping: 0.089600 ms MarkObjects: 1.662800 ms  DeleteObjects: 0.111700 ms)

========================================================================
Received Prepare
Registering precompiled user dll's ...
Registered in 0.000986 seconds.
Begin MonoManager ReloadAssembly
Native extension for WindowsStandalone target not found
Refreshing native plugins compatible for Editor in 0.44 ms, found 1 plugins.
Preloading 0 native plugins for Editor in 0.00 ms.
Invoked RoslynAnalysisRunner static constructor.
RoslynAnalysisRunner will not be running.
RoslynAnalysisRunner has terminated.
Mono: successfully reloaded assembly
- Completed reload, in  0.924 seconds
Platform modules already initialized, skipping
Refreshing native plugins compatible for Editor in 0.41 ms, found 1 plugins.
Preloading 0 native plugins for Editor in 0.00 ms.
Unloading 1819 Unused Serialized files (Serialized files now loaded: 0)
System memory in use before: 90.4 MB.
System memory in use after: 90.4 MB.

Unloading 12 unused Assets to reduce memory usage. Loaded Objects now: 2415.
Total: 2.504800 ms (FindLiveObjects: 0.306200 ms CreateObjectMapping: 0.082900 ms MarkObjects: 1.995300 ms  DeleteObjects: 0.119500 ms)

========================================================================
Received Prepare
Registering precompiled user dll's ...
Registered in 0.001206 seconds.
Begin MonoManager ReloadAssembly
Native extension for WindowsStandalone target not found
Refreshing native plugins compatible for Editor in 0.45 ms, found 1 plugins.
Preloading 0 native plugins for Editor in 0.00 ms.
Invoked RoslynAnalysisRunner static constructor.
RoslynAnalysisRunner will not be running.
RoslynAnalysisRunner has terminated.
Mono: successfully reloaded assembly
- Completed reload, in  0.882 seconds
Platform modules already initialized, skipping
Refreshing native plugins compatible for Editor in 0.47 ms, found 1 plugins.
Preloading 0 native plugins for Editor in 0.00 ms.
Unloading 1819 Unused Serialized files (Serialized files now loaded: 0)
System memory in use before: 90.4 MB.
System memory in use after: 90.4 MB.

Unloading 12 unused Assets to reduce memory usage. Loaded Objects now: 2419.
Total: 2.589300 ms (FindLiveObjects: 0.235400 ms CreateObjectMapping: 0.071600 ms MarkObjects: 2.151600 ms  DeleteObjects: 0.129000 ms)

========================================================================
Received Prepare
Registering precompiled user dll's ...
Registered in 0.008756 seconds.
Begin MonoManager ReloadAssembly
Native extension for WindowsStandalone target not found
Refreshing native plugins compatible for Editor in 0.43 ms, found 1 plugins.
Preloading 0 native plugins for Editor in 0.00 ms.
Invoked RoslynAnalysisRunner static constructor.
RoslynAnalysisRunner will not be running.
RoslynAnalysisRunner has terminated.
Mono: successfully reloaded assembly
- Completed reload, in  1.179 seconds
Platform modules already initialized, skipping
Refreshing native plugins compatible for Editor in 0.54 ms, found 1 plugins.
Preloading 0 native plugins for Editor in 0.00 ms.
Unloading 1819 Unused Serialized files (Serialized files now loaded: 0)
System memory in use before: 90.4 MB.
System memory in use after: 90.4 MB.

Unloading 12 unused Assets to reduce memory usage. Loaded Objects now: 2423.
Total: 2.208600 ms (FindLiveObjects: 0.213500 ms CreateObjectMapping: 0.077800 ms MarkObjects: 1.808700 ms  DeleteObjects: 0.107800 ms)

========================================================================
Received Prepare
Registering precompiled user dll's ...
Registered in 0.001293 seconds.
Begin MonoManager ReloadAssembly
Native extension for WindowsStandalone target not found
Refreshing native plugins compatible for Editor in 0.67 ms, found 1 plugins.
Preloading 0 native plugins for Editor in 0.00 ms.
Invoked RoslynAnalysisRunner static constructor.
RoslynAnalysisRunner will not be running.
RoslynAnalysisRunner has terminated.
Mono: successfully reloaded assembly
- Completed reload, in  0.822 seconds
Platform modules already initialized, skipping
Refreshing native plugins compatible for Editor in 0.39 ms, found 1 plugins.
Preloading 0 native plugins for Editor in 0.00 ms.
Unloading 1819 Unused Serialized files (Serialized files now loaded: 0)
System memory in use before: 90.5 MB.
System memory in use after: 90.4 MB.

Unloading 12 unused Assets to reduce memory usage. Loaded Objects now: 2427.
Total: 2.066500 ms (FindLiveObjects: 0.197100 ms CreateObjectMapping: 0.079500 ms MarkObjects: 1.676000 ms  DeleteObjects: 0.112600 ms)

========================================================================
Received Import Request.
  Time since last request: 626.472539 seconds.
  path: Assets/Scripts/soundManager.cs
  artifactKey: Guid(cc490e548110a2d46b2941373c99fe7b) Importer(815301076,1909f56bfc062723c751e8b465ee728b)
Start importing Assets/Scripts/soundManager.cs using Guid(cc490e548110a2d46b2941373c99fe7b) Importer(815301076,1909f56bfc062723c751e8b465ee728b)  -> (artifact id: 'ae53fc76a75599529f0286dbc966efba') in 0.012630 seconds
  Import took 0.035578 seconds .

========================================================================
Received Prepare
Registering precompiled user dll's ...
Registered in 0.001177 seconds.
Begin MonoManager ReloadAssembly
Native extension for WindowsStandalone target not found
Refreshing native plugins compatible for Editor in 0.40 ms, found 1 plugins.
Preloading 0 native plugins for Editor in 0.00 ms.
Invoked RoslynAnalysisRunner static constructor.
RoslynAnalysisRunner will not be running.
RoslynAnalysisRunner has terminated.
Mono: successfully reloaded assembly
- Completed reload, in  0.968 seconds
Platform modules already initialized, skipping
Refreshing native plugins compatible for Editor in 0.47 ms, found 1 plugins.
Preloading 0 native plugins for Editor in 0.00 ms.
Unloading 1819 Unused Serialized files (Serialized files now loaded: 0)
System memory in use before: 90.5 MB.
System memory in use after: 90.4 MB.

Unloading 12 unused Assets to reduce memory usage. Loaded Objects now: 2431.
Total: 2.217400 ms (FindLiveObjects: 0.213500 ms CreateObjectMapping: 0.078200 ms MarkObjects: 1.822000 ms  DeleteObjects: 0.102500 ms)

========================================================================
Received Prepare
Registering precompiled user dll's ...
Registered in 0.001846 seconds.
Begin MonoManager ReloadAssembly
Native extension for WindowsStandalone target not found
Refreshing native plugins compatible for Editor in 0.97 ms, found 1 plugins.
Preloading 0 native plugins for Editor in 0.00 ms.
Invoked RoslynAnalysisRunner static constructor.
RoslynAnalysisRunner will not be running.
RoslynAnalysisRunner has terminated.
Mono: successfully reloaded assembly
- Completed reload, in  1.638 seconds
Platform modules already initialized, skipping
Refreshing native plugins compatible for Editor in 0.51 ms, found 1 plugins.
Preloading 0 native plugins for Editor in 0.00 ms.
Unloading 1819 Unused Serialized files (Serialized files now loaded: 0)
System memory in use before: 90.5 MB.
System memory in use after: 90.5 MB.

Unloading 12 unused Assets to reduce memory usage. Loaded Objects now: 2435.
Total: 4.004700 ms (FindLiveObjects: 0.280400 ms CreateObjectMapping: 0.125600 ms MarkObjects: 3.155700 ms  DeleteObjects: 0.440800 ms)

========================================================================
Received Import Request.
  Time since last request: 94.455305 seconds.
  path: Assets/Resources/walk.wav
  artifactKey: Guid(b224ea4077fd9804c825863a283d50a6) Importer(815301076,1909f56bfc062723c751e8b465ee728b)
Start importing Assets/Resources/walk.wav using Guid(b224ea4077fd9804c825863a283d50a6) Importer(815301076,1909f56bfc062723c751e8b465ee728b)  -> (artifact id: '7dc56e06786f9ec7c5321436f983b526') in 0.079285 seconds
  Import took 0.084011 seconds .

========================================================================
Received Prepare
Registering precompiled user dll's ...
Registered in 0.001404 seconds.
Begin MonoManager ReloadAssembly
Native extension for WindowsStandalone target not found
Refreshing native plugins compatible for Editor in 0.40 ms, found 1 plugins.
Preloading 0 native plugins for Editor in 0.00 ms.
Invoked RoslynAnalysisRunner static constructor.
RoslynAnalysisRunner will not be running.
RoslynAnalysisRunner has terminated.
Mono: successfully reloaded assembly
- Completed reload, in  0.889 seconds
Platform modules already initialized, skipping
Refreshing native plugins compatible for Editor in 0.41 ms, found 1 plugins.
Preloading 0 native plugins for Editor in 0.00 ms.
Unloading 1819 Unused Serialized files (Serialized files now loaded: 0)
System memory in use before: 90.5 MB.
System memory in use after: 90.5 MB.

Unloading 12 unused Assets to reduce memory usage. Loaded Objects now: 2440.
Total: 3.232100 ms (FindLiveObjects: 0.526600 ms CreateObjectMapping: 0.208100 ms MarkObjects: 2.361000 ms  DeleteObjects: 0.135000 ms)

========================================================================
Received Prepare
Registering precompiled user dll's ...
Registered in 0.001181 seconds.
Begin MonoManager ReloadAssembly
Native extension for WindowsStandalone target not found
Refreshing native plugins compatible for Editor in 0.46 ms, found 1 plugins.
Preloading 0 native plugins for Editor in 0.00 ms.
Invoked RoslynAnalysisRunner static constructor.
RoslynAnalysisRunner will not be running.
RoslynAnalysisRunner has terminated.
Mono: successfully reloaded assembly
- Completed reload, in  0.915 seconds
Platform modules already initialized, skipping
Refreshing native plugins compatible for Editor in 0.43 ms, found 1 plugins.
Preloading 0 native plugins for Editor in 0.00 ms.
Unloading 1819 Unused Serialized files (Serialized files now loaded: 0)
System memory in use before: 90.5 MB.
System memory in use after: 90.5 MB.

Unloading 12 unused Assets to reduce memory usage. Loaded Objects now: 2444.
Total: 2.634900 ms (FindLiveObjects: 0.259100 ms CreateObjectMapping: 0.105600 ms MarkObjects: 2.141500 ms  DeleteObjects: 0.127400 ms)

AssetImportWorkerClient::OnTransportError - code=2 error=End of file
